{"/Users/levigoldberg/Desktop/JC Lab/cognitive-apathy/src/calibration.js": {"path":"/Users/levigoldberg/Desktop/JC Lab/cognitive-apathy/src/calibration.js","statementMap":{"0":{"start":{"line":9,"column":38},"end":{"line":73,"column":1}},"1":{"start":{"line":10,"column":4},"end":{"line":72,"column":6}},"2":{"start":{"line":21,"column":38},"end":{"line":21,"column":54}},"3":{"start":{"line":22,"column":20},"end":{"line":27,"column":21}},"4":{"start":{"line":23,"column":24},"end":{"line":26,"column":67}},"5":{"start":{"line":28,"column":20},"end":{"line":28,"column":162}},"6":{"start":{"line":36,"column":47},"end":{"line":36,"column":100}},"7":{"start":{"line":38,"column":20},"end":{"line":38,"column":66}},"8":{"start":{"line":41,"column":20},"end":{"line":45,"column":21}},"9":{"start":{"line":42,"column":24},"end":{"line":44,"column":64}},"10":{"start":{"line":46,"column":20},"end":{"line":46,"column":97}},"11":{"start":{"line":47,"column":20},"end":{"line":47,"column":97}},"12":{"start":{"line":53,"column":20},"end":{"line":53,"column":84}},"13":{"start":{"line":62,"column":38},"end":{"line":64,"column":54}},"14":{"start":{"line":65,"column":37},"end":{"line":67,"column":49}},"15":{"start":{"line":68,"column":39},"end":{"line":68,"column":75}},"16":{"start":{"line":69,"column":12},"end":{"line":69,"column":93}},"17":{"start":{"line":70,"column":12},"end":{"line":70,"column":42}},"18":{"start":{"line":80,"column":49},"end":{"line":138,"column":1}},"19":{"start":{"line":81,"column":4},"end":{"line":137,"column":6}},"20":{"start":{"line":88,"column":20},"end":{"line":93,"column":21}},"21":{"start":{"line":89,"column":24},"end":{"line":89,"column":60}},"22":{"start":{"line":92,"column":24},"end":{"line":92,"column":60}},"23":{"start":{"line":94,"column":20},"end":{"line":94,"column":74}},"24":{"start":{"line":95,"column":20},"end":{"line":95,"column":80}},"25":{"start":{"line":114,"column":20},"end":{"line":123,"column":21}},"26":{"start":{"line":115,"column":24},"end":{"line":115,"column":120}},"27":{"start":{"line":116,"column":24},"end":{"line":116,"column":103}},"28":{"start":{"line":117,"column":24},"end":{"line":117,"column":95}},"29":{"start":{"line":120,"column":24},"end":{"line":120,"column":120}},"30":{"start":{"line":121,"column":24},"end":{"line":121,"column":103}},"31":{"start":{"line":122,"column":24},"end":{"line":122,"column":95}},"32":{"start":{"line":128,"column":12},"end":{"line":135,"column":13}},"33":{"start":{"line":129,"column":16},"end":{"line":129,"column":73}},"34":{"start":{"line":130,"column":16},"end":{"line":130,"column":74}},"35":{"start":{"line":133,"column":16},"end":{"line":133,"column":73}},"36":{"start":{"line":134,"column":16},"end":{"line":134,"column":74}},"37":{"start":{"line":139,"column":37},"end":{"line":149,"column":2}},"38":{"start":{"line":139,"column":57},"end":{"line":149,"column":2}},"39":{"start":{"line":150,"column":48},"end":{"line":155,"column":2}},"40":{"start":{"line":150,"column":68},"end":{"line":155,"column":2}},"41":{"start":{"line":156,"column":37},"end":{"line":166,"column":2}},"42":{"start":{"line":156,"column":57},"end":{"line":166,"column":2}},"43":{"start":{"line":167,"column":48},"end":{"line":172,"column":2}},"44":{"start":{"line":167,"column":68},"end":{"line":172,"column":2}}},"fnMap":{"0":{"name":"(anonymous_0)","decl":{"start":{"line":9,"column":38},"end":{"line":9,"column":39}},"loc":{"start":{"line":9,"column":118},"end":{"line":73,"column":1}},"line":9},"1":{"name":"(anonymous_1)","decl":{"start":{"line":19,"column":36},"end":{"line":19,"column":37}},"loc":{"start":{"line":19,"column":48},"end":{"line":29,"column":17}},"line":19},"2":{"name":"(anonymous_2)","decl":{"start":{"line":35,"column":26},"end":{"line":35,"column":27}},"loc":{"start":{"line":35,"column":43},"end":{"line":39,"column":17}},"line":35},"3":{"name":"(anonymous_3)","decl":{"start":{"line":40,"column":27},"end":{"line":40,"column":28}},"loc":{"start":{"line":40,"column":43},"end":{"line":48,"column":17}},"line":40},"4":{"name":"(anonymous_4)","decl":{"start":{"line":52,"column":38},"end":{"line":52,"column":39}},"loc":{"start":{"line":52,"column":50},"end":{"line":54,"column":17}},"line":52},"5":{"name":"(anonymous_5)","decl":{"start":{"line":61,"column":23},"end":{"line":61,"column":24}},"loc":{"start":{"line":61,"column":35},"end":{"line":71,"column":9}},"line":61},"6":{"name":"(anonymous_6)","decl":{"start":{"line":80,"column":49},"end":{"line":80,"column":50}},"loc":{"start":{"line":80,"column":102},"end":{"line":138,"column":1}},"line":80},"7":{"name":"(anonymous_7)","decl":{"start":{"line":86,"column":26},"end":{"line":86,"column":27}},"loc":{"start":{"line":86,"column":38},"end":{"line":96,"column":17}},"line":86},"8":{"name":"(anonymous_8)","decl":{"start":{"line":113,"column":38},"end":{"line":113,"column":39}},"loc":{"start":{"line":113,"column":50},"end":{"line":124,"column":17}},"line":113},"9":{"name":"(anonymous_9)","decl":{"start":{"line":127,"column":30},"end":{"line":127,"column":31}},"loc":{"start":{"line":127,"column":42},"end":{"line":136,"column":9}},"line":127},"10":{"name":"(anonymous_10)","decl":{"start":{"line":139,"column":37},"end":{"line":139,"column":38}},"loc":{"start":{"line":139,"column":57},"end":{"line":149,"column":2}},"line":139},"11":{"name":"(anonymous_11)","decl":{"start":{"line":150,"column":48},"end":{"line":150,"column":49}},"loc":{"start":{"line":150,"column":68},"end":{"line":155,"column":2}},"line":150},"12":{"name":"(anonymous_12)","decl":{"start":{"line":156,"column":37},"end":{"line":156,"column":38}},"loc":{"start":{"line":156,"column":57},"end":{"line":166,"column":2}},"line":156},"13":{"name":"(anonymous_13)","decl":{"start":{"line":167,"column":48},"end":{"line":167,"column":49}},"loc":{"start":{"line":167,"column":68},"end":{"line":172,"column":2}},"line":167}},"branchMap":{"0":{"loc":{"start":{"line":22,"column":20},"end":{"line":27,"column":21}},"type":"if","locations":[{"start":{"line":22,"column":20},"end":{"line":27,"column":21}},{"start":{},"end":{}}],"line":22},"1":{"loc":{"start":{"line":24,"column":28},"end":{"line":26,"column":66}},"type":"cond-expr","locations":[{"start":{"line":25,"column":34},"end":{"line":25,"column":55}},{"start":{"line":26,"column":34},"end":{"line":26,"column":66}}],"line":24},"2":{"loc":{"start":{"line":41,"column":20},"end":{"line":45,"column":21}},"type":"if","locations":[{"start":{"line":41,"column":20},"end":{"line":45,"column":21}},{"start":{},"end":{}}],"line":41},"3":{"loc":{"start":{"line":41,"column":24},"end":{"line":41,"column":74}},"type":"binary-expr","locations":[{"start":{"line":41,"column":24},"end":{"line":41,"column":46}},{"start":{"line":41,"column":50},"end":{"line":41,"column":74}}],"line":41},"4":{"loc":{"start":{"line":42,"column":24},"end":{"line":44,"column":63}},"type":"cond-expr","locations":[{"start":{"line":43,"column":30},"end":{"line":43,"column":63}},{"start":{"line":44,"column":30},"end":{"line":44,"column":63}}],"line":42},"5":{"loc":{"start":{"line":62,"column":38},"end":{"line":64,"column":54}},"type":"cond-expr","locations":[{"start":{"line":63,"column":18},"end":{"line":63,"column":57}},{"start":{"line":64,"column":18},"end":{"line":64,"column":54}}],"line":62},"6":{"loc":{"start":{"line":65,"column":37},"end":{"line":67,"column":49}},"type":"cond-expr","locations":[{"start":{"line":66,"column":18},"end":{"line":66,"column":49}},{"start":{"line":67,"column":18},"end":{"line":67,"column":49}}],"line":65},"7":{"loc":{"start":{"line":88,"column":20},"end":{"line":93,"column":21}},"type":"if","locations":[{"start":{"line":88,"column":20},"end":{"line":93,"column":21}},{"start":{"line":91,"column":25},"end":{"line":93,"column":21}}],"line":88},"8":{"loc":{"start":{"line":114,"column":20},"end":{"line":123,"column":21}},"type":"if","locations":[{"start":{"line":114,"column":20},"end":{"line":123,"column":21}},{"start":{"line":119,"column":25},"end":{"line":123,"column":21}}],"line":114},"9":{"loc":{"start":{"line":128,"column":12},"end":{"line":135,"column":13}},"type":"if","locations":[{"start":{"line":128,"column":12},"end":{"line":135,"column":13}},{"start":{"line":132,"column":17},"end":{"line":135,"column":13}}],"line":128}},"s":{"0":0,"1":0,"2":0,"3":0,"4":0,"5":0,"6":0,"7":0,"8":0,"9":0,"10":0,"11":0,"12":0,"13":0,"14":0,"15":0,"16":0,"17":0,"18":0,"19":0,"20":0,"21":0,"22":0,"23":0,"24":0,"25":0,"26":0,"27":0,"28":0,"29":0,"30":0,"31":0,"32":0,"33":0,"34":0,"35":0,"36":0,"37":0,"38":0,"39":0,"40":0,"41":0,"42":0,"43":0,"44":0},"f":{"0":0,"1":0,"2":0,"3":0,"4":0,"5":0,"6":0,"7":0,"8":0,"9":0,"10":0,"11":0,"12":0,"13":0},"b":{"0":[0,0],"1":[0,0],"2":[0,0],"3":[0,0],"4":[0,0],"5":[0,0],"6":[0,0],"7":[0,0],"8":[0,0],"9":[0,0]}}
,"/Users/levigoldberg/Desktop/JC Lab/cognitive-apathy/src/calibration.ts": {"path":"/Users/levigoldberg/Desktop/JC Lab/cognitive-apathy/src/calibration.ts","statementMap":{"0":{"start":{"line":1,"column":0},"end":{"line":1,"column":80}},"1":{"start":{"line":2,"column":0},"end":{"line":2,"column":null}},"2":{"start":{"line":13,"column":0},"end":{"line":13,"column":66}},"3":{"start":{"line":14,"column":0},"end":{"line":14,"column":48}},"4":{"start":{"line":15,"column":0},"end":{"line":15,"column":54}},"5":{"start":{"line":16,"column":0},"end":{"line":16,"column":49}},"6":{"start":{"line":17,"column":0},"end":{"line":17,"column":32}},"7":{"start":{"line":18,"column":0},"end":{"line":18,"column":81}},"8":{"start":{"line":22,"column":38},"end":{"line":113,"column":1}},"9":{"start":{"line":30,"column":2},"end":{"line":112,"column":4}},"10":{"start":{"line":41,"column":28},"end":{"line":41,"column":44}},"11":{"start":{"line":42,"column":10},"end":{"line":47,"column":11}},"12":{"start":{"line":43,"column":12},"end":{"line":46,"column":51}},"13":{"start":{"line":48,"column":10},"end":{"line":54,"column":12}},"14":{"start":{"line":62,"column":37},"end":{"line":65,"column":null}},"15":{"start":{"line":68,"column":10},"end":{"line":68,"column":56}},"16":{"start":{"line":71,"column":10},"end":{"line":75,"column":11}},"17":{"start":{"line":72,"column":12},"end":{"line":74,"column":50}},"18":{"start":{"line":76,"column":10},"end":{"line":78,"column":12}},"19":{"start":{"line":79,"column":10},"end":{"line":81,"column":12}},"20":{"start":{"line":87,"column":10},"end":{"line":87,"column":74}},"21":{"start":{"line":97,"column":8},"end":{"line":99,"column":48}},"22":{"start":{"line":102,"column":8},"end":{"line":104,"column":43}},"23":{"start":{"line":106,"column":33},"end":{"line":106,"column":69}},"24":{"start":{"line":107,"column":6},"end":{"line":109,"column":8}},"25":{"start":{"line":110,"column":6},"end":{"line":110,"column":36}},"26":{"start":{"line":22,"column":13},"end":{"line":22,"column":38}},"27":{"start":{"line":121,"column":49},"end":{"line":197,"column":1}},"28":{"start":{"line":127,"column":2},"end":{"line":196,"column":4}},"29":{"start":{"line":134,"column":10},"end":{"line":138,"column":11}},"30":{"start":{"line":135,"column":12},"end":{"line":135,"column":48}},"31":{"start":{"line":137,"column":12},"end":{"line":137,"column":48}},"32":{"start":{"line":139,"column":10},"end":{"line":139,"column":64}},"33":{"start":{"line":140,"column":10},"end":{"line":140,"column":70}},"34":{"start":{"line":159,"column":10},"end":{"line":183,"column":11}},"35":{"start":{"line":160,"column":12},"end":{"line":164,"column":14}},"36":{"start":{"line":165,"column":12},"end":{"line":167,"column":14}},"37":{"start":{"line":168,"column":12},"end":{"line":170,"column":14}},"38":{"start":{"line":172,"column":12},"end":{"line":176,"column":14}},"39":{"start":{"line":177,"column":12},"end":{"line":179,"column":14}},"40":{"start":{"line":180,"column":12},"end":{"line":182,"column":14}},"41":{"start":{"line":188,"column":6},"end":{"line":194,"column":7}},"42":{"start":{"line":189,"column":8},"end":{"line":189,"column":65}},"43":{"start":{"line":190,"column":8},"end":{"line":190,"column":66}},"44":{"start":{"line":192,"column":8},"end":{"line":192,"column":65}},"45":{"start":{"line":193,"column":8},"end":{"line":193,"column":66}},"46":{"start":{"line":121,"column":13},"end":{"line":121,"column":49}},"47":{"start":{"line":199,"column":37},"end":{"line":210,"column":4}},"48":{"start":{"line":200,"column":2},"end":{"line":210,"column":4}},"49":{"start":{"line":199,"column":13},"end":{"line":199,"column":37}},"50":{"start":{"line":212,"column":48},"end":{"line":220,"column":2}},"51":{"start":{"line":215,"column":5},"end":{"line":220,"column":2}},"52":{"start":{"line":212,"column":13},"end":{"line":212,"column":48}},"53":{"start":{"line":222,"column":37},"end":{"line":233,"column":4}},"54":{"start":{"line":223,"column":2},"end":{"line":233,"column":4}},"55":{"start":{"line":222,"column":13},"end":{"line":222,"column":37}},"56":{"start":{"line":235,"column":48},"end":{"line":243,"column":2}},"57":{"start":{"line":238,"column":5},"end":{"line":243,"column":2}},"58":{"start":{"line":235,"column":13},"end":{"line":235,"column":48}}},"fnMap":{"0":{"name":"(anonymous_1)","decl":{"start":{"line":22,"column":38},"end":{"line":22,"column":39}},"loc":{"start":{"line":29,"column":29},"end":{"line":113,"column":1}}},"1":{"name":"(anonymous_2)","decl":{"start":{"line":39,"column":28},"end":{"line":39,"column":null}},"loc":{"start":{"line":39,"column":28},"end":{"line":55,"column":9}}},"2":{"name":"(anonymous_3)","decl":{"start":{"line":61,"column":18},"end":{"line":61,"column":28}},"loc":{"start":{"line":61,"column":38},"end":{"line":69,"column":9}}},"3":{"name":"(anonymous_4)","decl":{"start":{"line":70,"column":19},"end":{"line":70,"column":29}},"loc":{"start":{"line":70,"column":38},"end":{"line":82,"column":9}}},"4":{"name":"(anonymous_5)","decl":{"start":{"line":86,"column":30},"end":{"line":86,"column":null}},"loc":{"start":{"line":86,"column":30},"end":{"line":88,"column":9}}},"5":{"name":"(anonymous_6)","decl":{"start":{"line":95,"column":19},"end":{"line":95,"column":null}},"loc":{"start":{"line":95,"column":19},"end":{"line":111,"column":5}}},"6":{"name":"(anonymous_7)","decl":{"start":{"line":121,"column":49},"end":{"line":121,"column":50}},"loc":{"start":{"line":126,"column":40},"end":{"line":197,"column":1}}},"7":{"name":"(anonymous_8)","decl":{"start":{"line":132,"column":18},"end":{"line":132,"column":null}},"loc":{"start":{"line":132,"column":18},"end":{"line":141,"column":9}}},"8":{"name":"(anonymous_9)","decl":{"start":{"line":158,"column":30},"end":{"line":158,"column":null}},"loc":{"start":{"line":158,"column":30},"end":{"line":184,"column":9}}},"9":{"name":"(anonymous_10)","decl":{"start":{"line":187,"column":26},"end":{"line":187,"column":null}},"loc":{"start":{"line":187,"column":26},"end":{"line":195,"column":5}}},"10":{"name":"(anonymous_11)","decl":{"start":{"line":199,"column":37},"end":{"line":199,"column":38}},"loc":{"start":{"line":200,"column":2},"end":{"line":210,"column":4}}},"11":{"name":"(anonymous_12)","decl":{"start":{"line":212,"column":48},"end":{"line":212,"column":null}},"loc":{"start":{"line":215,"column":5},"end":{"line":220,"column":2}}},"12":{"name":"(anonymous_13)","decl":{"start":{"line":222,"column":37},"end":{"line":222,"column":38}},"loc":{"start":{"line":223,"column":2},"end":{"line":233,"column":4}}},"13":{"name":"(anonymous_14)","decl":{"start":{"line":235,"column":48},"end":{"line":235,"column":null}},"loc":{"start":{"line":238,"column":5},"end":{"line":243,"column":2}}}},"branchMap":{"0":{"loc":{"start":{"line":42,"column":10},"end":{"line":47,"column":11}},"type":"if","locations":[{"start":{"line":42,"column":10},"end":{"line":47,"column":11}}]},"1":{"loc":{"start":{"line":44,"column":14},"end":{"line":46,"column":50}},"type":"cond-expr","locations":[{"start":{"line":45,"column":18},"end":{"line":45,"column":39}},{"start":{"line":46,"column":18},"end":{"line":46,"column":50}}]},"2":{"loc":{"start":{"line":71,"column":10},"end":{"line":75,"column":11}},"type":"if","locations":[{"start":{"line":71,"column":10},"end":{"line":75,"column":11}}]},"3":{"loc":{"start":{"line":71,"column":14},"end":{"line":71,"column":64}},"type":"binary-expr","locations":[{"start":{"line":71,"column":14},"end":{"line":71,"column":36}},{"start":{"line":71,"column":40},"end":{"line":71,"column":64}}]},"4":{"loc":{"start":{"line":72,"column":12},"end":{"line":74,"column":49}},"type":"cond-expr","locations":[{"start":{"line":73,"column":16},"end":{"line":73,"column":49}},{"start":{"line":74,"column":16},"end":{"line":74,"column":49}}]},"5":{"loc":{"start":{"line":97,"column":8},"end":{"line":99,"column":48}},"type":"cond-expr","locations":[{"start":{"line":98,"column":12},"end":{"line":98,"column":51}},{"start":{"line":99,"column":12},"end":{"line":99,"column":48}}]},"6":{"loc":{"start":{"line":102,"column":8},"end":{"line":104,"column":43}},"type":"cond-expr","locations":[{"start":{"line":103,"column":12},"end":{"line":103,"column":43}},{"start":{"line":104,"column":12},"end":{"line":104,"column":43}}]},"7":{"loc":{"start":{"line":134,"column":10},"end":{"line":138,"column":11}},"type":"if","locations":[{"start":{"line":134,"column":10},"end":{"line":138,"column":11}},{"start":{"line":136,"column":17},"end":{"line":138,"column":11}}]},"8":{"loc":{"start":{"line":159,"column":10},"end":{"line":183,"column":11}},"type":"if","locations":[{"start":{"line":159,"column":10},"end":{"line":183,"column":11}},{"start":{"line":171,"column":17},"end":{"line":183,"column":11}}]},"9":{"loc":{"start":{"line":188,"column":6},"end":{"line":194,"column":7}},"type":"if","locations":[{"start":{"line":188,"column":6},"end":{"line":194,"column":7}},{"start":{"line":191,"column":13},"end":{"line":194,"column":7}}]}},"s":{"0":0,"1":0,"2":0,"3":0,"4":0,"5":0,"6":0,"7":0,"8":0,"9":0,"10":0,"11":0,"12":0,"13":0,"14":0,"15":0,"16":0,"17":0,"18":0,"19":0,"20":0,"21":0,"22":0,"23":0,"24":0,"25":0,"26":0,"27":0,"28":0,"29":0,"30":0,"31":0,"32":0,"33":0,"34":0,"35":0,"36":0,"37":0,"38":0,"39":0,"40":0,"41":0,"42":0,"43":0,"44":0,"45":0,"46":0,"47":0,"48":0,"49":0,"50":0,"51":0,"52":0,"53":0,"54":0,"55":0,"56":0,"57":0,"58":0},"f":{"0":0,"1":0,"2":0,"3":0,"4":0,"5":0,"6":0,"7":0,"8":0,"9":0,"10":0,"11":0,"12":0,"13":0},"b":{"0":[0],"1":[0,0],"2":[0],"3":[0,0],"4":[0,0],"5":[0,0],"6":[0,0],"7":[0,0],"8":[0,0],"9":[0,0]}}
,"/Users/levigoldberg/Desktop/JC Lab/cognitive-apathy/src/constants.js": {"path":"/Users/levigoldberg/Desktop/JC Lab/cognitive-apathy/src/constants.js","statementMap":{"0":{"start":{"line":3,"column":36},"end":{"line":3,"column":38}},"1":{"start":{"line":4,"column":37},"end":{"line":4,"column":38}},"2":{"start":{"line":5,"column":36},"end":{"line":5,"column":37}},"3":{"start":{"line":6,"column":34},"end":{"line":6,"column":37}},"4":{"start":{"line":7,"column":36},"end":{"line":7,"column":38}},"5":{"start":{"line":8,"column":42},"end":{"line":8,"column":45}},"6":{"start":{"line":9,"column":43},"end":{"line":9,"column":46}},"7":{"start":{"line":10,"column":28},"end":{"line":10,"column":43}},"8":{"start":{"line":11,"column":28},"end":{"line":11,"column":31}},"9":{"start":{"line":12,"column":27},"end":{"line":12,"column":45}},"10":{"start":{"line":13,"column":30},"end":{"line":13,"column":59}},"11":{"start":{"line":14,"column":28},"end":{"line":14,"column":69}},"12":{"start":{"line":15,"column":30},"end":{"line":15,"column":73}},"13":{"start":{"line":16,"column":27},"end":{"line":16,"column":35}},"14":{"start":{"line":17,"column":29},"end":{"line":17,"column":37}},"15":{"start":{"line":18,"column":27},"end":{"line":18,"column":35}},"16":{"start":{"line":19,"column":29},"end":{"line":19,"column":70}},"17":{"start":{"line":20,"column":55},"end":{"line":20,"column":56}},"18":{"start":{"line":21,"column":52},"end":{"line":21,"column":53}},"19":{"start":{"line":22,"column":38},"end":{"line":23,"column":40}},"20":{"start":{"line":24,"column":42},"end":{"line":24,"column":44}},"21":{"start":{"line":25,"column":59},"end":{"line":25,"column":61}},"22":{"start":{"line":26,"column":37},"end":{"line":26,"column":38}},"23":{"start":{"line":27,"column":43},"end":{"line":27,"column":44}},"24":{"start":{"line":28,"column":31},"end":{"line":28,"column":32}},"25":{"start":{"line":29,"column":33},"end":{"line":29,"column":34}},"26":{"start":{"line":30,"column":49},"end":{"line":30,"column":53}},"27":{"start":{"line":31,"column":26},"end":{"line":31,"column":28}},"28":{"start":{"line":32,"column":30},"end":{"line":32,"column":34}},"29":{"start":{"line":33,"column":38},"end":{"line":39,"column":3}},"30":{"start":{"line":36,"column":30},"end":{"line":39,"column":1}},"31":{"start":{"line":40,"column":44},"end":{"line":40,"column":98}},"32":{"start":{"line":41,"column":27},"end":{"line":41,"column":30}},"33":{"start":{"line":42,"column":39},"end":{"line":42,"column":42}},"34":{"start":{"line":43,"column":30},"end":{"line":43,"column":31}},"35":{"start":{"line":44,"column":48},"end":{"line":44,"column":52}},"36":{"start":{"line":45,"column":43},"end":{"line":45,"column":47}},"37":{"start":{"line":46,"column":31},"end":{"line":46,"column":33}},"38":{"start":{"line":48,"column":41},"end":{"line":48,"column":76}},"39":{"start":{"line":49,"column":41},"end":{"line":49,"column":76}},"40":{"start":{"line":50,"column":45},"end":{"line":55,"column":2}},"41":{"start":{"line":56,"column":56},"end":{"line":61,"column":2}},"42":{"start":{"line":62,"column":49},"end":{"line":62,"column":92}},"43":{"start":{"line":63,"column":45},"end":{"line":63,"column":84}},"44":{"start":{"line":64,"column":39},"end":{"line":64,"column":72}},"45":{"start":{"line":65,"column":49},"end":{"line":65,"column":92}},"46":{"start":{"line":66,"column":47},"end":{"line":66,"column":88}},"47":{"start":{"line":67,"column":37},"end":{"line":67,"column":68}},"48":{"start":{"line":68,"column":51},"end":{"line":68,"column":96}},"49":{"start":{"line":69,"column":31},"end":{"line":69,"column":56}},"50":{"start":{"line":70,"column":48},"end":{"line":70,"column":90}},"51":{"start":{"line":71,"column":33},"end":{"line":75,"column":2}},"52":{"start":{"line":76,"column":40},"end":{"line":76,"column":74}},"53":{"start":{"line":77,"column":36},"end":{"line":77,"column":66}},"54":{"start":{"line":78,"column":36},"end":{"line":78,"column":120}},"55":{"start":{"line":78,"column":63},"end":{"line":78,"column":120}},"56":{"start":{"line":79,"column":34},"end":{"line":79,"column":62}},"57":{"start":{"line":80,"column":49},"end":{"line":85,"column":2}},"58":{"start":{"line":86,"column":46},"end":{"line":88,"column":2}},"59":{"start":{"line":89,"column":49},"end":{"line":91,"column":2}},"60":{"start":{"line":92,"column":53},"end":{"line":97,"column":2}},"61":{"start":{"line":98,"column":36},"end":{"line":100,"column":2}},"62":{"start":{"line":101,"column":34},"end":{"line":101,"column":62}},"63":{"start":{"line":102,"column":40},"end":{"line":102,"column":74}},"64":{"start":{"line":103,"column":37},"end":{"line":103,"column":68}},"65":{"start":{"line":104,"column":28},"end":{"line":104,"column":50}},"66":{"start":{"line":105,"column":31},"end":{"line":105,"column":56}},"67":{"start":{"line":106,"column":26},"end":{"line":106,"column":46}},"68":{"start":{"line":107,"column":35},"end":{"line":107,"column":64}},"69":{"start":{"line":108,"column":39},"end":{"line":108,"column":72}},"70":{"start":{"line":109,"column":39},"end":{"line":109,"column":72}},"71":{"start":{"line":110,"column":36},"end":{"line":110,"column":66}},"72":{"start":{"line":111,"column":32},"end":{"line":117,"column":1}},"73":{"start":{"line":118,"column":41},"end":{"line":122,"column":1}},"74":{"start":{"line":123,"column":41},"end":{"line":129,"column":1}}},"fnMap":{"0":{"name":"(anonymous_0)","decl":{"start":{"line":36,"column":7},"end":{"line":36,"column":8}},"loc":{"start":{"line":36,"column":30},"end":{"line":39,"column":1}},"line":36},"1":{"name":"(anonymous_1)","decl":{"start":{"line":78,"column":36},"end":{"line":78,"column":37}},"loc":{"start":{"line":78,"column":63},"end":{"line":78,"column":120}},"line":78}},"branchMap":{},"s":{"0":0,"1":0,"2":0,"3":0,"4":0,"5":0,"6":0,"7":0,"8":0,"9":0,"10":0,"11":0,"12":0,"13":0,"14":0,"15":0,"16":0,"17":0,"18":0,"19":0,"20":0,"21":0,"22":0,"23":0,"24":0,"25":0,"26":0,"27":0,"28":0,"29":0,"30":0,"31":0,"32":0,"33":0,"34":0,"35":0,"36":0,"37":0,"38":0,"39":0,"40":0,"41":0,"42":0,"43":0,"44":0,"45":0,"46":0,"47":0,"48":0,"49":0,"50":0,"51":0,"52":0,"53":0,"54":0,"55":0,"56":0,"57":0,"58":0,"59":0,"60":0,"61":0,"62":0,"63":0,"64":0,"65":0,"66":0,"67":0,"68":0,"69":0,"70":0,"71":0,"72":0,"73":0,"74":0},"f":{"0":0,"1":0},"b":{}}
,"/Users/levigoldberg/Desktop/JC Lab/cognitive-apathy/src/constants.ts": {"path":"/Users/levigoldberg/Desktop/JC Lab/cognitive-apathy/src/constants.ts","statementMap":{"0":{"start":{"line":1,"column":0},"end":{"line":1,"column":43}},"1":{"start":{"line":2,"column":0},"end":{"line":2,"column":26}},"2":{"start":{"line":4,"column":13},"end":{"line":4,"column":39}},"3":{"start":{"line":5,"column":13},"end":{"line":5,"column":39}},"4":{"start":{"line":7,"column":13},"end":{"line":7,"column":38}},"5":{"start":{"line":8,"column":13},"end":{"line":8,"column":38}},"6":{"start":{"line":9,"column":13},"end":{"line":9,"column":39}},"7":{"start":{"line":10,"column":13},"end":{"line":10,"column":46}},"8":{"start":{"line":11,"column":13},"end":{"line":11,"column":47}},"9":{"start":{"line":12,"column":13},"end":{"line":12,"column":44}},"10":{"start":{"line":13,"column":13},"end":{"line":13,"column":32}},"11":{"start":{"line":15,"column":13},"end":{"line":15,"column":46}},"12":{"start":{"line":16,"column":13},"end":{"line":16,"column":60}},"13":{"start":{"line":17,"column":13},"end":{"line":17,"column":70}},"14":{"start":{"line":18,"column":13},"end":{"line":18,"column":74}},"15":{"start":{"line":20,"column":13},"end":{"line":20,"column":36}},"16":{"start":{"line":21,"column":13},"end":{"line":21,"column":38}},"17":{"start":{"line":22,"column":13},"end":{"line":22,"column":36}},"18":{"start":{"line":23,"column":13},"end":{"line":23,"column":71}},"19":{"start":{"line":25,"column":13},"end":{"line":25,"column":57}},"20":{"start":{"line":26,"column":13},"end":{"line":26,"column":54}},"21":{"start":{"line":27,"column":13},"end":{"line":29,"column":39}},"22":{"start":{"line":30,"column":13},"end":{"line":30,"column":45}},"23":{"start":{"line":31,"column":13},"end":{"line":31,"column":62}},"24":{"start":{"line":33,"column":13},"end":{"line":33,"column":39}},"25":{"start":{"line":34,"column":13},"end":{"line":34,"column":45}},"26":{"start":{"line":36,"column":13},"end":{"line":36,"column":33}},"27":{"start":{"line":37,"column":13},"end":{"line":37,"column":35}},"28":{"start":{"line":38,"column":13},"end":{"line":38,"column":54}},"29":{"start":{"line":40,"column":13},"end":{"line":40,"column":29}},"30":{"start":{"line":41,"column":13},"end":{"line":41,"column":35}},"31":{"start":{"line":42,"column":13},"end":{"line":48,"column":4}},"32":{"start":{"line":45,"column":30},"end":{"line":48,"column":2}},"33":{"start":{"line":49,"column":13},"end":{"line":51,"column":2}},"34":{"start":{"line":53,"column":13},"end":{"line":53,"column":31}},"35":{"start":{"line":54,"column":13},"end":{"line":54,"column":43}},"36":{"start":{"line":55,"column":13},"end":{"line":55,"column":32}},"37":{"start":{"line":56,"column":13},"end":{"line":56,"column":53}},"38":{"start":{"line":57,"column":13},"end":{"line":57,"column":48}},"39":{"start":{"line":58,"column":13},"end":{"line":58,"column":34}},"40":{"start":{"line":61,"column":13},"end":{"line":61,"column":77}},"41":{"start":{"line":62,"column":13},"end":{"line":62,"column":77}},"42":{"start":{"line":63,"column":13},"end":{"line":68,"column":3}},"43":{"start":{"line":69,"column":13},"end":{"line":74,"column":3}},"44":{"start":{"line":75,"column":13},"end":{"line":75,"column":93}},"45":{"start":{"line":76,"column":13},"end":{"line":76,"column":85}},"46":{"start":{"line":77,"column":13},"end":{"line":77,"column":73}},"47":{"start":{"line":78,"column":13},"end":{"line":78,"column":93}},"48":{"start":{"line":79,"column":13},"end":{"line":79,"column":89}},"49":{"start":{"line":80,"column":13},"end":{"line":80,"column":69}},"50":{"start":{"line":81,"column":13},"end":{"line":81,"column":97}},"51":{"start":{"line":82,"column":13},"end":{"line":82,"column":57}},"52":{"start":{"line":83,"column":13},"end":{"line":83,"column":91}},"53":{"start":{"line":84,"column":13},"end":{"line":88,"column":3}},"54":{"start":{"line":89,"column":13},"end":{"line":89,"column":75}},"55":{"start":{"line":90,"column":13},"end":{"line":90,"column":67}},"56":{"start":{"line":91,"column":36},"end":{"line":92,"column":59}},"57":{"start":{"line":92,"column":2},"end":{"line":92,"column":59}},"58":{"start":{"line":91,"column":13},"end":{"line":91,"column":36}},"59":{"start":{"line":94,"column":13},"end":{"line":94,"column":63}},"60":{"start":{"line":95,"column":13},"end":{"line":100,"column":3}},"61":{"start":{"line":101,"column":13},"end":{"line":103,"column":3}},"62":{"start":{"line":104,"column":13},"end":{"line":106,"column":3}},"63":{"start":{"line":107,"column":13},"end":{"line":112,"column":3}},"64":{"start":{"line":113,"column":13},"end":{"line":115,"column":3}},"65":{"start":{"line":116,"column":13},"end":{"line":116,"column":63}},"66":{"start":{"line":117,"column":13},"end":{"line":117,"column":75}},"67":{"start":{"line":118,"column":13},"end":{"line":118,"column":69}},"68":{"start":{"line":119,"column":13},"end":{"line":119,"column":51}},"69":{"start":{"line":120,"column":13},"end":{"line":120,"column":57}},"70":{"start":{"line":121,"column":13},"end":{"line":121,"column":null}},"71":{"start":{"line":122,"column":13},"end":{"line":122,"column":null}},"72":{"start":{"line":123,"column":13},"end":{"line":123,"column":null}},"73":{"start":{"line":124,"column":13},"end":{"line":124,"column":null}},"74":{"start":{"line":125,"column":13},"end":{"line":125,"column":null}},"75":{"start":{"line":126,"column":13},"end":{"line":132,"column":2}},"76":{"start":{"line":133,"column":13},"end":{"line":137,"column":2}},"77":{"start":{"line":138,"column":13},"end":{"line":144,"column":2}}},"fnMap":{"0":{"name":"(anonymous_1)","decl":{"start":{"line":45,"column":7},"end":{"line":45,"column":8}},"loc":{"start":{"line":45,"column":30},"end":{"line":48,"column":2}}},"1":{"name":"(anonymous_2)","decl":{"start":{"line":91,"column":36},"end":{"line":91,"column":37}},"loc":{"start":{"line":92,"column":2},"end":{"line":92,"column":59}}}},"branchMap":{},"s":{"0":0,"1":0,"2":0,"3":0,"4":0,"5":0,"6":0,"7":0,"8":0,"9":0,"10":0,"11":0,"12":0,"13":0,"14":0,"15":0,"16":0,"17":0,"18":0,"19":0,"20":0,"21":0,"22":0,"23":0,"24":0,"25":0,"26":0,"27":0,"28":0,"29":0,"30":0,"31":0,"32":0,"33":0,"34":0,"35":0,"36":0,"37":0,"38":0,"39":0,"40":0,"41":0,"42":0,"43":0,"44":0,"45":0,"46":0,"47":0,"48":0,"49":0,"50":0,"51":0,"52":0,"53":0,"54":0,"55":0,"56":0,"57":0,"58":0,"59":0,"60":0,"61":0,"62":0,"63":0,"64":0,"65":0,"66":0,"67":0,"68":0,"69":0,"70":0,"71":0,"72":0,"73":0,"74":0,"75":0,"76":0,"77":0},"f":{"0":0,"1":0},"b":{}}
,"/Users/levigoldberg/Desktop/JC Lab/cognitive-apathy/src/countdown.js": {"path":"/Users/levigoldberg/Desktop/JC Lab/cognitive-apathy/src/countdown.js","statementMap":{"0":{"start":{"line":6,"column":18},"end":{"line":44,"column":5}},"1":{"start":{"line":47,"column":8},"end":{"line":47,"column":31}},"2":{"start":{"line":50,"column":8},"end":{"line":50,"column":61}},"3":{"start":{"line":51,"column":24},"end":{"line":51,"column":26}},"4":{"start":{"line":52,"column":8},"end":{"line":52,"column":90}},"5":{"start":{"line":52,"column":51},"end":{"line":52,"column":87}},"6":{"start":{"line":53,"column":26},"end":{"line":53,"column":31}},"7":{"start":{"line":54,"column":23},"end":{"line":54,"column":27}},"8":{"start":{"line":58,"column":33},"end":{"line":58,"column":62}},"9":{"start":{"line":59,"column":8},"end":{"line":59,"column":50}},"10":{"start":{"line":60,"column":8},"end":{"line":60,"column":51}},"11":{"start":{"line":61,"column":8},"end":{"line":61,"column":53}},"12":{"start":{"line":62,"column":36},"end":{"line":62,"column":65}},"13":{"start":{"line":63,"column":8},"end":{"line":63,"column":56}},"14":{"start":{"line":64,"column":8},"end":{"line":64,"column":56}},"15":{"start":{"line":65,"column":31},"end":{"line":65,"column":60}},"16":{"start":{"line":66,"column":8},"end":{"line":66,"column":46}},"17":{"start":{"line":67,"column":8},"end":{"line":67,"column":51}},"18":{"start":{"line":68,"column":8},"end":{"line":101,"column":9}},"19":{"start":{"line":69,"column":46},"end":{"line":69,"column":76}},"20":{"start":{"line":70,"column":12},"end":{"line":70,"column":40}},"21":{"start":{"line":71,"column":12},"end":{"line":71,"column":59}},"22":{"start":{"line":72,"column":12},"end":{"line":72,"column":39}},"23":{"start":{"line":73,"column":12},"end":{"line":73,"column":45}},"24":{"start":{"line":74,"column":12},"end":{"line":74,"column":53}},"25":{"start":{"line":75,"column":12},"end":{"line":75,"column":47}},"26":{"start":{"line":76,"column":12},"end":{"line":76,"column":52}},"27":{"start":{"line":78,"column":12},"end":{"line":87,"column":15}},"28":{"start":{"line":79,"column":28},"end":{"line":79,"column":51}},"29":{"start":{"line":80,"column":16},"end":{"line":86,"column":17}},"30":{"start":{"line":81,"column":20},"end":{"line":81,"column":72}},"31":{"start":{"line":82,"column":35},"end":{"line":82,"column":85}},"32":{"start":{"line":83,"column":20},"end":{"line":85,"column":21}},"33":{"start":{"line":84,"column":24},"end":{"line":84,"column":64}},"34":{"start":{"line":88,"column":12},"end":{"line":96,"column":15}},"35":{"start":{"line":89,"column":28},"end":{"line":89,"column":51}},"36":{"start":{"line":90,"column":31},"end":{"line":90,"column":81}},"37":{"start":{"line":91,"column":16},"end":{"line":95,"column":17}},"38":{"start":{"line":92,"column":20},"end":{"line":92,"column":63}},"39":{"start":{"line":93,"column":20},"end":{"line":93,"column":54}},"40":{"start":{"line":94,"column":20},"end":{"line":94,"column":44}},"41":{"start":{"line":98,"column":12},"end":{"line":100,"column":15}},"42":{"start":{"line":99,"column":16},"end":{"line":99,"column":62}},"43":{"start":{"line":102,"column":31},"end":{"line":117,"column":9}},"44":{"start":{"line":103,"column":12},"end":{"line":103,"column":96}},"45":{"start":{"line":103,"column":66},"end":{"line":103,"column":94}},"46":{"start":{"line":104,"column":12},"end":{"line":116,"column":13}},"47":{"start":{"line":105,"column":16},"end":{"line":105,"column":48}},"48":{"start":{"line":106,"column":16},"end":{"line":106,"column":81}},"49":{"start":{"line":107,"column":16},"end":{"line":107,"column":33}},"50":{"start":{"line":109,"column":17},"end":{"line":116,"column":13}},"51":{"start":{"line":110,"column":16},"end":{"line":110,"column":40}},"52":{"start":{"line":111,"column":16},"end":{"line":111,"column":32}},"53":{"start":{"line":112,"column":16},"end":{"line":112,"column":58}},"54":{"start":{"line":113,"column":16},"end":{"line":113,"column":59}},"55":{"start":{"line":114,"column":16},"end":{"line":114,"column":51}},"56":{"start":{"line":115,"column":16},"end":{"line":115,"column":46}},"57":{"start":{"line":118,"column":30},"end":{"line":127,"column":9}},"58":{"start":{"line":119,"column":24},"end":{"line":119,"column":47}},"59":{"start":{"line":120,"column":12},"end":{"line":123,"column":13}},"60":{"start":{"line":121,"column":16},"end":{"line":121,"column":38}},"61":{"start":{"line":122,"column":16},"end":{"line":122,"column":33}},"62":{"start":{"line":124,"column":12},"end":{"line":126,"column":13}},"63":{"start":{"line":125,"column":16},"end":{"line":125,"column":48}},"64":{"start":{"line":128,"column":28},"end":{"line":134,"column":9}},"65":{"start":{"line":129,"column":24},"end":{"line":129,"column":47}},"66":{"start":{"line":130,"column":12},"end":{"line":133,"column":13}},"67":{"start":{"line":131,"column":16},"end":{"line":131,"column":39}},"68":{"start":{"line":132,"column":16},"end":{"line":132,"column":33}},"69":{"start":{"line":135,"column":31},"end":{"line":154,"column":9}},"70":{"start":{"line":136,"column":29},"end":{"line":136,"column":50}},"71":{"start":{"line":137,"column":32},"end":{"line":137,"column":49}},"72":{"start":{"line":138,"column":30},"end":{"line":138,"column":47}},"73":{"start":{"line":139,"column":12},"end":{"line":141,"column":8}},"74":{"start":{"line":142,"column":33},"end":{"line":142,"column":65}},"75":{"start":{"line":143,"column":12},"end":{"line":153,"column":20}},"76":{"start":{"line":144,"column":33},"end":{"line":144,"column":75}},"77":{"start":{"line":145,"column":16},"end":{"line":152,"column":17}},"78":{"start":{"line":146,"column":20},"end":{"line":146,"column":44}},"79":{"start":{"line":147,"column":20},"end":{"line":147,"column":36}},"80":{"start":{"line":148,"column":20},"end":{"line":148,"column":31}},"81":{"start":{"line":151,"column":20},"end":{"line":151,"column":66}},"82":{"start":{"line":155,"column":27},"end":{"line":159,"column":9}},"83":{"start":{"line":156,"column":28},"end":{"line":156,"column":56}},"84":{"start":{"line":157,"column":28},"end":{"line":157,"column":75}},"85":{"start":{"line":158,"column":12},"end":{"line":158,"column":71}},"86":{"start":{"line":160,"column":25},"end":{"line":171,"column":9}},"87":{"start":{"line":161,"column":12},"end":{"line":161,"column":67}},"88":{"start":{"line":162,"column":12},"end":{"line":162,"column":63}},"89":{"start":{"line":163,"column":30},"end":{"line":167,"column":13}},"90":{"start":{"line":168,"column":12},"end":{"line":168,"column":42}},"91":{"start":{"line":169,"column":12},"end":{"line":169,"column":48}},"92":{"start":{"line":170,"column":12},"end":{"line":170,"column":61}},"93":{"start":{"line":172,"column":25},"end":{"line":174,"column":9}},"94":{"start":{"line":173,"column":12},"end":{"line":173,"column":35}},"95":{"start":{"line":175,"column":8},"end":{"line":175,"column":60}},"96":{"start":{"line":176,"column":8},"end":{"line":176,"column":56}},"97":{"start":{"line":177,"column":8},"end":{"line":177,"column":50}},"98":{"start":{"line":180,"column":29},"end":{"line":198,"column":1}}},"fnMap":{"0":{"name":"(anonymous_0)","decl":{"start":{"line":46,"column":4},"end":{"line":46,"column":5}},"loc":{"start":{"line":46,"column":25},"end":{"line":48,"column":5}},"line":46},"1":{"name":"(anonymous_1)","decl":{"start":{"line":49,"column":4},"end":{"line":49,"column":5}},"loc":{"start":{"line":49,"column":33},"end":{"line":178,"column":5}},"line":49},"2":{"name":"(anonymous_2)","decl":{"start":{"line":52,"column":41},"end":{"line":52,"column":42}},"loc":{"start":{"line":52,"column":51},"end":{"line":52,"column":87}},"line":52},"3":{"name":"(anonymous_3)","decl":{"start":{"line":78,"column":49},"end":{"line":78,"column":50}},"loc":{"start":{"line":78,"column":60},"end":{"line":87,"column":13}},"line":78},"4":{"name":"(anonymous_4)","decl":{"start":{"line":88,"column":47},"end":{"line":88,"column":48}},"loc":{"start":{"line":88,"column":58},"end":{"line":96,"column":13}},"line":88},"5":{"name":"(anonymous_5)","decl":{"start":{"line":98,"column":51},"end":{"line":98,"column":52}},"loc":{"start":{"line":98,"column":62},"end":{"line":100,"column":13}},"line":98},"6":{"name":"(anonymous_6)","decl":{"start":{"line":102,"column":31},"end":{"line":102,"column":32}},"loc":{"start":{"line":102,"column":37},"end":{"line":117,"column":9}},"line":102},"7":{"name":"(anonymous_7)","decl":{"start":{"line":103,"column":57},"end":{"line":103,"column":58}},"loc":{"start":{"line":103,"column":66},"end":{"line":103,"column":94}},"line":103},"8":{"name":"(anonymous_8)","decl":{"start":{"line":118,"column":30},"end":{"line":118,"column":31}},"loc":{"start":{"line":118,"column":41},"end":{"line":127,"column":9}},"line":118},"9":{"name":"(anonymous_9)","decl":{"start":{"line":128,"column":28},"end":{"line":128,"column":29}},"loc":{"start":{"line":128,"column":39},"end":{"line":134,"column":9}},"line":128},"10":{"name":"(anonymous_10)","decl":{"start":{"line":135,"column":31},"end":{"line":135,"column":32}},"loc":{"start":{"line":135,"column":37},"end":{"line":154,"column":9}},"line":135},"11":{"name":"(anonymous_11)","decl":{"start":{"line":143,"column":42},"end":{"line":143,"column":43}},"loc":{"start":{"line":143,"column":48},"end":{"line":153,"column":13}},"line":143},"12":{"name":"(anonymous_12)","decl":{"start":{"line":155,"column":27},"end":{"line":155,"column":28}},"loc":{"start":{"line":155,"column":37},"end":{"line":159,"column":9}},"line":155},"13":{"name":"(anonymous_13)","decl":{"start":{"line":160,"column":25},"end":{"line":160,"column":26}},"loc":{"start":{"line":160,"column":31},"end":{"line":171,"column":9}},"line":160},"14":{"name":"(anonymous_14)","decl":{"start":{"line":172,"column":25},"end":{"line":172,"column":26}},"loc":{"start":{"line":172,"column":38},"end":{"line":174,"column":9}},"line":172}},"branchMap":{"0":{"loc":{"start":{"line":52,"column":9},"end":{"line":52,"column":31}},"type":"binary-expr","locations":[{"start":{"line":52,"column":9},"end":{"line":52,"column":25}},{"start":{"line":52,"column":29},"end":{"line":52,"column":31}}],"line":52},"1":{"loc":{"start":{"line":68,"column":8},"end":{"line":101,"column":9}},"type":"if","locations":[{"start":{"line":68,"column":8},"end":{"line":101,"column":9}},{"start":{},"end":{}}],"line":68},"2":{"loc":{"start":{"line":80,"column":16},"end":{"line":86,"column":17}},"type":"if","locations":[{"start":{"line":80,"column":16},"end":{"line":86,"column":17}},{"start":{},"end":{}}],"line":80},"3":{"loc":{"start":{"line":80,"column":20},"end":{"line":80,"column":66}},"type":"binary-expr","locations":[{"start":{"line":80,"column":20},"end":{"line":80,"column":50}},{"start":{"line":80,"column":54},"end":{"line":80,"column":66}}],"line":80},"4":{"loc":{"start":{"line":83,"column":20},"end":{"line":85,"column":21}},"type":"if","locations":[{"start":{"line":83,"column":20},"end":{"line":85,"column":21}},{"start":{},"end":{}}],"line":83},"5":{"loc":{"start":{"line":91,"column":16},"end":{"line":95,"column":17}},"type":"if","locations":[{"start":{"line":91,"column":16},"end":{"line":95,"column":17}},{"start":{},"end":{}}],"line":91},"6":{"loc":{"start":{"line":91,"column":20},"end":{"line":91,"column":59}},"type":"binary-expr","locations":[{"start":{"line":91,"column":20},"end":{"line":91,"column":26}},{"start":{"line":91,"column":30},"end":{"line":91,"column":59}}],"line":91},"7":{"loc":{"start":{"line":103,"column":27},"end":{"line":103,"column":49}},"type":"binary-expr","locations":[{"start":{"line":103,"column":27},"end":{"line":103,"column":43}},{"start":{"line":103,"column":47},"end":{"line":103,"column":49}}],"line":103},"8":{"loc":{"start":{"line":104,"column":12},"end":{"line":116,"column":13}},"type":"if","locations":[{"start":{"line":104,"column":12},"end":{"line":116,"column":13}},{"start":{"line":109,"column":17},"end":{"line":116,"column":13}}],"line":104},"9":{"loc":{"start":{"line":104,"column":16},"end":{"line":104,"column":40}},"type":"binary-expr","locations":[{"start":{"line":104,"column":16},"end":{"line":104,"column":27}},{"start":{"line":104,"column":31},"end":{"line":104,"column":40}}],"line":104},"10":{"loc":{"start":{"line":109,"column":17},"end":{"line":116,"column":13}},"type":"if","locations":[{"start":{"line":109,"column":17},"end":{"line":116,"column":13}},{"start":{},"end":{}}],"line":109},"11":{"loc":{"start":{"line":109,"column":21},"end":{"line":109,"column":45}},"type":"binary-expr","locations":[{"start":{"line":109,"column":21},"end":{"line":109,"column":33}},{"start":{"line":109,"column":37},"end":{"line":109,"column":45}}],"line":109},"12":{"loc":{"start":{"line":120,"column":12},"end":{"line":123,"column":13}},"type":"if","locations":[{"start":{"line":120,"column":12},"end":{"line":123,"column":13}},{"start":{},"end":{}}],"line":120},"13":{"loc":{"start":{"line":120,"column":17},"end":{"line":120,"column":39}},"type":"binary-expr","locations":[{"start":{"line":120,"column":17},"end":{"line":120,"column":33}},{"start":{"line":120,"column":37},"end":{"line":120,"column":39}}],"line":120},"14":{"loc":{"start":{"line":124,"column":12},"end":{"line":126,"column":13}},"type":"if","locations":[{"start":{"line":124,"column":12},"end":{"line":126,"column":13}},{"start":{},"end":{}}],"line":124},"15":{"loc":{"start":{"line":130,"column":12},"end":{"line":133,"column":13}},"type":"if","locations":[{"start":{"line":130,"column":12},"end":{"line":133,"column":13}},{"start":{},"end":{}}],"line":130},"16":{"loc":{"start":{"line":130,"column":17},"end":{"line":130,"column":39}},"type":"binary-expr","locations":[{"start":{"line":130,"column":17},"end":{"line":130,"column":33}},{"start":{"line":130,"column":37},"end":{"line":130,"column":39}}],"line":130},"17":{"loc":{"start":{"line":145,"column":16},"end":{"line":152,"column":17}},"type":"if","locations":[{"start":{"line":145,"column":16},"end":{"line":152,"column":17}},{"start":{"line":150,"column":21},"end":{"line":152,"column":17}}],"line":145}},"s":{"0":0,"1":0,"2":0,"3":0,"4":0,"5":0,"6":0,"7":0,"8":0,"9":0,"10":0,"11":0,"12":0,"13":0,"14":0,"15":0,"16":0,"17":0,"18":0,"19":0,"20":0,"21":0,"22":0,"23":0,"24":0,"25":0,"26":0,"27":0,"28":0,"29":0,"30":0,"31":0,"32":0,"33":0,"34":0,"35":0,"36":0,"37":0,"38":0,"39":0,"40":0,"41":0,"42":0,"43":0,"44":0,"45":0,"46":0,"47":0,"48":0,"49":0,"50":0,"51":0,"52":0,"53":0,"54":0,"55":0,"56":0,"57":0,"58":0,"59":0,"60":0,"61":0,"62":0,"63":0,"64":0,"65":0,"66":0,"67":0,"68":0,"69":0,"70":0,"71":0,"72":0,"73":0,"74":0,"75":0,"76":0,"77":0,"78":0,"79":0,"80":0,"81":0,"82":0,"83":0,"84":0,"85":0,"86":0,"87":0,"88":0,"89":0,"90":0,"91":0,"92":0,"93":0,"94":0,"95":0,"96":0,"97":0,"98":0},"f":{"0":0,"1":0,"2":0,"3":0,"4":0,"5":0,"6":0,"7":0,"8":0,"9":0,"10":0,"11":0,"12":0,"13":0,"14":0},"b":{"0":[0,0],"1":[0,0],"2":[0,0],"3":[0,0],"4":[0,0],"5":[0,0],"6":[0,0],"7":[0,0],"8":[0,0],"9":[0,0],"10":[0,0],"11":[0,0],"12":[0,0],"13":[0,0],"14":[0,0],"15":[0,0],"16":[0,0],"17":[0,0]}}
,"/Users/levigoldberg/Desktop/JC Lab/cognitive-apathy/src/countdown.ts": {"path":"/Users/levigoldberg/Desktop/JC Lab/cognitive-apathy/src/countdown.ts","statementMap":{"0":{"start":{"line":1,"column":0},"end":{"line":1,"column":80}},"1":{"start":{"line":2,"column":0},"end":{"line":2,"column":49}},"2":{"start":{"line":4,"column":0},"end":{"line":4,"column":null}},"3":{"start":{"line":14,"column":0},"end":{"line":14,"column":44}},"4":{"start":{"line":59,"column":4},"end":{"line":59,"column":27}},"5":{"start":{"line":63,"column":4},"end":{"line":63,"column":57}},"6":{"start":{"line":65,"column":48},"end":{"line":65,"column":50}},"7":{"start":{"line":66,"column":4},"end":{"line":68,"column":6}},"8":{"start":{"line":67,"column":24},"end":{"line":67,"column":60}},"9":{"start":{"line":70,"column":22},"end":{"line":70,"column":27}},"10":{"start":{"line":71,"column":34},"end":{"line":71,"column":38}},"11":{"start":{"line":76,"column":29},"end":{"line":76,"column":58}},"12":{"start":{"line":77,"column":4},"end":{"line":77,"column":46}},"13":{"start":{"line":78,"column":4},"end":{"line":78,"column":47}},"14":{"start":{"line":79,"column":4},"end":{"line":79,"column":49}},"15":{"start":{"line":81,"column":32},"end":{"line":81,"column":61}},"16":{"start":{"line":82,"column":4},"end":{"line":82,"column":52}},"17":{"start":{"line":83,"column":4},"end":{"line":83,"column":52}},"18":{"start":{"line":85,"column":27},"end":{"line":85,"column":56}},"19":{"start":{"line":86,"column":4},"end":{"line":86,"column":42}},"20":{"start":{"line":87,"column":4},"end":{"line":87,"column":47}},"21":{"start":{"line":89,"column":4},"end":{"line":125,"column":5}},"22":{"start":{"line":90,"column":40},"end":{"line":90,"column":70}},"23":{"start":{"line":91,"column":6},"end":{"line":91,"column":34}},"24":{"start":{"line":92,"column":6},"end":{"line":92,"column":53}},"25":{"start":{"line":93,"column":6},"end":{"line":93,"column":33}},"26":{"start":{"line":94,"column":6},"end":{"line":94,"column":39}},"27":{"start":{"line":95,"column":6},"end":{"line":95,"column":47}},"28":{"start":{"line":96,"column":6},"end":{"line":96,"column":41}},"29":{"start":{"line":97,"column":6},"end":{"line":97,"column":46}},"30":{"start":{"line":100,"column":6},"end":{"line":109,"column":9}},"31":{"start":{"line":101,"column":20},"end":{"line":101,"column":43}},"32":{"start":{"line":102,"column":8},"end":{"line":108,"column":9}},"33":{"start":{"line":103,"column":10},"end":{"line":103,"column":62}},"34":{"start":{"line":104,"column":25},"end":{"line":104,"column":75}},"35":{"start":{"line":105,"column":10},"end":{"line":107,"column":11}},"36":{"start":{"line":106,"column":12},"end":{"line":106,"column":52}},"37":{"start":{"line":111,"column":6},"end":{"line":119,"column":9}},"38":{"start":{"line":112,"column":20},"end":{"line":112,"column":43}},"39":{"start":{"line":113,"column":23},"end":{"line":113,"column":73}},"40":{"start":{"line":114,"column":8},"end":{"line":118,"column":9}},"41":{"start":{"line":115,"column":10},"end":{"line":115,"column":53}},"42":{"start":{"line":116,"column":10},"end":{"line":116,"column":44}},"43":{"start":{"line":117,"column":10},"end":{"line":117,"column":34}},"44":{"start":{"line":122,"column":6},"end":{"line":124,"column":9}},"45":{"start":{"line":123,"column":8},"end":{"line":123,"column":76}},"46":{"start":{"line":127,"column":27},"end":{"line":143,"column":5}},"47":{"start":{"line":128,"column":6},"end":{"line":130,"column":8}},"48":{"start":{"line":129,"column":25},"end":{"line":129,"column":53}},"49":{"start":{"line":131,"column":6},"end":{"line":142,"column":7}},"50":{"start":{"line":132,"column":8},"end":{"line":132,"column":40}},"51":{"start":{"line":133,"column":8},"end":{"line":133,"column":73}},"52":{"start":{"line":134,"column":8},"end":{"line":134,"column":25}},"53":{"start":{"line":135,"column":13},"end":{"line":142,"column":7}},"54":{"start":{"line":136,"column":8},"end":{"line":136,"column":32}},"55":{"start":{"line":137,"column":8},"end":{"line":137,"column":24}},"56":{"start":{"line":138,"column":8},"end":{"line":138,"column":50}},"57":{"start":{"line":139,"column":8},"end":{"line":139,"column":51}},"58":{"start":{"line":140,"column":8},"end":{"line":140,"column":43}},"59":{"start":{"line":141,"column":8},"end":{"line":141,"column":38}},"60":{"start":{"line":145,"column":26},"end":{"line":154,"column":5}},"61":{"start":{"line":146,"column":18},"end":{"line":146,"column":41}},"62":{"start":{"line":147,"column":6},"end":{"line":150,"column":7}},"63":{"start":{"line":148,"column":8},"end":{"line":148,"column":30}},"64":{"start":{"line":149,"column":8},"end":{"line":149,"column":25}},"65":{"start":{"line":151,"column":6},"end":{"line":153,"column":7}},"66":{"start":{"line":152,"column":8},"end":{"line":152,"column":40}},"67":{"start":{"line":156,"column":24},"end":{"line":162,"column":5}},"68":{"start":{"line":157,"column":18},"end":{"line":157,"column":41}},"69":{"start":{"line":158,"column":6},"end":{"line":161,"column":7}},"70":{"start":{"line":159,"column":8},"end":{"line":159,"column":31}},"71":{"start":{"line":160,"column":8},"end":{"line":160,"column":25}},"72":{"start":{"line":164,"column":27},"end":{"line":185,"column":5}},"73":{"start":{"line":165,"column":23},"end":{"line":165,"column":44}},"74":{"start":{"line":166,"column":26},"end":{"line":166,"column":43}},"75":{"start":{"line":167,"column":24},"end":{"line":167,"column":41}},"76":{"start":{"line":169,"column":6},"end":{"line":171,"column":8}},"77":{"start":{"line":173,"column":27},"end":{"line":173,"column":59}},"78":{"start":{"line":175,"column":6},"end":{"line":184,"column":14}},"79":{"start":{"line":176,"column":25},"end":{"line":176,"column":67}},"80":{"start":{"line":177,"column":8},"end":{"line":183,"column":9}},"81":{"start":{"line":178,"column":10},"end":{"line":178,"column":35}},"82":{"start":{"line":179,"column":10},"end":{"line":179,"column":26}},"83":{"start":{"line":180,"column":10},"end":{"line":180,"column":21}},"84":{"start":{"line":182,"column":10},"end":{"line":182,"column":57}},"85":{"start":{"line":187,"column":23},"end":{"line":191,"column":5}},"86":{"start":{"line":188,"column":22},"end":{"line":188,"column":50}},"87":{"start":{"line":189,"column":22},"end":{"line":189,"column":69}},"88":{"start":{"line":190,"column":6},"end":{"line":190,"column":65}},"89":{"start":{"line":193,"column":21},"end":{"line":206,"column":5}},"90":{"start":{"line":194,"column":6},"end":{"line":194,"column":61}},"91":{"start":{"line":195,"column":6},"end":{"line":195,"column":57}},"92":{"start":{"line":197,"column":24},"end":{"line":201,"column":8}},"93":{"start":{"line":203,"column":6},"end":{"line":203,"column":36}},"94":{"start":{"line":204,"column":6},"end":{"line":204,"column":42}},"95":{"start":{"line":205,"column":6},"end":{"line":205,"column":55}},"96":{"start":{"line":208,"column":21},"end":{"line":210,"column":5}},"97":{"start":{"line":209,"column":6},"end":{"line":209,"column":29}},"98":{"start":{"line":212,"column":4},"end":{"line":212,"column":56}},"99":{"start":{"line":213,"column":4},"end":{"line":213,"column":52}},"100":{"start":{"line":215,"column":4},"end":{"line":215,"column":46}},"101":{"start":{"line":16,"column":0},"end":{"line":16,"column":13}},"102":{"start":{"line":17,"column":9},"end":{"line":55,"column":4}},"103":{"start":{"line":219,"column":13},"end":{"line":237,"column":2}}},"fnMap":{"0":{"name":"(anonymous_1)","decl":{"start":{"line":58,"column":2},"end":{"line":58,"column":14}},"loc":{"start":{"line":58,"column":30},"end":{"line":60,"column":3}}},"1":{"name":"(anonymous_2)","decl":{"start":{"line":62,"column":2},"end":{"line":62,"column":7}},"loc":{"start":{"line":62,"column":47},"end":{"line":216,"column":3}}},"2":{"name":"(anonymous_3)","decl":{"start":{"line":67,"column":6},"end":{"line":67,"column":7}},"loc":{"start":{"line":67,"column":24},"end":{"line":67,"column":60}}},"3":{"name":"(anonymous_4)","decl":{"start":{"line":100,"column":43},"end":{"line":100,"column":44}},"loc":{"start":{"line":100,"column":53},"end":{"line":109,"column":7}}},"4":{"name":"(anonymous_5)","decl":{"start":{"line":111,"column":41},"end":{"line":111,"column":42}},"loc":{"start":{"line":111,"column":51},"end":{"line":119,"column":7}}},"5":{"name":"(anonymous_6)","decl":{"start":{"line":122,"column":45},"end":{"line":122,"column":46}},"loc":{"start":{"line":122,"column":55},"end":{"line":124,"column":7}}},"6":{"name":"(anonymous_7)","decl":{"start":{"line":127,"column":27},"end":{"line":127,"column":30}},"loc":{"start":{"line":127,"column":32},"end":{"line":143,"column":5}}},"7":{"name":"(anonymous_8)","decl":{"start":{"line":129,"column":8},"end":{"line":129,"column":9}},"loc":{"start":{"line":129,"column":25},"end":{"line":129,"column":53}}},"8":{"name":"(anonymous_9)","decl":{"start":{"line":145,"column":26},"end":{"line":145,"column":27}},"loc":{"start":{"line":145,"column":51},"end":{"line":154,"column":5}}},"9":{"name":"(anonymous_10)","decl":{"start":{"line":156,"column":24},"end":{"line":156,"column":25}},"loc":{"start":{"line":156,"column":49},"end":{"line":162,"column":5}}},"10":{"name":"(anonymous_11)","decl":{"start":{"line":164,"column":27},"end":{"line":164,"column":30}},"loc":{"start":{"line":164,"column":32},"end":{"line":185,"column":5}}},"11":{"name":"(anonymous_12)","decl":{"start":{"line":175,"column":36},"end":{"line":175,"column":39}},"loc":{"start":{"line":175,"column":41},"end":{"line":184,"column":7}}},"12":{"name":"(anonymous_13)","decl":{"start":{"line":187,"column":23},"end":{"line":187,"column":24}},"loc":{"start":{"line":187,"column":40},"end":{"line":191,"column":5}}},"13":{"name":"(anonymous_14)","decl":{"start":{"line":193,"column":21},"end":{"line":193,"column":24}},"loc":{"start":{"line":193,"column":26},"end":{"line":206,"column":5}}},"14":{"name":"(anonymous_15)","decl":{"start":{"line":208,"column":21},"end":{"line":208,"column":22}},"loc":{"start":{"line":208,"column":41},"end":{"line":210,"column":5}}}},"branchMap":{"0":{"loc":{"start":{"line":66,"column":5},"end":{"line":66,"column":27}},"type":"binary-expr","locations":[{"start":{"line":66,"column":5},"end":{"line":66,"column":21}},{"start":{"line":66,"column":25},"end":{"line":66,"column":27}}]},"1":{"loc":{"start":{"line":89,"column":4},"end":{"line":125,"column":5}},"type":"if","locations":[{"start":{"line":89,"column":4},"end":{"line":125,"column":5}}]},"2":{"loc":{"start":{"line":102,"column":8},"end":{"line":108,"column":9}},"type":"if","locations":[{"start":{"line":102,"column":8},"end":{"line":108,"column":9}}]},"3":{"loc":{"start":{"line":102,"column":12},"end":{"line":102,"column":58}},"type":"binary-expr","locations":[{"start":{"line":102,"column":12},"end":{"line":102,"column":42}},{"start":{"line":102,"column":46},"end":{"line":102,"column":58}}]},"4":{"loc":{"start":{"line":105,"column":10},"end":{"line":107,"column":11}},"type":"if","locations":[{"start":{"line":105,"column":10},"end":{"line":107,"column":11}}]},"5":{"loc":{"start":{"line":114,"column":8},"end":{"line":118,"column":9}},"type":"if","locations":[{"start":{"line":114,"column":8},"end":{"line":118,"column":9}}]},"6":{"loc":{"start":{"line":114,"column":12},"end":{"line":114,"column":51}},"type":"binary-expr","locations":[{"start":{"line":114,"column":12},"end":{"line":114,"column":18}},{"start":{"line":114,"column":22},"end":{"line":114,"column":51}}]},"7":{"loc":{"start":{"line":128,"column":21},"end":{"line":128,"column":43}},"type":"binary-expr","locations":[{"start":{"line":128,"column":21},"end":{"line":128,"column":37}},{"start":{"line":128,"column":41},"end":{"line":128,"column":43}}]},"8":{"loc":{"start":{"line":131,"column":6},"end":{"line":142,"column":7}},"type":"if","locations":[{"start":{"line":131,"column":6},"end":{"line":142,"column":7}},{"start":{"line":135,"column":13},"end":{"line":142,"column":7}}]},"9":{"loc":{"start":{"line":131,"column":10},"end":{"line":131,"column":34}},"type":"binary-expr","locations":[{"start":{"line":131,"column":10},"end":{"line":131,"column":21}},{"start":{"line":131,"column":25},"end":{"line":131,"column":34}}]},"10":{"loc":{"start":{"line":135,"column":13},"end":{"line":142,"column":7}},"type":"if","locations":[{"start":{"line":135,"column":13},"end":{"line":142,"column":7}}]},"11":{"loc":{"start":{"line":135,"column":17},"end":{"line":135,"column":41}},"type":"binary-expr","locations":[{"start":{"line":135,"column":17},"end":{"line":135,"column":29}},{"start":{"line":135,"column":33},"end":{"line":135,"column":41}}]},"12":{"loc":{"start":{"line":147,"column":6},"end":{"line":150,"column":7}},"type":"if","locations":[{"start":{"line":147,"column":6},"end":{"line":150,"column":7}}]},"13":{"loc":{"start":{"line":147,"column":11},"end":{"line":147,"column":33}},"type":"binary-expr","locations":[{"start":{"line":147,"column":11},"end":{"line":147,"column":27}},{"start":{"line":147,"column":31},"end":{"line":147,"column":33}}]},"14":{"loc":{"start":{"line":151,"column":6},"end":{"line":153,"column":7}},"type":"if","locations":[{"start":{"line":151,"column":6},"end":{"line":153,"column":7}}]},"15":{"loc":{"start":{"line":158,"column":6},"end":{"line":161,"column":7}},"type":"if","locations":[{"start":{"line":158,"column":6},"end":{"line":161,"column":7}}]},"16":{"loc":{"start":{"line":158,"column":11},"end":{"line":158,"column":33}},"type":"binary-expr","locations":[{"start":{"line":158,"column":11},"end":{"line":158,"column":27}},{"start":{"line":158,"column":31},"end":{"line":158,"column":33}}]},"17":{"loc":{"start":{"line":177,"column":8},"end":{"line":183,"column":9}},"type":"if","locations":[{"start":{"line":177,"column":8},"end":{"line":183,"column":9}},{"start":{"line":181,"column":15},"end":{"line":183,"column":9}}]}},"s":{"0":0,"1":0,"2":0,"3":0,"4":0,"5":0,"6":0,"7":0,"8":0,"9":0,"10":0,"11":0,"12":0,"13":0,"14":0,"15":0,"16":0,"17":0,"18":0,"19":0,"20":0,"21":0,"22":0,"23":0,"24":0,"25":0,"26":0,"27":0,"28":0,"29":0,"30":0,"31":0,"32":0,"33":0,"34":0,"35":0,"36":0,"37":0,"38":0,"39":0,"40":0,"41":0,"42":0,"43":0,"44":0,"45":0,"46":0,"47":0,"48":0,"49":0,"50":0,"51":0,"52":0,"53":0,"54":0,"55":0,"56":0,"57":0,"58":0,"59":0,"60":0,"61":0,"62":0,"63":0,"64":0,"65":0,"66":0,"67":0,"68":0,"69":0,"70":0,"71":0,"72":0,"73":0,"74":0,"75":0,"76":0,"77":0,"78":0,"79":0,"80":0,"81":0,"82":0,"83":0,"84":0,"85":0,"86":0,"87":0,"88":0,"89":0,"90":0,"91":0,"92":0,"93":0,"94":0,"95":0,"96":0,"97":0,"98":0,"99":0,"100":0,"101":0,"102":0,"103":0},"f":{"0":0,"1":0,"2":0,"3":0,"4":0,"5":0,"6":0,"7":0,"8":0,"9":0,"10":0,"11":0,"12":0,"13":0,"14":0},"b":{"0":[0,0],"1":[0],"2":[0],"3":[0,0],"4":[0],"5":[0],"6":[0,0],"7":[0,0],"8":[0,0],"9":[0,0],"10":[0],"11":[0,0],"12":[0],"13":[0,0],"14":[0],"15":[0],"16":[0,0],"17":[0,0]}}
,"/Users/levigoldberg/Desktop/JC Lab/cognitive-apathy/src/experiment.js": {"path":"/Users/levigoldberg/Desktop/JC Lab/cognitive-apathy/src/experiment.js","statementMap":{"0":{"start":{"line":11,"column":12},"end":{"line":29,"column":1}},"1":{"start":{"line":37,"column":20},"end":{"line":37,"column":33}},"2":{"start":{"line":38,"column":21},"end":{"line":38,"column":23}},"3":{"start":{"line":39,"column":4},"end":{"line":43,"column":7}},"4":{"start":{"line":44,"column":4},"end":{"line":44,"column":56}},"5":{"start":{"line":45,"column":4},"end":{"line":45,"column":41}},"6":{"start":{"line":46,"column":4},"end":{"line":46,"column":69}},"7":{"start":{"line":47,"column":4},"end":{"line":48,"column":72}},"8":{"start":{"line":49,"column":4},"end":{"line":49,"column":67}},"9":{"start":{"line":50,"column":4},"end":{"line":50,"column":54}},"10":{"start":{"line":51,"column":4},"end":{"line":53,"column":7}},"11":{"start":{"line":54,"column":4},"end":{"line":54,"column":68}},"12":{"start":{"line":55,"column":4},"end":{"line":55,"column":67}},"13":{"start":{"line":56,"column":4},"end":{"line":56,"column":57}},"14":{"start":{"line":57,"column":4},"end":{"line":59,"column":7}},"15":{"start":{"line":60,"column":4},"end":{"line":62,"column":7}},"16":{"start":{"line":63,"column":4},"end":{"line":65,"column":7}},"17":{"start":{"line":66,"column":4},"end":{"line":71,"column":7}},"18":{"start":{"line":69,"column":12},"end":{"line":69,"column":49}},"19":{"start":{"line":72,"column":4},"end":{"line":74,"column":7}},"20":{"start":{"line":75,"column":26},"end":{"line":75,"column":54}},"21":{"start":{"line":76,"column":4},"end":{"line":80,"column":7}},"22":{"start":{"line":77,"column":8},"end":{"line":79,"column":11}},"23":{"start":{"line":78,"column":12},"end":{"line":78,"column":33}},"24":{"start":{"line":81,"column":4},"end":{"line":81,"column":45}},"25":{"start":{"line":82,"column":4},"end":{"line":82,"column":32}},"26":{"start":{"line":83,"column":4},"end":{"line":83,"column":19}}},"fnMap":{"0":{"name":"run","decl":{"start":{"line":36,"column":22},"end":{"line":36,"column":25}},"loc":{"start":{"line":36,"column":84},"end":{"line":84,"column":1}},"line":36},"1":{"name":"(anonymous_1)","decl":{"start":{"line":68,"column":30},"end":{"line":68,"column":31}},"loc":{"start":{"line":68,"column":42},"end":{"line":70,"column":9}},"line":68},"2":{"name":"(anonymous_2)","decl":{"start":{"line":76,"column":26},"end":{"line":76,"column":27}},"loc":{"start":{"line":76,"column":42},"end":{"line":80,"column":5}},"line":76},"3":{"name":"(anonymous_3)","decl":{"start":{"line":77,"column":27},"end":{"line":77,"column":28}},"loc":{"start":{"line":77,"column":38},"end":{"line":79,"column":9}},"line":77}},"branchMap":{"0":{"loc":{"start":{"line":36,"column":40},"end":{"line":36,"column":50}},"type":"default-arg","locations":[{"start":{"line":36,"column":48},"end":{"line":36,"column":50}}],"line":36}},"s":{"0":0,"1":0,"2":0,"3":0,"4":0,"5":0,"6":0,"7":0,"8":0,"9":0,"10":0,"11":0,"12":0,"13":0,"14":0,"15":0,"16":0,"17":0,"18":0,"19":0,"20":0,"21":0,"22":0,"23":0,"24":0,"25":0,"26":0},"f":{"0":0,"1":0,"2":0,"3":0},"b":{"0":[0]}}
,"/Users/levigoldberg/Desktop/JC Lab/cognitive-apathy/src/experiment.ts": {"path":"/Users/levigoldberg/Desktop/JC Lab/cognitive-apathy/src/experiment.ts","statementMap":{"0":{"start":{"line":66,"column":0},"end":{"line":66,"column":22}},"1":{"start":{"line":9,"column":0},"end":{"line":9,"column":52}},"2":{"start":{"line":10,"column":0},"end":{"line":10,"column":47}},"3":{"start":{"line":12,"column":0},"end":{"line":12,"column":29}},"4":{"start":{"line":13,"column":0},"end":{"line":13,"column":145}},"5":{"start":{"line":14,"column":0},"end":{"line":14,"column":null}},"6":{"start":{"line":18,"column":0},"end":{"line":18,"column":44}},"7":{"start":{"line":19,"column":0},"end":{"line":19,"column":null}},"8":{"start":{"line":23,"column":0},"end":{"line":23,"column":40}},"9":{"start":{"line":24,"column":0},"end":{"line":24,"column":null}},"10":{"start":{"line":31,"column":0},"end":{"line":31,"column":null}},"11":{"start":{"line":40,"column":19},"end":{"line":58,"column":2}},"12":{"start":{"line":59,"column":0},"end":{"line":59,"column":15}},"13":{"start":{"line":66,"column":26},"end":{"line":131,"column":null}},"14":{"start":{"line":73,"column":18},"end":{"line":73,"column":31}},"15":{"start":{"line":75,"column":26},"end":{"line":75,"column":28}},"16":{"start":{"line":77,"column":2},"end":{"line":81,"column":5}},"17":{"start":{"line":83,"column":2},"end":{"line":83,"column":54}},"18":{"start":{"line":84,"column":2},"end":{"line":84,"column":39}},"19":{"start":{"line":86,"column":2},"end":{"line":86,"column":67}},"20":{"start":{"line":88,"column":2},"end":{"line":89,"column":66}},"21":{"start":{"line":90,"column":2},"end":{"line":90,"column":65}},"22":{"start":{"line":92,"column":2},"end":{"line":92,"column":52}},"23":{"start":{"line":93,"column":2},"end":{"line":95,"column":5}},"24":{"start":{"line":96,"column":2},"end":{"line":96,"column":66}},"25":{"start":{"line":97,"column":2},"end":{"line":97,"column":65}},"26":{"start":{"line":99,"column":2},"end":{"line":99,"column":55}},"27":{"start":{"line":100,"column":2},"end":{"line":102,"column":5}},"28":{"start":{"line":103,"column":2},"end":{"line":105,"column":5}},"29":{"start":{"line":106,"column":2},"end":{"line":108,"column":5}},"30":{"start":{"line":109,"column":2},"end":{"line":114,"column":5}},"31":{"start":{"line":112,"column":6},"end":{"line":112,"column":43}},"32":{"start":{"line":115,"column":2},"end":{"line":117,"column":5}},"33":{"start":{"line":119,"column":24},"end":{"line":119,"column":52}},"34":{"start":{"line":120,"column":2},"end":{"line":124,"column":5}},"35":{"start":{"line":121,"column":4},"end":{"line":123,"column":7}},"36":{"start":{"line":122,"column":6},"end":{"line":122,"column":27}},"37":{"start":{"line":126,"column":2},"end":{"line":126,"column":43}},"38":{"start":{"line":128,"column":2},"end":{"line":128,"column":30}},"39":{"start":{"line":130,"column":2},"end":{"line":130,"column":17}}},"fnMap":{"0":{"name":"run","decl":{"start":{"line":66,"column":22},"end":{"line":66,"column":25}},"loc":{"start":{"line":66,"column":25},"end":{"line":131,"column":null}}},"1":{"name":"(anonymous_9)","decl":{"start":{"line":66,"column":26},"end":{"line":66,"column":null}},"loc":{"start":{"line":72,"column":6},"end":{"line":131,"column":1}}},"2":{"name":"(anonymous_10)","decl":{"start":{"line":111,"column":26},"end":{"line":111,"column":null}},"loc":{"start":{"line":111,"column":26},"end":{"line":113,"column":5}}},"3":{"name":"(anonymous_11)","decl":{"start":{"line":120,"column":24},"end":{"line":120,"column":25}},"loc":{"start":{"line":120,"column":39},"end":{"line":124,"column":3}}},"4":{"name":"(anonymous_12)","decl":{"start":{"line":121,"column":23},"end":{"line":121,"column":24}},"loc":{"start":{"line":121,"column":38},"end":{"line":123,"column":5}}}},"branchMap":{"0":{"loc":{"start":{"line":68,"column":2},"end":{"line":68,"column":12}},"type":"default-arg","locations":[{"start":{"line":68,"column":10},"end":{"line":68,"column":12}}]}},"s":{"0":0,"1":0,"2":0,"3":0,"4":0,"5":0,"6":0,"7":0,"8":0,"9":0,"10":0,"11":0,"12":0,"13":0,"14":0,"15":0,"16":0,"17":0,"18":0,"19":0,"20":0,"21":0,"22":0,"23":0,"24":0,"25":0,"26":0,"27":0,"28":0,"29":0,"30":0,"31":0,"32":0,"33":0,"34":0,"35":0,"36":0,"37":0,"38":0,"39":0},"f":{"0":0,"1":0,"2":0,"3":0,"4":0},"b":{"0":[0]}}
,"/Users/levigoldberg/Desktop/JC Lab/cognitive-apathy/src/finish.js": {"path":"/Users/levigoldberg/Desktop/JC Lab/cognitive-apathy/src/finish.js","statementMap":{"0":{"start":{"line":5,"column":32},"end":{"line":22,"column":2}},"1":{"start":{"line":5,"column":46},"end":{"line":22,"column":1}},"2":{"start":{"line":9,"column":38},"end":{"line":9,"column":67}},"3":{"start":{"line":10,"column":8},"end":{"line":10,"column":82}},"4":{"start":{"line":16,"column":38},"end":{"line":16,"column":67}},"5":{"start":{"line":17,"column":8},"end":{"line":17,"column":49}},"6":{"start":{"line":18,"column":24},"end":{"line":18,"column":49}},"7":{"start":{"line":19,"column":21},"end":{"line":19,"column":70}},"8":{"start":{"line":20,"column":8},"end":{"line":20,"column":73}},"9":{"start":{"line":23,"column":37},"end":{"line":28,"column":1}},"10":{"start":{"line":24,"column":20},"end":{"line":24,"column":45}},"11":{"start":{"line":25,"column":17},"end":{"line":25,"column":66}},"12":{"start":{"line":26,"column":4},"end":{"line":26,"column":69}},"13":{"start":{"line":27,"column":4},"end":{"line":27,"column":53}},"14":{"start":{"line":29,"column":42},"end":{"line":41,"column":2}},"15":{"start":{"line":29,"column":56},"end":{"line":41,"column":1}},"16":{"start":{"line":37,"column":24},"end":{"line":37,"column":49}},"17":{"start":{"line":38,"column":21},"end":{"line":38,"column":70}},"18":{"start":{"line":39,"column":8},"end":{"line":39,"column":73}}},"fnMap":{"0":{"name":"(anonymous_0)","decl":{"start":{"line":5,"column":32},"end":{"line":5,"column":33}},"loc":{"start":{"line":5,"column":46},"end":{"line":22,"column":1}},"line":5},"1":{"name":"(anonymous_1)","decl":{"start":{"line":8,"column":14},"end":{"line":8,"column":15}},"loc":{"start":{"line":8,"column":26},"end":{"line":11,"column":5}},"line":8},"2":{"name":"(anonymous_2)","decl":{"start":{"line":15,"column":15},"end":{"line":15,"column":16}},"loc":{"start":{"line":15,"column":31},"end":{"line":21,"column":5}},"line":15},"3":{"name":"(anonymous_3)","decl":{"start":{"line":23,"column":37},"end":{"line":23,"column":38}},"loc":{"start":{"line":23,"column":50},"end":{"line":28,"column":1}},"line":23},"4":{"name":"(anonymous_4)","decl":{"start":{"line":29,"column":42},"end":{"line":29,"column":43}},"loc":{"start":{"line":29,"column":56},"end":{"line":41,"column":1}},"line":29},"5":{"name":"(anonymous_5)","decl":{"start":{"line":36,"column":15},"end":{"line":36,"column":16}},"loc":{"start":{"line":36,"column":31},"end":{"line":40,"column":5}},"line":36}},"branchMap":{},"s":{"0":0,"1":0,"2":0,"3":0,"4":0,"5":0,"6":0,"7":0,"8":0,"9":0,"10":0,"11":0,"12":0,"13":0,"14":0,"15":0,"16":0,"17":0,"18":0},"f":{"0":0,"1":0,"2":0,"3":0,"4":0,"5":0},"b":{}}
,"/Users/levigoldberg/Desktop/JC Lab/cognitive-apathy/src/finish.ts": {"path":"/Users/levigoldberg/Desktop/JC Lab/cognitive-apathy/src/finish.ts","statementMap":{"0":{"start":{"line":1,"column":0},"end":{"line":1,"column":80}},"1":{"start":{"line":2,"column":0},"end":{"line":2,"column":36}},"2":{"start":{"line":3,"column":0},"end":{"line":3,"column":78}},"3":{"start":{"line":4,"column":0},"end":{"line":4,"column":47}},"4":{"start":{"line":7,"column":32},"end":{"line":24,"column":2}},"5":{"start":{"line":7,"column":55},"end":{"line":24,"column":2}},"6":{"start":{"line":11,"column":34},"end":{"line":11,"column":63}},"7":{"start":{"line":12,"column":4},"end":{"line":12,"column":78}},"8":{"start":{"line":18,"column":34},"end":{"line":18,"column":63}},"9":{"start":{"line":19,"column":4},"end":{"line":19,"column":45}},"10":{"start":{"line":20,"column":20},"end":{"line":20,"column":45}},"11":{"start":{"line":21,"column":17},"end":{"line":21,"column":66}},"12":{"start":{"line":22,"column":4},"end":{"line":22,"column":69}},"13":{"start":{"line":7,"column":13},"end":{"line":7,"column":32}},"14":{"start":{"line":26,"column":37},"end":{"line":31,"column":1}},"15":{"start":{"line":27,"column":18},"end":{"line":27,"column":43}},"16":{"start":{"line":28,"column":15},"end":{"line":28,"column":64}},"17":{"start":{"line":29,"column":2},"end":{"line":29,"column":67}},"18":{"start":{"line":30,"column":2},"end":{"line":30,"column":51}},"19":{"start":{"line":26,"column":13},"end":{"line":26,"column":37}},"20":{"start":{"line":33,"column":42},"end":{"line":45,"column":2}},"21":{"start":{"line":33,"column":65},"end":{"line":45,"column":2}},"22":{"start":{"line":41,"column":20},"end":{"line":41,"column":45}},"23":{"start":{"line":42,"column":17},"end":{"line":42,"column":66}},"24":{"start":{"line":43,"column":4},"end":{"line":43,"column":69}},"25":{"start":{"line":33,"column":13},"end":{"line":33,"column":42}}},"fnMap":{"0":{"name":"(anonymous_1)","decl":{"start":{"line":7,"column":32},"end":{"line":7,"column":33}},"loc":{"start":{"line":7,"column":55},"end":{"line":24,"column":2}}},"1":{"name":"(anonymous_2)","decl":{"start":{"line":10,"column":12},"end":{"line":10,"column":null}},"loc":{"start":{"line":10,"column":12},"end":{"line":13,"column":3}}},"2":{"name":"(anonymous_3)","decl":{"start":{"line":17,"column":13},"end":{"line":17,"column":23}},"loc":{"start":{"line":17,"column":32},"end":{"line":23,"column":3}}},"3":{"name":"(anonymous_4)","decl":{"start":{"line":26,"column":37},"end":{"line":26,"column":38}},"loc":{"start":{"line":26,"column":58},"end":{"line":31,"column":1}}},"4":{"name":"(anonymous_5)","decl":{"start":{"line":33,"column":42},"end":{"line":33,"column":43}},"loc":{"start":{"line":33,"column":65},"end":{"line":45,"column":2}}},"5":{"name":"(anonymous_6)","decl":{"start":{"line":40,"column":13},"end":{"line":40,"column":23}},"loc":{"start":{"line":40,"column":32},"end":{"line":44,"column":3}}}},"branchMap":{},"s":{"0":0,"1":0,"2":0,"3":0,"4":0,"5":0,"6":0,"7":0,"8":0,"9":0,"10":0,"11":0,"12":0,"13":0,"14":0,"15":0,"16":0,"17":0,"18":0,"19":0,"20":0,"21":0,"22":0,"23":0,"24":0,"25":0},"f":{"0":0,"1":0,"2":0,"3":0,"4":0,"5":0},"b":{}}
,"/Users/levigoldberg/Desktop/JC Lab/cognitive-apathy/src/i18n.js": {"path":"/Users/levigoldberg/Desktop/JC Lab/cognitive-apathy/src/i18n.js","statementMap":{"0":{"start":{"line":5,"column":0},"end":{"line":20,"column":3}}},"fnMap":{},"branchMap":{},"s":{"0":0},"f":{},"b":{}}
,"/Users/levigoldberg/Desktop/JC Lab/cognitive-apathy/src/i18n.ts": {"path":"/Users/levigoldberg/Desktop/JC Lab/cognitive-apathy/src/i18n.ts","statementMap":{"0":{"start":{"line":1,"column":0},"end":{"line":1,"column":27}},"1":{"start":{"line":2,"column":0},"end":{"line":2,"column":58}},"2":{"start":{"line":3,"column":0},"end":{"line":3,"column":58}},"3":{"start":{"line":6,"column":0},"end":{"line":22,"column":5}},"4":{"start":{"line":24,"column":0},"end":{"line":24,"column":20}}},"fnMap":{},"branchMap":{},"s":{"0":0,"1":0,"2":0,"3":0,"4":0},"f":{},"b":{}}
,"/Users/levigoldberg/Desktop/JC Lab/cognitive-apathy/src/keyboard.js": {"path":"/Users/levigoldberg/Desktop/JC Lab/cognitive-apathy/src/keyboard.js","statementMap":{"0":{"start":{"line":4,"column":4},"end":{"line":4,"column":40}},"1":{"start":{"line":5,"column":30},"end":{"line":5,"column":59}},"2":{"start":{"line":6,"column":4},"end":{"line":6,"column":48}},"3":{"start":{"line":7,"column":4},"end":{"line":7,"column":47}},"4":{"start":{"line":8,"column":4},"end":{"line":8,"column":41}},"5":{"start":{"line":9,"column":4},"end":{"line":9,"column":42}},"6":{"start":{"line":10,"column":4},"end":{"line":10,"column":53}},"7":{"start":{"line":11,"column":4},"end":{"line":11,"column":44}},"8":{"start":{"line":12,"column":4},"end":{"line":12,"column":50}},"9":{"start":{"line":13,"column":4},"end":{"line":13,"column":60}},"10":{"start":{"line":14,"column":24},"end":{"line":14,"column":53}},"11":{"start":{"line":15,"column":4},"end":{"line":15,"column":46}},"12":{"start":{"line":16,"column":4},"end":{"line":16,"column":37}},"13":{"start":{"line":17,"column":4},"end":{"line":17,"column":47}},"14":{"start":{"line":18,"column":4},"end":{"line":18,"column":42}},"15":{"start":{"line":19,"column":4},"end":{"line":19,"column":52}},"16":{"start":{"line":20,"column":4},"end":{"line":20,"column":47}},"17":{"start":{"line":21,"column":4},"end":{"line":21,"column":54}},"18":{"start":{"line":22,"column":21},"end":{"line":33,"column":6}},"19":{"start":{"line":24,"column":12},"end":{"line":24,"column":59}},"20":{"start":{"line":25,"column":12},"end":{"line":25,"column":48}},"21":{"start":{"line":28,"column":12},"end":{"line":28,"column":50}},"22":{"start":{"line":29,"column":12},"end":{"line":30,"column":38}},"23":{"start":{"line":30,"column":16},"end":{"line":30,"column":38}},"24":{"start":{"line":34,"column":4},"end":{"line":34,"column":41}},"25":{"start":{"line":35,"column":24},"end":{"line":41,"column":5}},"26":{"start":{"line":36,"column":28},"end":{"line":36,"column":55}},"27":{"start":{"line":37,"column":26},"end":{"line":37,"column":75}},"28":{"start":{"line":38,"column":8},"end":{"line":40,"column":11}},"29":{"start":{"line":42,"column":4},"end":{"line":42,"column":44}},"30":{"start":{"line":43,"column":4},"end":{"line":43,"column":37}}},"fnMap":{"0":{"name":"createKeyboard","decl":{"start":{"line":3,"column":16},"end":{"line":3,"column":30}},"loc":{"start":{"line":3,"column":47},"end":{"line":44,"column":1}},"line":3},"1":{"name":"(anonymous_1)","decl":{"start":{"line":23,"column":18},"end":{"line":23,"column":19}},"loc":{"start":{"line":23,"column":29},"end":{"line":26,"column":9}},"line":23},"2":{"name":"(anonymous_2)","decl":{"start":{"line":27,"column":20},"end":{"line":27,"column":21}},"loc":{"start":{"line":27,"column":32},"end":{"line":31,"column":9}},"line":27},"3":{"name":"(anonymous_3)","decl":{"start":{"line":35,"column":24},"end":{"line":35,"column":25}},"loc":{"start":{"line":35,"column":38},"end":{"line":41,"column":5}},"line":35}},"branchMap":{"0":{"loc":{"start":{"line":29,"column":12},"end":{"line":30,"column":38}},"type":"if","locations":[{"start":{"line":29,"column":12},"end":{"line":30,"column":38}},{"start":{},"end":{}}],"line":29},"1":{"loc":{"start":{"line":29,"column":16},"end":{"line":29,"column":59}},"type":"binary-expr","locations":[{"start":{"line":29,"column":16},"end":{"line":29,"column":36}},{"start":{"line":29,"column":40},"end":{"line":29,"column":59}}],"line":29},"2":{"loc":{"start":{"line":37,"column":26},"end":{"line":37,"column":75}},"type":"cond-expr","locations":[{"start":{"line":37,"column":56},"end":{"line":37,"column":63}},{"start":{"line":37,"column":66},"end":{"line":37,"column":75}}],"line":37}},"s":{"0":0,"1":0,"2":0,"3":0,"4":0,"5":0,"6":0,"7":0,"8":0,"9":0,"10":0,"11":0,"12":0,"13":0,"14":0,"15":0,"16":0,"17":0,"18":0,"19":0,"20":0,"21":0,"22":0,"23":0,"24":0,"25":0,"26":0,"27":0,"28":0,"29":0,"30":0},"f":{"0":0,"1":0,"2":0,"3":0},"b":{"0":[0,0],"1":[0,0],"2":[0,0]}}
[...]
,"/Users/levigoldberg/Desktop/JC Lab/cognitive-apathy/src/utils.ts": {"path":"/Users/levigoldberg/Desktop/JC Lab/cognitive-apathy/src/utils.ts","statementMap":{"0":{"start":{"line":12,"column":0},"end":{"line":12,"column":16}},"1":{"start":{"line":40,"column":0},"end":{"line":40,"column":16}},"2":{"start":{"line":62,"column":0},"end":{"line":62,"column":16}},"3":{"start":{"line":98,"column":0},"end":{"line":98,"column":16}},"4":{"start":{"line":13,"column":10},"end":{"line":13,"column":11}},"5":{"start":{"line":14,"column":10},"end":{"line":14,"column":11}},"6":{"start":{"line":16,"column":2},"end":{"line":16,"column":36}},"7":{"start":{"line":16,"column":18},"end":{"line":16,"column":36}},"8":{"start":{"line":17,"column":2},"end":{"line":17,"column":36}},"9":{"start":{"line":17,"column":18},"end":{"line":17,"column":36}},"10":{"start":{"line":18,"column":12},"end":{"line":18,"column":71}},"11":{"start":{"line":20,"column":2},"end":{"line":20,"column":25}},"12":{"start":{"line":21,"column":2},"end":{"line":27,"column":3}},"13":{"start":{"line":22,"column":4},"end":{"line":22,"column":41}},"14":{"start":{"line":24,"column":4},"end":{"line":24,"column":30}},"15":{"start":{"line":25,"column":4},"end":{"line":25,"column":21}},"16":{"start":{"line":26,"column":4},"end":{"line":26,"column":15}},"17":{"start":{"line":28,"column":2},"end":{"line":28,"column":13}},"18":{"start":{"line":47,"column":2},"end":{"line":51,"column":4}},"19":{"start":{"line":67,"column":25},"end":{"line":72,"column":23}},"20":{"start":{"line":74,"column":22},"end":{"line":74,"column":45}},"21":{"start":{"line":75,"column":2},"end":{"line":75,"column":21}},"22":{"start":{"line":78,"column":25},"end":{"line":95,"column":1}},"23":{"start":{"line":83,"column":28},"end":{"line":87,"column":16}},"24":{"start":{"line":89,"column":2},"end":{"line":93,"column":3}},"25":{"start":{"line":90,"column":4},"end":{"line":90,"column":76}},"26":{"start":{"line":91,"column":9},"end":{"line":93,"column":3}},"27":{"start":{"line":92,"column":4},"end":{"line":92,"column":73}},"28":{"start":{"line":94,"column":2},"end":{"line":94,"column":15}},"29":{"start":{"line":78,"column":13},"end":{"line":78,"column":25}},"30":{"start":{"line":99,"column":27},"end":{"line":101,"column":45}},"31":{"start":{"line":102,"column":2},"end":{"line":102,"column":32}},"32":{"start":{"line":103,"column":2},"end":{"line":103,"column":49}},"33":{"start":{"line":104,"column":2},"end":{"line":104,"column":49}}},"fnMap":{"0":{"name":"randomNumberBm","decl":{"start":{"line":12,"column":16},"end":{"line":12,"column":30}},"loc":{"start":{"line":12,"column":65},"end":{"line":29,"column":1}}},"1":{"name":"autoIncreaseAmount","decl":{"start":{"line":40,"column":16},"end":{"line":40,"column":34}},"loc":{"start":{"line":45,"column":16},"end":{"line":52,"column":1}}},"2":{"name":"calculateMedianTapCount","decl":{"start":{"line":62,"column":16},"end":{"line":62,"column":39}},"loc":{"start":{"line":65,"column":18},"end":{"line":76,"column":1}}},"3":{"name":"(anonymous_3)","decl":{"start":{"line":78,"column":25},"end":{"line":78,"column":null}},"loc":{"start":{"line":82,"column":13},"end":{"line":95,"column":1}}},"4":{"name":"calculateTotalReward","decl":{"start":{"line":98,"column":16},"end":{"line":98,"column":36}},"loc":{"start":{"line":98,"column":53},"end":{"line":105,"column":1}}}},"branchMap":{"0":{"loc":{"start":{"line":12,"column":57},"end":{"line":12,"column":65}},"type":"default-arg","locations":[{"start":{"line":12,"column":64},"end":{"line":12,"column":65}}]},"1":{"loc":{"start":{"line":21,"column":2},"end":{"line":27,"column":3}},"type":"if","locations":[{"start":{"line":21,"column":2},"end":{"line":27,"column":3}},{"start":{"line":23,"column":9},"end":{"line":27,"column":3}}]},"2":{"loc":{"start":{"line":21,"column":6},"end":{"line":21,"column":24}},"type":"binary-expr","locations":[{"start":{"line":21,"column":6},"end":{"line":21,"column":13}},{"start":{"line":21,"column":17},"end":{"line":21,"column":24}}]},"3":{"loc":{"start":{"line":89,"column":2},"end":{"line":93,"column":3}},"type":"if","locations":[{"start":{"line":89,"column":2},"end":{"line":93,"column":3}},{"start":{"line":91,"column":9},"end":{"line":93,"column":3}}]},"4":{"loc":{"start":{"line":90,"column":11},"end":{"line":90,"column":75}},"type":"cond-expr","locations":[{"start":{"line":90,"column":31},"end":{"line":90,"column":67}},{"start":{"line":90,"column":70},"end":{"line":90,"column":75}}]},"5":{"loc":{"start":{"line":91,"column":9},"end":{"line":93,"column":3}},"type":"if","locations":[{"start":{"line":91,"column":9},"end":{"line":93,"column":3}}]},"6":{"loc":{"start":{"line":92,"column":11},"end":{"line":92,"column":72}},"type":"cond-expr","locations":[{"start":{"line":92,"column":31},"end":{"line":92,"column":65}},{"start":{"line":92,"column":68},"end":{"line":92,"column":72}}]}},"s":{"0":0,"1":0,"2":0,"3":0,"4":0,"5":0,"6":0,"7":0,"8":0,"9":0,"10":0,"11":0,"12":0,"13":0,"14":0,"15":0,"16":0,"17":0,"18":0,"19":0,"20":0,"21":0,"22":0,"23":0,"24":0,"25":0,"26":0,"27":0,"28":0,"29":0,"30":0,"31":0,"32":0,"33":0},"f":{"0":0,"1":0,"2":0,"3":0,"4":0},"b":{"0":[0],"1":[0,0],"2":[0,0],"3":[0,0],"4":[0,0],"5":[0],"6":[0,0]}}
,"/Users/levigoldberg/Desktop/JC Lab/cognitive-apathy/src/validation.js": {"path":"/Users/levigoldberg/Desktop/JC Lab/cognitive-apathy/src/validation.js","statementMap":{"0":{"start":{"line":10,"column":38},"end":{"line":29,"column":1}},"1":{"start":{"line":11,"column":4},"end":{"line":28,"column":5}},"2":{"start":{"line":12,"column":8},"end":{"line":17,"column":9}},"3":{"start":{"line":13,"column":12},"end":{"line":13,"column":55}},"4":{"start":{"line":14,"column":12},"end":{"line":16,"column":13}},"5":{"start":{"line":14,"column":73},"end":{"line":14,"column":125}},"6":{"start":{"line":15,"column":16},"end":{"line":15,"column":53}},"7":{"start":{"line":20,"column":8},"end":{"line":22,"column":9}},"8":{"start":{"line":21,"column":12},"end":{"line":21,"column":44}},"9":{"start":{"line":23,"column":8},"end":{"line":27,"column":9}},"10":{"start":{"line":24,"column":12},"end":{"line":24,"column":55}},"11":{"start":{"line":25,"column":12},"end":{"line":25,"column":66}},"12":{"start":{"line":26,"column":12},"end":{"line":26,"column":44}},"13":{"start":{"line":30,"column":37},"end":{"line":64,"column":2}},"14":{"start":{"line":30,"column":95},"end":{"line":64,"column":1}},"15":{"start":{"line":40,"column":16},"end":{"line":40,"column":163}},"16":{"start":{"line":46,"column":16},"end":{"line":46,"column":43}},"17":{"start":{"line":47,"column":16},"end":{"line":47,"column":68}},"18":{"start":{"line":56,"column":16},"end":{"line":56,"column":79}},"19":{"start":{"line":65,"column":38},"end":{"line":78,"column":2}},"20":{"start":{"line":65,"column":59},"end":{"line":78,"column":1}},"21":{"start":{"line":69,"column":8},"end":{"line":71,"column":40}},"22":{"start":{"line":74,"column":8},"end":{"line":76,"column":9}},"23":{"start":{"line":75,"column":12},"end":{"line":75,"column":43}},"24":{"start":{"line":79,"column":35},"end":{"line":79,"column":143}},"25":{"start":{"line":79,"column":55},"end":{"line":79,"column":143}},"26":{"start":{"line":80,"column":37},"end":{"line":80,"column":147}},"27":{"start":{"line":80,"column":57},"end":{"line":80,"column":147}},"28":{"start":{"line":81,"column":35},"end":{"line":81,"column":143}},"29":{"start":{"line":81,"column":55},"end":{"line":81,"column":143}},"30":{"start":{"line":82,"column":36},"end":{"line":82,"column":151}},"31":{"start":{"line":82,"column":56},"end":{"line":82,"column":151}}},"fnMap":{"0":{"name":"(anonymous_0)","decl":{"start":{"line":10,"column":38},"end":{"line":10,"column":39}},"loc":{"start":{"line":10,"column":71},"end":{"line":29,"column":1}},"line":10},"1":{"name":"(anonymous_1)","decl":{"start":{"line":14,"column":61},"end":{"line":14,"column":62}},"loc":{"start":{"line":14,"column":73},"end":{"line":14,"column":125}},"line":14},"2":{"name":"(anonymous_2)","decl":{"start":{"line":30,"column":37},"end":{"line":30,"column":38}},"loc":{"start":{"line":30,"column":95},"end":{"line":64,"column":1}},"line":30},"3":{"name":"(anonymous_3)","decl":{"start":{"line":39,"column":32},"end":{"line":39,"column":33}},"loc":{"start":{"line":39,"column":44},"end":{"line":41,"column":13}},"line":39},"4":{"name":"(anonymous_4)","decl":{"start":{"line":45,"column":23},"end":{"line":45,"column":24}},"loc":{"start":{"line":45,"column":39},"end":{"line":48,"column":13}},"line":45},"5":{"name":"(anonymous_5)","decl":{"start":{"line":55,"column":34},"end":{"line":55,"column":35}},"loc":{"start":{"line":55,"column":46},"end":{"line":57,"column":13}},"line":55},"6":{"name":"(anonymous_6)","decl":{"start":{"line":65,"column":38},"end":{"line":65,"column":39}},"loc":{"start":{"line":65,"column":59},"end":{"line":78,"column":1}},"line":65},"7":{"name":"(anonymous_7)","decl":{"start":{"line":68,"column":14},"end":{"line":68,"column":15}},"loc":{"start":{"line":68,"column":26},"end":{"line":72,"column":5}},"line":68},"8":{"name":"(anonymous_8)","decl":{"start":{"line":73,"column":15},"end":{"line":73,"column":16}},"loc":{"start":{"line":73,"column":27},"end":{"line":77,"column":5}},"line":73},"9":{"name":"(anonymous_9)","decl":{"start":{"line":79,"column":35},"end":{"line":79,"column":36}},"loc":{"start":{"line":79,"column":55},"end":{"line":79,"column":143}},"line":79},"10":{"name":"(anonymous_10)","decl":{"start":{"line":80,"column":37},"end":{"line":80,"column":38}},"loc":{"start":{"line":80,"column":57},"end":{"line":80,"column":147}},"line":80},"11":{"name":"(anonymous_11)","decl":{"start":{"line":81,"column":35},"end":{"line":81,"column":36}},"loc":{"start":{"line":81,"column":55},"end":{"line":81,"column":143}},"line":81},"12":{"name":"(anonymous_12)","decl":{"start":{"line":82,"column":36},"end":{"line":82,"column":37}},"loc":{"start":{"line":82,"column":56},"end":{"line":82,"column":151}},"line":82}},"branchMap":{"0":{"loc":{"start":{"line":11,"column":4},"end":{"line":28,"column":5}},"type":"if","locations":[{"start":{"line":11,"column":4},"end":{"line":28,"column":5}},{"start":{"line":19,"column":9},"end":{"line":28,"column":5}}],"line":11},"1":{"loc":{"start":{"line":12,"column":8},"end":{"line":17,"column":9}},"type":"if","locations":[{"start":{"line":12,"column":8},"end":{"line":17,"column":9}},{"start":{},"end":{}}],"line":12},"2":{"loc":{"start":{"line":14,"column":12},"end":{"line":16,"column":13}},"type":"if","locations":[{"start":{"line":14,"column":12},"end":{"line":16,"column":13}},{"start":{},"end":{}}],"line":14},"3":{"loc":{"start":{"line":20,"column":8},"end":{"line":22,"column":9}},"type":"if","locations":[{"start":{"line":20,"column":8},"end":{"line":22,"column":9}},{"start":{},"end":{}}],"line":20},"4":{"loc":{"start":{"line":23,"column":8},"end":{"line":27,"column":9}},"type":"if","locations":[{"start":{"line":23,"column":8},"end":{"line":27,"column":9}},{"start":{},"end":{}}],"line":23},"5":{"loc":{"start":{"line":69,"column":15},"end":{"line":71,"column":39}},"type":"cond-expr","locations":[{"start":{"line":70,"column":14},"end":{"line":70,"column":39}},{"start":{"line":71,"column":14},"end":{"line":71,"column":39}}],"line":69},"6":{"loc":{"start":{"line":74,"column":8},"end":{"line":76,"column":9}},"type":"if","locations":[{"start":{"line":74,"column":8},"end":{"line":76,"column":9}},{"start":{},"end":{}}],"line":74}},"s":{"0":0,"1":0,"2":0,"3":0,"4":0,"5":0,"6":0,"7":0,"8":0,"9":0,"10":0,"11":0,"12":0,"13":0,"14":0,"15":0,"16":0,"17":0,"18":0,"19":0,"20":0,"21":0,"22":0,"23":0,"24":0,"25":0,"26":0,"27":0,"28":0,"29":0,"30":0,"31":0},"f":{"0":0,"1":0,"2":0,"3":0,"4":0,"5":0,"6":0,"7":0,"8":0,"9":0,"10":0,"11":0,"12":0},"b":{"0":[0,0],"1":[0,0],"2":[0,0],"3":[0,0],"4":[0,0],"5":[0,0],"6":[0,0]}}
,"/Users/levigoldberg/Desktop/JC Lab/cognitive-apathy/src/validation.ts": {"path":"/Users/levigoldberg/Desktop/JC Lab/cognitive-apathy/src/validation.ts","statementMap":{"0":{"start":{"line":1,"column":0},"end":{"line":1,"column":80}},"1":{"start":{"line":2,"column":0},"end":{"line":2,"column":null}},"2":{"start":{"line":12,"column":0},"end":{"line":12,"column":44}},"3":{"start":{"line":13,"column":0},"end":{"line":13,"column":48}},"4":{"start":{"line":14,"column":0},"end":{"line":14,"column":49}},"5":{"start":{"line":15,"column":0},"end":{"line":15,"column":49}},"6":{"start":{"line":16,"column":0},"end":{"line":16,"column":32}},"7":{"start":{"line":17,"column":0},"end":{"line":17,"column":56}},"8":{"start":{"line":18,"column":0},"end":{"line":18,"column":49}},"9":{"start":{"line":22,"column":38},"end":{"line":42,"column":1}},"10":{"start":{"line":23,"column":2},"end":{"line":41,"column":3}},"11":{"start":{"line":24,"column":4},"end":{"line":30,"column":5}},"12":{"start":{"line":25,"column":6},"end":{"line":25,"column":49}},"13":{"start":{"line":27,"column":6},"end":{"line":29,"column":7}},"14":{"start":{"line":27,"column":67},"end":{"line":27,"column":119}},"15":{"start":{"line":28,"column":8},"end":{"line":28,"column":45}},"16":{"start":{"line":32,"column":4},"end":{"line":34,"column":5}},"17":{"start":{"line":33,"column":6},"end":{"line":33,"column":38}},"18":{"start":{"line":36,"column":4},"end":{"line":40,"column":5}},"19":{"start":{"line":37,"column":6},"end":{"line":37,"column":49}},"20":{"start":{"line":38,"column":6},"end":{"line":38,"column":60}},"21":{"start":{"line":39,"column":6},"end":{"line":39,"column":38}},"22":{"start":{"line":22,"column":13},"end":{"line":22,"column":38}},"23":{"start":{"line":44,"column":37},"end":{"line":90,"column":2}},"24":{"start":{"line":50,"column":6},"end":{"line":90,"column":2}},"25":{"start":{"line":60,"column":8},"end":{"line":66,"column":10}},"26":{"start":{"line":72,"column":8},"end":{"line":72,"column":35}},"27":{"start":{"line":73,"column":8},"end":{"line":73,"column":60}},"28":{"start":{"line":82,"column":8},"end":{"line":82,"column":71}},"29":{"start":{"line":44,"column":13},"end":{"line":44,"column":37}},"30":{"start":{"line":92,"column":38},"end":{"line":105,"column":2}},"31":{"start":{"line":92,"column":75},"end":{"line":105,"column":2}},"32":{"start":{"line":96,"column":4},"end":{"line":98,"column":34}},"33":{"start":{"line":101,"column":4},"end":{"line":103,"column":5}},"34":{"start":{"line":102,"column":6},"end":{"line":102,"column":37}},"35":{"start":{"line":92,"column":13},"end":{"line":92,"column":38}},"36":{"start":{"line":107,"column":35},"end":{"line":113,"column":null}},"37":{"start":{"line":108,"column":2},"end":{"line":113,"column":null}},"38":{"start":{"line":107,"column":13},"end":{"line":107,"column":35}},"39":{"start":{"line":116,"column":37},"end":{"line":122,"column":null}},"40":{"start":{"line":117,"column":2},"end":{"line":122,"column":null}},"41":{"start":{"line":116,"column":13},"end":{"line":116,"column":37}},"42":{"start":{"line":125,"column":35},"end":{"line":131,"column":null}},"43":{"start":{"line":126,"column":2},"end":{"line":131,"column":null}},"44":{"start":{"line":125,"column":13},"end":{"line":125,"column":35}},"45":{"start":{"line":134,"column":36},"end":{"line":140,"column":null}},"46":{"start":{"line":135,"column":2},"end":{"line":140,"column":null}},"47":{"start":{"line":134,"column":13},"end":{"line":134,"column":36}}},"fnMap":{"0":{"name":"(anonymous_1)","decl":{"start":{"line":22,"column":38},"end":{"line":22,"column":39}},"loc":{"start":{"line":22,"column":101},"end":{"line":42,"column":1}}},"1":{"name":"(anonymous_2)","decl":{"start":{"line":27,"column":55},"end":{"line":27,"column":63}},"loc":{"start":{"line":27,"column":67},"end":{"line":27,"column":119}}},"2":{"name":"(anonymous_3)","decl":{"start":{"line":44,"column":37},"end":{"line":44,"column":null}},"loc":{"start":{"line":50,"column":6},"end":{"line":90,"column":2}}},"3":{"name":"(anonymous_4)","decl":{"start":{"line":59,"column":26},"end":{"line":59,"column":null}},"loc":{"start":{"line":59,"column":26},"end":{"line":67,"column":7}}},"4":{"name":"(anonymous_5)","decl":{"start":{"line":71,"column":17},"end":{"line":71,"column":27}},"loc":{"start":{"line":71,"column":47},"end":{"line":74,"column":7}}},"5":{"name":"(anonymous_6)","decl":{"start":{"line":81,"column":28},"end":{"line":81,"column":null}},"loc":{"start":{"line":81,"column":28},"end":{"line":83,"column":7}}},"6":{"name":"(anonymous_7)","decl":{"start":{"line":92,"column":38},"end":{"line":92,"column":39}},"loc":{"start":{"line":92,"column":75},"end":{"line":105,"column":2}}},"7":{"name":"(anonymous_8)","decl":{"start":{"line":95,"column":12},"end":{"line":95,"column":null}},"loc":{"start":{"line":95,"column":12},"end":{"line":99,"column":3}}},"8":{"name":"(anonymous_9)","decl":{"start":{"line":100,"column":13},"end":{"line":100,"column":null}},"loc":{"start":{"line":100,"column":13},"end":{"line":104,"column":3}}},"9":{"name":"(anonymous_10)","decl":{"start":{"line":107,"column":35},"end":{"line":107,"column":36}},"loc":{"start":{"line":108,"column":2},"end":{"line":113,"column":null}}},"10":{"name":"(anonymous_11)","decl":{"start":{"line":116,"column":37},"end":{"line":116,"column":38}},"loc":{"start":{"line":117,"column":2},"end":{"line":122,"column":null}}},"11":{"name":"(anonymous_12)","decl":{"start":{"line":125,"column":35},"end":{"line":125,"column":36}},"loc":{"start":{"line":126,"column":2},"end":{"line":131,"column":null}}},"12":{"name":"(anonymous_13)","decl":{"start":{"line":134,"column":36},"end":{"line":134,"column":37}},"loc":{"start":{"line":135,"column":2},"end":{"line":140,"column":null}}}},"branchMap":{"0":{"loc":{"start":{"line":23,"column":2},"end":{"line":41,"column":3}},"type":"if","locations":[{"start":{"line":23,"column":2},"end":{"line":41,"column":3}},{"start":{"line":31,"column":9},"end":{"line":41,"column":3}}]},"1":{"loc":{"start":{"line":24,"column":4},"end":{"line":30,"column":5}},"type":"if","locations":[{"start":{"line":24,"column":4},"end":{"line":30,"column":5}}]},"2":{"loc":{"start":{"line":27,"column":6},"end":{"line":29,"column":7}},"type":"if","locations":[{"start":{"line":27,"column":6},"end":{"line":29,"column":7}}]},"3":{"loc":{"start":{"line":32,"column":4},"end":{"line":34,"column":5}},"type":"if","locations":[{"start":{"line":32,"column":4},"end":{"line":34,"column":5}}]},"4":{"loc":{"start":{"line":36,"column":4},"end":{"line":40,"column":5}},"type":"if","locations":[{"start":{"line":36,"column":4},"end":{"line":40,"column":5}}]},"5":{"loc":{"start":{"line":96,"column":11},"end":{"line":98,"column":33}},"type":"cond-expr","locations":[{"start":{"line":97,"column":8},"end":{"line":97,"column":33}},{"start":{"line":98,"column":8},"end":{"line":98,"column":33}}]},"6":{"loc":{"start":{"line":101,"column":4},"end":{"line":103,"column":5}},"type":"if","locations":[{"start":{"line":101,"column":4},"end":{"line":103,"column":5}}]}},"s":{"0":0,"1":0,"2":0,"3":0,"4":0,"5":0,"6":0,"7":0,"8":0,"9":0,"10":0,"11":0,"12":0,"13":0,"14":0,"15":0,"16":0,"17":0,"18":0,"19":0,"20":0,"21":0,"22":0,"23":0,"24":0,"25":0,"26":0,"27":0,"28":0,"29":0,"30":0,"31":0,"32":0,"33":0,"34":0,"35":0,"36":0,"37":0,"38":0,"39":0,"40":0,"41":0,"42":0,"43":0,"44":0,"45":0,"46":0,"47":0},"f":{"0":0,"1":0,"2":0,"3":0,"4":0,"5":0,"6":0,"7":0,"8":0,"9":0,"10":0,"11":0,"12":0},"b":{"0":[0,0],"1":[0],"2":[0],"3":[0],"4":[0],"5":[0,0],"6":[0]}}
}
