{"/Users/levigoldberg/Desktop/JC Lab/cognitive-apathy/src/calibration.js": {"path":"/Users/levigoldberg/Desktop/JC Lab/cognitive-apathy/src/calibration.js","statementMap":{"0":{"start":{"line":9,"column":38},"end":{"line":83,"column":null}},"1":{"start":{"line":10,"column":4},"end":{"line":82,"column":null}},"2":{"start":{"line":20,"column":20},"end":{"line":20,"column":null}},"3":{"start":{"line":21,"column":20},"end":{"line":21,"column":null}},"4":{"start":{"line":29,"column":47},"end":{"line":29,"column":100}},"5":{"start":{"line":31,"column":20},"end":{"line":31,"column":null}},"6":{"start":{"line":34,"column":20},"end":{"line":56,"column":null}},"7":{"start":{"line":36,"column":24},"end":{"line":55,"column":null}},"8":{"start":{"line":38,"column":28},"end":{"line":38,"column":null}},"9":{"start":{"line":40,"column":28},"end":{"line":40,"column":null}},"10":{"start":{"line":42,"column":28},"end":{"line":44,"column":null}},"11":{"start":{"line":43,"column":32},"end":{"line":43,"column":null}},"12":{"start":{"line":46,"column":29},"end":{"line":55,"column":null}},"13":{"start":{"line":48,"column":28},"end":{"line":48,"column":null}},"14":{"start":{"line":50,"column":28},"end":{"line":50,"column":null}},"15":{"start":{"line":52,"column":28},"end":{"line":54,"column":null}},"16":{"start":{"line":53,"column":32},"end":{"line":53,"column":null}},"17":{"start":{"line":62,"column":20},"end":{"line":62,"column":null}},"18":{"start":{"line":72,"column":38},"end":{"line":74,"column":54}},"19":{"start":{"line":75,"column":37},"end":{"line":77,"column":49}},"20":{"start":{"line":78,"column":39},"end":{"line":78,"column":75}},"21":{"start":{"line":79,"column":12},"end":{"line":79,"column":null}},"22":{"start":{"line":80,"column":90},"end":{"line":80,"column":null}},"23":{"start":{"line":90,"column":90},"end":{"line":151,"column":null}},"24":{"start":{"line":91,"column":90},"end":{"line":150,"column":null}},"25":{"start":{"line":98,"column":90},"end":{"line":103,"column":null}},"26":{"start":{"line":99,"column":90},"end":{"line":99,"column":null}},"27":{"start":{"line":102,"column":90},"end":{"line":102,"column":null}},"28":{"start":{"line":104,"column":90},"end":{"line":104,"column":null}},"29":{"start":{"line":105,"column":90},"end":{"line":105,"column":null}},"30":{"start":{"line":123,"column":90},"end":{"line":137,"column":null}},"31":{"start":{"line":124,"column":90},"end":{"line":128,"column":null}},"32":{"start":{"line":125,"column":90},"end":{"line":125,"column":null}},"33":{"start":{"line":128,"column":90},"end":{"line":128,"column":null}},"34":{"start":{"line":130,"column":90},"end":{"line":137,"column":null}},"35":{"start":{"line":131,"column":90},"end":{"line":131,"column":null}},"36":{"start":{"line":132,"column":90},"end":{"line":136,"column":null}},"37":{"start":{"line":133,"column":90},"end":{"line":133,"column":null}},"38":{"start":{"line":136,"column":90},"end":{"line":136,"column":null}},"39":{"start":{"line":143,"column":90},"end":{"line":148,"column":null}},"40":{"start":{"line":144,"column":90},"end":{"line":144,"column":null}},"41":{"start":{"line":146,"column":90},"end":{"line":148,"column":null}},"42":{"start":{"line":147,"column":90},"end":{"line":147,"column":null}},"43":{"start":{"line":153,"column":90},"end":{"line":163,"column":null}},"44":{"start":{"line":164,"column":90},"end":{"line":169,"column":null}},"45":{"start":{"line":170,"column":90},"end":{"line":180,"column":null}},"46":{"start":{"line":181,"column":90},"end":{"line":186,"column":null}}},"fnMap":{"0":{"name":"(anonymous_0)","decl":{"start":{"line":9,"column":38},"end":{"line":9,"column":39}},"loc":{"start":{"line":9,"column":118},"end":{"line":83,"column":null}}},"1":{"name":"(anonymous_1)","decl":{"start":{"line":19,"column":36},"end":{"line":19,"column":45}},"loc":{"start":{"line":19,"column":48},"end":{"line":22,"column":17}}},"2":{"name":"(anonymous_2)","decl":{"start":{"line":28,"column":26},"end":{"line":28,"column":35}},"loc":{"start":{"line":28,"column":43},"end":{"line":32,"column":17}}},"3":{"name":"(anonymous_3)","decl":{"start":{"line":33,"column":27},"end":{"line":33,"column":36}},"loc":{"start":{"line":33,"column":43},"end":{"line":57,"column":17}}},"4":{"name":"(anonymous_4)","decl":{"start":{"line":61,"column":38},"end":{"line":61,"column":47}},"loc":{"start":{"line":61,"column":50},"end":{"line":63,"column":17}}},"5":{"name":"(anonymous_5)","decl":{"start":{"line":70,"column":23},"end":{"line":70,"column":32}},"loc":{"start":{"line":70,"column":35},"end":{"line":81,"column":null}}},"6":{"name":"(anonymous_6)","decl":{"start":{"line":90,"column":90},"end":{"line":90,"column":null}},"loc":{"start":{"line":90,"column":90},"end":{"line":151,"column":null}}},"7":{"name":"(anonymous_7)","decl":{"start":{"line":96,"column":90},"end":{"line":96,"column":null}},"loc":{"start":{"line":96,"column":90},"end":{"line":106,"column":null}}},"8":{"name":"(anonymous_8)","decl":{"start":{"line":122,"column":90},"end":{"line":122,"column":null}},"loc":{"start":{"line":122,"column":90},"end":{"line":138,"column":null}}},"9":{"name":"(anonymous_9)","decl":{"start":{"line":142,"column":90},"end":{"line":142,"column":null}},"loc":{"start":{"line":142,"column":90},"end":{"line":149,"column":null}}},"10":{"name":"(anonymous_10)","decl":{"start":{"line":153,"column":90},"end":{"line":153,"column":null}},"loc":{"start":{"line":153,"column":90},"end":{"line":163,"column":null}}},"11":{"name":"(anonymous_11)","decl":{"start":{"line":164,"column":90},"end":{"line":164,"column":null}},"loc":{"start":{"line":164,"column":90},"end":{"line":169,"column":null}}},"12":{"name":"(anonymous_12)","decl":{"start":{"line":170,"column":90},"end":{"line":170,"column":null}},"loc":{"start":{"line":170,"column":90},"end":{"line":180,"column":null}}},"13":{"name":"(anonymous_13)","decl":{"start":{"line":181,"column":90},"end":{"line":181,"column":null}},"loc":{"start":{"line":181,"column":90},"end":{"line":186,"column":null}}}},"branchMap":{"0":{"loc":{"start":{"line":34,"column":20},"end":{"line":56,"column":null}},"type":"if","locations":[{"start":{"line":34,"column":20},"end":{"line":56,"column":null}}]},"1":{"loc":{"start":{"line":34,"column":24},"end":{"line":34,"column":74}},"type":"binary-expr","locations":[{"start":{"line":34,"column":24},"end":{"line":34,"column":47}},{"start":{"line":34,"column":50},"end":{"line":34,"column":74}}]},"2":{"loc":{"start":{"line":36,"column":24},"end":{"line":55,"column":null}},"type":"if","locations":[{"start":{"line":36,"column":24},"end":{"line":55,"column":null}},{"start":{"line":46,"column":29},"end":{"line":55,"column":null}}]},"3":{"loc":{"start":{"line":42,"column":28},"end":{"line":44,"column":null}},"type":"if","locations":[{"start":{"line":42,"column":28},"end":{"line":44,"column":null}}]},"4":{"loc":{"start":{"line":46,"column":29},"end":{"line":55,"column":null}},"type":"if","locations":[{"start":{"line":46,"column":29},"end":{"line":55,"column":null}}]},"5":{"loc":{"start":{"line":52,"column":28},"end":{"line":54,"column":null}},"type":"if","locations":[{"start":{"line":52,"column":28},"end":{"line":54,"column":null}}]},"6":{"loc":{"start":{"line":72,"column":38},"end":{"line":74,"column":54}},"type":"cond-expr","locations":[{"start":{"line":73,"column":18},"end":{"line":73,"column":null}},{"start":{"line":74,"column":18},"end":{"line":74,"column":54}}]},"7":{"loc":{"start":{"line":75,"column":37},"end":{"line":77,"column":49}},"type":"cond-expr","locations":[{"start":{"line":76,"column":18},"end":{"line":76,"column":null}},{"start":{"line":77,"column":18},"end":{"line":77,"column":49}}]},"8":{"loc":{"start":{"line":98,"column":90},"end":{"line":103,"column":null}},"type":"if","locations":[{"start":{"line":98,"column":90},"end":{"line":103,"column":null}},{"start":{"line":101,"column":90},"end":{"line":103,"column":null}}]},"9":{"loc":{"start":{"line":123,"column":90},"end":{"line":137,"column":null}},"type":"if","locations":[{"start":{"line":123,"column":90},"end":{"line":137,"column":null}},{"start":{"line":130,"column":90},"end":{"line":137,"column":null}}]},"10":{"loc":{"start":{"line":124,"column":90},"end":{"line":128,"column":null}},"type":"if","locations":[{"start":{"line":124,"column":90},"end":{"line":128,"column":null}},{"start":{"line":128,"column":90},"end":{"line":128,"column":null}}]},"11":{"loc":{"start":{"line":130,"column":90},"end":{"line":137,"column":null}},"type":"if","locations":[{"start":{"line":130,"column":90},"end":{"line":137,"column":null}}]},"12":{"loc":{"start":{"line":132,"column":90},"end":{"line":136,"column":null}},"type":"if","locations":[{"start":{"line":132,"column":90},"end":{"line":136,"column":null}},{"start":{"line":136,"column":90},"end":{"line":136,"column":null}}]},"13":{"loc":{"start":{"line":143,"column":90},"end":{"line":148,"column":null}},"type":"if","locations":[{"start":{"line":143,"column":90},"end":{"line":148,"column":null}},{"start":{"line":146,"column":90},"end":{"line":148,"column":null}}]},"14":{"loc":{"start":{"line":146,"column":90},"end":{"line":148,"column":null}},"type":"if","locations":[{"start":{"line":146,"column":90},"end":{"line":148,"column":null}}]}},"s":{"0":0,"1":0,"2":0,"3":0,"4":0,"5":0,"6":0,"7":0,"8":0,"9":0,"10":0,"11":0,"12":0,"13":0,"14":0,"15":0,"16":0,"17":0,"18":0,"19":0,"20":0,"21":0,"22":0,"23":0,"24":0,"25":0,"26":0,"27":0,"28":0,"29":0,"30":0,"31":0,"32":0,"33":0,"34":0,"35":0,"36":0,"37":0,"38":0,"39":0,"40":0,"41":0,"42":0,"43":0,"44":0,"45":0,"46":0},"f":{"0":0,"1":0,"2":0,"3":0,"4":0,"5":0,"6":0,"7":0,"8":0,"9":0,"10":0,"11":0,"12":0,"13":0},"b":{"0":[0],"1":[0,0],"2":[0,0],"3":[0],"4":[0],"5":[0],"6":[0,0],"7":[0,0],"8":[0,0],"9":[0,0],"10":[0,0],"11":[0],"12":[0,0],"13":[0,0],"14":[0]}}
,"/Users/levigoldberg/Desktop/JC Lab/cognitive-apathy/src/calibration.ts": {"path":"/Users/levigoldberg/Desktop/JC Lab/cognitive-apathy/src/calibration.ts","statementMap":{"0":{"start":{"line":31,"column":38},"end":{"line":135,"column":null}},"1":{"start":{"line":39,"column":2},"end":{"line":134,"column":null}},"2":{"start":{"line":49,"column":10},"end":{"line":49,"column":null}},"3":{"start":{"line":50,"column":10},"end":{"line":55,"column":null}},"4":{"start":{"line":63,"column":37},"end":{"line":67,"column":11}},"5":{"start":{"line":69,"column":10},"end":{"line":69,"column":null}},"6":{"start":{"line":72,"column":10},"end":{"line":102,"column":null}},"7":{"start":{"line":74,"column":12},"end":{"line":101,"column":null}},"8":{"start":{"line":76,"column":14},"end":{"line":76,"column":null}},"9":{"start":{"line":78,"column":14},"end":{"line":82,"column":null}},"10":{"start":{"line":84,"column":14},"end":{"line":86,"column":null}},"11":{"start":{"line":85,"column":16},"end":{"line":85,"column":null}},"12":{"start":{"line":87,"column":19},"end":{"line":101,"column":null}},"13":{"start":{"line":89,"column":14},"end":{"line":89,"column":null}},"14":{"start":{"line":91,"column":14},"end":{"line":95,"column":null}},"15":{"start":{"line":97,"column":14},"end":{"line":100,"column":null}},"16":{"start":{"line":98,"column":16},"end":{"line":98,"column":null}},"17":{"start":{"line":108,"column":10},"end":{"line":108,"column":null}},"18":{"start":{"line":119,"column":8},"end":{"line":121,"column":48}},"19":{"start":{"line":124,"column":8},"end":{"line":126,"column":43}},"20":{"start":{"line":128,"column":33},"end":{"line":128,"column":69}},"21":{"start":{"line":129,"column":6},"end":{"line":131,"column":null}},"22":{"start":{"line":132,"column":74},"end":{"line":132,"column":null}},"23":{"start":{"line":145,"column":74},"end":{"line":204,"column":null}},"24":{"start":{"line":151,"column":74},"end":{"line":203,"column":null}},"25":{"start":{"line":158,"column":74},"end":{"line":162,"column":null}},"26":{"start":{"line":159,"column":74},"end":{"line":159,"column":null}},"27":{"start":{"line":161,"column":74},"end":{"line":161,"column":null}},"28":{"start":{"line":163,"column":74},"end":{"line":163,"column":null}},"29":{"start":{"line":164,"column":74},"end":{"line":164,"column":null}},"30":{"start":{"line":182,"column":74},"end":{"line":191,"column":null}},"31":{"start":{"line":183,"column":74},"end":{"line":185,"column":null}},"32":{"start":{"line":184,"column":74},"end":{"line":184,"column":null}},"33":{"start":{"line":185,"column":74},"end":{"line":185,"column":null}},"34":{"start":{"line":186,"column":74},"end":{"line":191,"column":null}},"35":{"start":{"line":187,"column":74},"end":{"line":187,"column":null}},"36":{"start":{"line":188,"column":74},"end":{"line":190,"column":null}},"37":{"start":{"line":189,"column":74},"end":{"line":189,"column":null}},"38":{"start":{"line":190,"column":74},"end":{"line":190,"column":null}},"39":{"start":{"line":197,"column":74},"end":{"line":201,"column":null}},"40":{"start":{"line":198,"column":74},"end":{"line":198,"column":null}},"41":{"start":{"line":199,"column":74},"end":{"line":201,"column":null}},"42":{"start":{"line":200,"column":74},"end":{"line":200,"column":null}},"43":{"start":{"line":208,"column":74},"end":{"line":219,"column":null}},"44":{"start":{"line":209,"column":74},"end":{"line":219,"column":null}},"45":{"start":{"line":221,"column":74},"end":{"line":230,"column":null}},"46":{"start":{"line":225,"column":74},"end":{"line":230,"column":null}},"47":{"start":{"line":232,"column":74},"end":{"line":243,"column":null}},"48":{"start":{"line":233,"column":74},"end":{"line":243,"column":null}},"49":{"start":{"line":245,"column":74},"end":{"line":254,"column":null}},"50":{"start":{"line":249,"column":74},"end":{"line":254,"column":null}}},"fnMap":{"0":{"name":"(anonymous_0)","decl":{"start":{"line":31,"column":38},"end":{"line":31,"column":39}},"loc":{"start":{"line":38,"column":30},"end":{"line":135,"column":null}}},"1":{"name":"(anonymous_1)","decl":{"start":{"line":48,"column":28},"end":{"line":48,"column":37}},"loc":{"start":{"line":48,"column":40},"end":{"line":56,"column":9}}},"2":{"name":"(anonymous_2)","decl":{"start":{"line":62,"column":18},"end":{"line":62,"column":27}},"loc":{"start":{"line":62,"column":40},"end":{"line":70,"column":9}}},"3":{"name":"(anonymous_3)","decl":{"start":{"line":71,"column":19},"end":{"line":71,"column":28}},"loc":{"start":{"line":71,"column":40},"end":{"line":103,"column":9}}},"4":{"name":"(anonymous_4)","decl":{"start":{"line":107,"column":30},"end":{"line":107,"column":39}},"loc":{"start":{"line":107,"column":42},"end":{"line":109,"column":9}}},"5":{"name":"(anonymous_5)","decl":{"start":{"line":116,"column":19},"end":{"line":116,"column":28}},"loc":{"start":{"line":116,"column":31},"end":{"line":133,"column":null}}},"6":{"name":"(anonymous_6)","decl":{"start":{"line":145,"column":74},"end":{"line":145,"column":null}},"loc":{"start":{"line":150,"column":74},"end":{"line":204,"column":null}}},"7":{"name":"(anonymous_7)","decl":{"start":{"line":156,"column":74},"end":{"line":156,"column":null}},"loc":{"start":{"line":156,"column":74},"end":{"line":165,"column":null}}},"8":{"name":"(anonymous_8)","decl":{"start":{"line":181,"column":74},"end":{"line":181,"column":null}},"loc":{"start":{"line":181,"column":74},"end":{"line":192,"column":null}}},"9":{"name":"(anonymous_9)","decl":{"start":{"line":196,"column":74},"end":{"line":196,"column":null}},"loc":{"start":{"line":196,"column":74},"end":{"line":202,"column":null}}},"10":{"name":"(anonymous_10)","decl":{"start":{"line":208,"column":74},"end":{"line":208,"column":null}},"loc":{"start":{"line":209,"column":74},"end":{"line":219,"column":null}}},"11":{"name":"(anonymous_11)","decl":{"start":{"line":221,"column":74},"end":{"line":221,"column":null}},"loc":{"start":{"line":225,"column":74},"end":{"line":230,"column":null}}},"12":{"name":"(anonymous_12)","decl":{"start":{"line":232,"column":74},"end":{"line":232,"column":null}},"loc":{"start":{"line":233,"column":74},"end":{"line":243,"column":null}}},"13":{"name":"(anonymous_13)","decl":{"start":{"line":245,"column":74},"end":{"line":245,"column":null}},"loc":{"start":{"line":249,"column":74},"end":{"line":254,"column":null}}}},"branchMap":{"0":{"loc":{"start":{"line":72,"column":10},"end":{"line":102,"column":null}},"type":"if","locations":[{"start":{"line":72,"column":10},"end":{"line":102,"column":null}}]},"1":{"loc":{"start":{"line":72,"column":14},"end":{"line":72,"column":64}},"type":"binary-expr","locations":[{"start":{"line":72,"column":14},"end":{"line":72,"column":37}},{"start":{"line":72,"column":40},"end":{"line":72,"column":64}}]},"2":{"loc":{"start":{"line":74,"column":12},"end":{"line":101,"column":null}},"type":"if","locations":[{"start":{"line":74,"column":12},"end":{"line":101,"column":null}},{"start":{"line":87,"column":19},"end":{"line":101,"column":null}}]},"3":{"loc":{"start":{"line":84,"column":14},"end":{"line":86,"column":null}},"type":"if","locations":[{"start":{"line":84,"column":14},"end":{"line":86,"column":null}}]},"4":{"loc":{"start":{"line":87,"column":19},"end":{"line":101,"column":null}},"type":"if","locations":[{"start":{"line":87,"column":19},"end":{"line":101,"column":null}}]},"5":{"loc":{"start":{"line":97,"column":14},"end":{"line":100,"column":null}},"type":"if","locations":[{"start":{"line":97,"column":14},"end":{"line":100,"column":null}}]},"6":{"loc":{"start":{"line":119,"column":8},"end":{"line":121,"column":48}},"type":"cond-expr","locations":[{"start":{"line":120,"column":12},"end":{"line":120,"column":null}},{"start":{"line":121,"column":12},"end":{"line":121,"column":48}}]},"7":{"loc":{"start":{"line":124,"column":8},"end":{"line":126,"column":43}},"type":"cond-expr","locations":[{"start":{"line":125,"column":12},"end":{"line":125,"column":null}},{"start":{"line":126,"column":12},"end":{"line":126,"column":43}}]},"8":{"loc":{"start":{"line":158,"column":74},"end":{"line":162,"column":null}},"type":"if","locations":[{"start":{"line":158,"column":74},"end":{"line":162,"column":null}},{"start":{"line":160,"column":74},"end":{"line":162,"column":null}}]},"9":{"loc":{"start":{"line":182,"column":74},"end":{"line":191,"column":null}},"type":"if","locations":[{"start":{"line":182,"column":74},"end":{"line":191,"column":null}},{"start":{"line":186,"column":74},"end":{"line":191,"column":null}}]},"10":{"loc":{"start":{"line":183,"column":74},"end":{"line":185,"column":null}},"type":"if","locations":[{"start":{"line":183,"column":74},"end":{"line":185,"column":null}},{"start":{"line":185,"column":74},"end":{"line":185,"column":null}}]},"11":{"loc":{"start":{"line":186,"column":74},"end":{"line":191,"column":null}},"type":"if","locations":[{"start":{"line":186,"column":74},"end":{"line":191,"column":null}}]},"12":{"loc":{"start":{"line":188,"column":74},"end":{"line":190,"column":null}},"type":"if","locations":[{"start":{"line":188,"column":74},"end":{"line":190,"column":null}},{"start":{"line":190,"column":74},"end":{"line":190,"column":null}}]},"13":{"loc":{"start":{"line":197,"column":74},"end":{"line":201,"column":null}},"type":"if","locations":[{"start":{"line":197,"column":74},"end":{"line":201,"column":null}},{"start":{"line":199,"column":74},"end":{"line":201,"column":null}}]},"14":{"loc":{"start":{"line":199,"column":74},"end":{"line":201,"column":null}},"type":"if","locations":[{"start":{"line":199,"column":74},"end":{"line":201,"column":null}}]}},"s":{"0":0,"1":0,"2":0,"3":0,"4":0,"5":0,"6":0,"7":0,"8":0,"9":0,"10":0,"11":0,"12":0,"13":0,"14":0,"15":0,"16":0,"17":0,"18":0,"19":0,"20":0,"21":0,"22":0,"23":0,"24":0,"25":0,"26":0,"27":0,"28":0,"29":0,"30":0,"31":0,"32":0,"33":0,"34":0,"35":0,"36":0,"37":0,"38":0,"39":0,"40":0,"41":0,"42":0,"43":0,"44":0,"45":0,"46":0,"47":0,"48":0,"49":0,"50":0},"f":{"0":0,"1":0,"2":0,"3":0,"4":0,"5":0,"6":0,"7":0,"8":0,"9":0,"10":0,"11":0,"12":0,"13":0},"b":{"0":[0],"1":[0,0],"2":[0,0],"3":[0],"4":[0],"5":[0],"6":[0,0],"7":[0,0],"8":[0,0],"9":[0,0],"10":[0,0],"11":[0],"12":[0,0],"13":[0,0],"14":[0]}}
,"/Users/levigoldberg/Desktop/JC Lab/cognitive-apathy/src/constants.js": {"path":"/Users/levigoldberg/Desktop/JC Lab/cognitive-apathy/src/constants.js","statementMap":{"0":{"start":{"line":3,"column":36},"end":{"line":3,"column":38}},"1":{"start":{"line":4,"column":37},"end":{"line":4,"column":38}},"2":{"start":{"line":5,"column":36},"end":{"line":5,"column":37}},"3":{"start":{"line":6,"column":34},"end":{"line":6,"column":37}},"4":{"start":{"line":7,"column":36},"end":{"line":7,"column":38}},"5":{"start":{"line":8,"column":42},"end":{"line":8,"column":45}},"6":{"start":{"line":9,"column":43},"end":{"line":9,"column":46}},"7":{"start":{"line":10,"column":28},"end":{"line":10,"column":43}},"8":{"start":{"line":11,"column":28},"end":{"line":11,"column":31}},"9":{"start":{"line":12,"column":27},"end":{"line":12,"column":45}},"10":{"start":{"line":13,"column":30},"end":{"line":13,"column":59}},"11":{"start":{"line":14,"column":28},"end":{"line":14,"column":69}},"12":{"start":{"line":15,"column":30},"end":{"line":15,"column":73}},"13":{"start":{"line":16,"column":27},"end":{"line":16,"column":35}},"14":{"start":{"line":17,"column":29},"end":{"line":17,"column":37}},"15":{"start":{"line":18,"column":27},"end":{"line":18,"column":35}},"16":{"start":{"line":19,"column":29},"end":{"line":19,"column":70}},"17":{"start":{"line":20,"column":55},"end":{"line":20,"column":56}},"18":{"start":{"line":21,"column":52},"end":{"line":21,"column":53}},"19":{"start":{"line":22,"column":38},"end":{"line":23,"column":40}},"20":{"start":{"line":24,"column":42},"end":{"line":24,"column":44}},"21":{"start":{"line":25,"column":59},"end":{"line":25,"column":61}},"22":{"start":{"line":26,"column":37},"end":{"line":26,"column":38}},"23":{"start":{"line":27,"column":43},"end":{"line":27,"column":44}},"24":{"start":{"line":28,"column":31},"end":{"line":28,"column":32}},"25":{"start":{"line":29,"column":33},"end":{"line":29,"column":34}},"26":{"start":{"line":30,"column":49},"end":{"line":30,"column":53}},"27":{"start":{"line":31,"column":26},"end":{"line":31,"column":28}},"28":{"start":{"line":32,"column":30},"end":{"line":32,"column":34}},"29":{"start":{"line":33,"column":38},"end":{"line":39,"column":3}},"30":{"start":{"line":36,"column":30},"end":{"line":39,"column":1}},"31":{"start":{"line":40,"column":44},"end":{"line":40,"column":98}},"32":{"start":{"line":41,"column":27},"end":{"line":41,"column":30}},"33":{"start":{"line":42,"column":39},"end":{"line":42,"column":42}},"34":{"start":{"line":43,"column":30},"end":{"line":43,"column":31}},"35":{"start":{"line":44,"column":48},"end":{"line":44,"column":52}},"36":{"start":{"line":45,"column":43},"end":{"line":45,"column":47}},"37":{"start":{"line":46,"column":31},"end":{"line":46,"column":33}},"38":{"start":{"line":48,"column":41},"end":{"line":48,"column":76}},"39":{"start":{"line":49,"column":41},"end":{"line":49,"column":76}},"40":{"start":{"line":50,"column":45},"end":{"line":55,"column":2}},"41":{"start":{"line":56,"column":56},"end":{"line":61,"column":2}},"42":{"start":{"line":62,"column":49},"end":{"line":62,"column":92}},"43":{"start":{"line":63,"column":45},"end":{"line":63,"column":84}},"44":{"start":{"line":64,"column":39},"end":{"line":64,"column":72}},"45":{"start":{"line":65,"column":49},"end":{"line":65,"column":92}},"46":{"start":{"line":66,"column":47},"end":{"line":66,"column":88}},"47":{"start":{"line":67,"column":37},"end":{"line":67,"column":68}},"48":{"start":{"line":68,"column":51},"end":{"line":68,"column":96}},"49":{"start":{"line":69,"column":31},"end":{"line":69,"column":56}},"50":{"start":{"line":70,"column":48},"end":{"line":70,"column":90}},"51":{"start":{"line":71,"column":33},"end":{"line":75,"column":2}},"52":{"start":{"line":76,"column":40},"end":{"line":76,"column":74}},"53":{"start":{"line":77,"column":36},"end":{"line":77,"column":66}},"54":{"start":{"line":78,"column":36},"end":{"line":78,"column":120}},"55":{"start":{"line":78,"column":63},"end":{"line":78,"column":120}},"56":{"start":{"line":79,"column":34},"end":{"line":79,"column":62}},"57":{"start":{"line":80,"column":49},"end":{"line":85,"column":2}},"58":{"start":{"line":86,"column":46},"end":{"line":88,"column":2}},"59":{"start":{"line":89,"column":49},"end":{"line":91,"column":2}},"60":{"start":{"line":92,"column":53},"end":{"line":97,"column":2}},"61":{"start":{"line":98,"column":36},"end":{"line":100,"column":2}},"62":{"start":{"line":101,"column":34},"end":{"line":101,"column":62}},"63":{"start":{"line":102,"column":40},"end":{"line":102,"column":74}},"64":{"start":{"line":103,"column":37},"end":{"line":103,"column":68}},"65":{"start":{"line":104,"column":28},"end":{"line":104,"column":50}},"66":{"start":{"line":105,"column":31},"end":{"line":105,"column":56}},"67":{"start":{"line":106,"column":26},"end":{"line":106,"column":46}},"68":{"start":{"line":107,"column":35},"end":{"line":107,"column":64}},"69":{"start":{"line":108,"column":39},"end":{"line":108,"column":72}},"70":{"start":{"line":109,"column":39},"end":{"line":109,"column":72}},"71":{"start":{"line":110,"column":36},"end":{"line":110,"column":66}},"72":{"start":{"line":111,"column":32},"end":{"line":117,"column":1}},"73":{"start":{"line":118,"column":41},"end":{"line":122,"column":1}},"74":{"start":{"line":123,"column":41},"end":{"line":129,"column":1}}},"fnMap":{"0":{"name":"(anonymous_0)","decl":{"start":{"line":36,"column":7},"end":{"line":36,"column":8}},"loc":{"start":{"line":36,"column":30},"end":{"line":39,"column":1}}},"1":{"name":"(anonymous_1)","decl":{"start":{"line":78,"column":36},"end":{"line":78,"column":37}},"loc":{"start":{"line":78,"column":63},"end":{"line":78,"column":120}}}},"branchMap":{},"s":{"0":0,"1":0,"2":0,"3":0,"4":0,"5":0,"6":0,"7":0,"8":0,"9":0,"10":0,"11":0,"12":0,"13":0,"14":0,"15":0,"16":0,"17":0,"18":0,"19":0,"20":0,"21":0,"22":0,"23":0,"24":0,"25":0,"26":0,"27":0,"28":0,"29":0,"30":0,"31":0,"32":0,"33":0,"34":0,"35":0,"36":0,"37":0,"38":0,"39":0,"40":0,"41":0,"42":0,"43":0,"44":0,"45":0,"46":0,"47":0,"48":0,"49":0,"50":0,"51":0,"52":0,"53":0,"54":0,"55":0,"56":0,"57":0,"58":0,"59":0,"60":0,"61":0,"62":0,"63":0,"64":0,"65":0,"66":0,"67":0,"68":0,"69":0,"70":0,"71":0,"72":0,"73":0,"74":0},"f":{"0":0,"1":0},"b":{}}
,"/Users/levigoldberg/Desktop/JC Lab/cognitive-apathy/src/constants.ts": {"path":"/Users/levigoldberg/Desktop/JC Lab/cognitive-apathy/src/constants.ts","statementMap":{"0":{"start":{"line":4,"column":36},"end":{"line":4,"column":38}},"1":{"start":{"line":5,"column":37},"end":{"line":5,"column":38}},"2":{"start":{"line":7,"column":36},"end":{"line":7,"column":37}},"3":{"start":{"line":8,"column":34},"end":{"line":8,"column":37}},"4":{"start":{"line":9,"column":36},"end":{"line":9,"column":38}},"5":{"start":{"line":10,"column":42},"end":{"line":10,"column":45}},"6":{"start":{"line":11,"column":43},"end":{"line":11,"column":46}},"7":{"start":{"line":12,"column":28},"end":{"line":12,"column":43}},"8":{"start":{"line":13,"column":28},"end":{"line":13,"column":31}},"9":{"start":{"line":15,"column":27},"end":{"line":15,"column":45}},"10":{"start":{"line":16,"column":30},"end":{"line":16,"column":59}},"11":{"start":{"line":17,"column":28},"end":{"line":17,"column":69}},"12":{"start":{"line":18,"column":30},"end":{"line":18,"column":73}},"13":{"start":{"line":20,"column":27},"end":{"line":20,"column":35}},"14":{"start":{"line":21,"column":29},"end":{"line":21,"column":37}},"15":{"start":{"line":22,"column":27},"end":{"line":22,"column":35}},"16":{"start":{"line":23,"column":29},"end":{"line":23,"column":70}},"17":{"start":{"line":25,"column":55},"end":{"line":25,"column":56}},"18":{"start":{"line":26,"column":52},"end":{"line":26,"column":53}},"19":{"start":{"line":28,"column":2},"end":{"line":29,"column":38}},"20":{"start":{"line":30,"column":42},"end":{"line":30,"column":44}},"21":{"start":{"line":31,"column":59},"end":{"line":31,"column":61}},"22":{"start":{"line":33,"column":37},"end":{"line":33,"column":38}},"23":{"start":{"line":34,"column":43},"end":{"line":34,"column":44}},"24":{"start":{"line":36,"column":31},"end":{"line":36,"column":32}},"25":{"start":{"line":37,"column":33},"end":{"line":37,"column":34}},"26":{"start":{"line":38,"column":49},"end":{"line":38,"column":53}},"27":{"start":{"line":40,"column":26},"end":{"line":40,"column":28}},"28":{"start":{"line":41,"column":30},"end":{"line":41,"column":34}},"29":{"start":{"line":42,"column":38},"end":{"line":48,"column":3}},"30":{"start":{"line":45,"column":30},"end":{"line":48,"column":1}},"31":{"start":{"line":49,"column":44},"end":{"line":51,"column":1}},"32":{"start":{"line":53,"column":27},"end":{"line":53,"column":30}},"33":{"start":{"line":54,"column":39},"end":{"line":54,"column":42}},"34":{"start":{"line":55,"column":30},"end":{"line":55,"column":31}},"35":{"start":{"line":56,"column":48},"end":{"line":56,"column":52}},"36":{"start":{"line":57,"column":43},"end":{"line":57,"column":47}},"37":{"start":{"line":58,"column":31},"end":{"line":58,"column":33}},"38":{"start":{"line":61,"column":41},"end":{"line":61,"column":76}},"39":{"start":{"line":62,"column":41},"end":{"line":62,"column":76}},"40":{"start":{"line":63,"column":45},"end":{"line":68,"column":2}},"41":{"start":{"line":69,"column":56},"end":{"line":74,"column":2}},"42":{"start":{"line":75,"column":49},"end":{"line":75,"column":92}},"43":{"start":{"line":76,"column":45},"end":{"line":76,"column":84}},"44":{"start":{"line":77,"column":39},"end":{"line":77,"column":72}},"45":{"start":{"line":78,"column":49},"end":{"line":78,"column":92}},"46":{"start":{"line":79,"column":47},"end":{"line":79,"column":88}},"47":{"start":{"line":80,"column":37},"end":{"line":80,"column":68}},"48":{"start":{"line":81,"column":51},"end":{"line":81,"column":96}},"49":{"start":{"line":82,"column":31},"end":{"line":82,"column":56}},"50":{"start":{"line":83,"column":48},"end":{"line":83,"column":90}},"51":{"start":{"line":84,"column":33},"end":{"line":88,"column":2}},"52":{"start":{"line":89,"column":40},"end":{"line":89,"column":74}},"53":{"start":{"line":90,"column":36},"end":{"line":90,"column":66}},"54":{"start":{"line":91,"column":36},"end":{"line":92,"column":59}},"55":{"start":{"line":92,"column":2},"end":{"line":92,"column":59}},"56":{"start":{"line":94,"column":34},"end":{"line":94,"column":62}},"57":{"start":{"line":95,"column":49},"end":{"line":100,"column":2}},"58":{"start":{"line":101,"column":46},"end":{"line":103,"column":2}},"59":{"start":{"line":104,"column":49},"end":{"line":106,"column":2}},"60":{"start":{"line":107,"column":53},"end":{"line":112,"column":2}},"61":{"start":{"line":113,"column":36},"end":{"line":115,"column":2}},"62":{"start":{"line":116,"column":34},"end":{"line":116,"column":62}},"63":{"start":{"line":117,"column":40},"end":{"line":117,"column":74}},"64":{"start":{"line":118,"column":37},"end":{"line":118,"column":68}},"65":{"start":{"line":119,"column":28},"end":{"line":119,"column":50}},"66":{"start":{"line":120,"column":31},"end":{"line":120,"column":56}},"67":{"start":{"line":121,"column":26},"end":{"line":121,"column":null}},"68":{"start":{"line":122,"column":35},"end":{"line":122,"column":null}},"69":{"start":{"line":123,"column":39},"end":{"line":123,"column":null}},"70":{"start":{"line":124,"column":39},"end":{"line":124,"column":null}},"71":{"start":{"line":125,"column":36},"end":{"line":125,"column":null}},"72":{"start":{"line":126,"column":32},"end":{"line":132,"column":1}},"73":{"start":{"line":133,"column":41},"end":{"line":137,"column":1}},"74":{"start":{"line":138,"column":41},"end":{"line":144,"column":1}}},"fnMap":{"0":{"name":"(anonymous_0)","decl":{"start":{"line":45,"column":7},"end":{"line":45,"column":8}},"loc":{"start":{"line":45,"column":30},"end":{"line":48,"column":1}}},"1":{"name":"(anonymous_1)","decl":{"start":{"line":91,"column":36},"end":{"line":91,"column":37}},"loc":{"start":{"line":92,"column":2},"end":{"line":92,"column":59}}}},"branchMap":{},"s":{"0":0,"1":0,"2":0,"3":0,"4":0,"5":0,"6":0,"7":0,"8":0,"9":0,"10":0,"11":0,"12":0,"13":0,"14":0,"15":0,"16":0,"17":0,"18":0,"19":0,"20":0,"21":0,"22":0,"23":0,"24":0,"25":0,"26":0,"27":0,"28":0,"29":0,"30":0,"31":0,"32":0,"33":0,"34":0,"35":0,"36":0,"37":0,"38":0,"39":0,"40":0,"41":0,"42":0,"43":0,"44":0,"45":0,"46":0,"47":0,"48":0,"49":0,"50":0,"51":0,"52":0,"53":0,"54":0,"55":0,"56":0,"57":0,"58":0,"59":0,"60":0,"61":0,"62":0,"63":0,"64":0,"65":0,"66":0,"67":0,"68":0,"69":0,"70":0,"71":0,"72":0,"73":0,"74":0},"f":{"0":0,"1":0},"b":{}}
,"/Users/levigoldberg/Desktop/JC Lab/cognitive-apathy/src/countdown.js": {"path":"/Users/levigoldberg/Desktop/JC Lab/cognitive-apathy/src/countdown.js","statementMap":{"0":{"start":{"line":6,"column":18},"end":{"line":44,"column":5}},"1":{"start":{"line":47,"column":8},"end":{"line":47,"column":null}},"2":{"start":{"line":50,"column":8},"end":{"line":50,"column":null}},"3":{"start":{"line":51,"column":24},"end":{"line":51,"column":26}},"4":{"start":{"line":52,"column":8},"end":{"line":52,"column":null}},"5":{"start":{"line":52,"column":51},"end":{"line":52,"column":87}},"6":{"start":{"line":53,"column":26},"end":{"line":53,"column":31}},"7":{"start":{"line":54,"column":23},"end":{"line":54,"column":27}},"8":{"start":{"line":58,"column":33},"end":{"line":58,"column":62}},"9":{"start":{"line":59,"column":8},"end":{"line":59,"column":null}},"10":{"start":{"line":60,"column":8},"end":{"line":60,"column":null}},"11":{"start":{"line":61,"column":8},"end":{"line":61,"column":null}},"12":{"start":{"line":62,"column":36},"end":{"line":62,"column":65}},"13":{"start":{"line":63,"column":8},"end":{"line":63,"column":null}},"14":{"start":{"line":64,"column":8},"end":{"line":64,"column":null}},"15":{"start":{"line":65,"column":31},"end":{"line":65,"column":60}},"16":{"start":{"line":66,"column":8},"end":{"line":66,"column":null}},"17":{"start":{"line":67,"column":8},"end":{"line":67,"column":null}},"18":{"start":{"line":68,"column":8},"end":{"line":101,"column":null}},"19":{"start":{"line":69,"column":46},"end":{"line":69,"column":76}},"20":{"start":{"line":70,"column":12},"end":{"line":70,"column":null}},"21":{"start":{"line":71,"column":12},"end":{"line":71,"column":null}},"22":{"start":{"line":72,"column":12},"end":{"line":72,"column":null}},"23":{"start":{"line":73,"column":12},"end":{"line":73,"column":null}},"24":{"start":{"line":74,"column":12},"end":{"line":74,"column":null}},"25":{"start":{"line":75,"column":12},"end":{"line":75,"column":null}},"26":{"start":{"line":76,"column":12},"end":{"line":76,"column":null}},"27":{"start":{"line":78,"column":12},"end":{"line":87,"column":null}},"28":{"start":{"line":79,"column":28},"end":{"line":79,"column":51}},"29":{"start":{"line":80,"column":16},"end":{"line":86,"column":null}},"30":{"start":{"line":81,"column":20},"end":{"line":81,"column":null}},"31":{"start":{"line":82,"column":35},"end":{"line":82,"column":85}},"32":{"start":{"line":83,"column":20},"end":{"line":85,"column":null}},"33":{"start":{"line":84,"column":24},"end":{"line":84,"column":null}},"34":{"start":{"line":88,"column":12},"end":{"line":96,"column":null}},"35":{"start":{"line":89,"column":28},"end":{"line":89,"column":51}},"36":{"start":{"line":90,"column":31},"end":{"line":90,"column":81}},"37":{"start":{"line":91,"column":16},"end":{"line":95,"column":null}},"38":{"start":{"line":92,"column":20},"end":{"line":92,"column":null}},"39":{"start":{"line":93,"column":20},"end":{"line":93,"column":null}},"40":{"start":{"line":94,"column":20},"end":{"line":94,"column":null}},"41":{"start":{"line":98,"column":12},"end":{"line":100,"column":null}},"42":{"start":{"line":99,"column":16},"end":{"line":99,"column":null}},"43":{"start":{"line":102,"column":31},"end":{"line":117,"column":9}},"44":{"start":{"line":103,"column":12},"end":{"line":103,"column":null}},"45":{"start":{"line":103,"column":66},"end":{"line":103,"column":94}},"46":{"start":{"line":104,"column":12},"end":{"line":116,"column":null}},"47":{"start":{"line":105,"column":16},"end":{"line":105,"column":null}},"48":{"start":{"line":106,"column":16},"end":{"line":106,"column":null}},"49":{"start":{"line":107,"column":16},"end":{"line":107,"column":null}},"50":{"start":{"line":109,"column":17},"end":{"line":116,"column":null}},"51":{"start":{"line":110,"column":16},"end":{"line":110,"column":null}},"52":{"start":{"line":111,"column":16},"end":{"line":111,"column":null}},"53":{"start":{"line":112,"column":16},"end":{"line":112,"column":null}},"54":{"start":{"line":113,"column":16},"end":{"line":113,"column":null}},"55":{"start":{"line":114,"column":16},"end":{"line":114,"column":null}},"56":{"start":{"line":115,"column":16},"end":{"line":115,"column":null}},"57":{"start":{"line":118,"column":30},"end":{"line":127,"column":9}},"58":{"start":{"line":119,"column":24},"end":{"line":119,"column":47}},"59":{"start":{"line":120,"column":12},"end":{"line":123,"column":null}},"60":{"start":{"line":121,"column":16},"end":{"line":121,"column":null}},"61":{"start":{"line":122,"column":16},"end":{"line":122,"column":null}},"62":{"start":{"line":124,"column":12},"end":{"line":126,"column":null}},"63":{"start":{"line":125,"column":16},"end":{"line":125,"column":null}},"64":{"start":{"line":128,"column":28},"end":{"line":134,"column":9}},"65":{"start":{"line":129,"column":24},"end":{"line":129,"column":47}},"66":{"start":{"line":130,"column":12},"end":{"line":133,"column":null}},"67":{"start":{"line":131,"column":16},"end":{"line":131,"column":null}},"68":{"start":{"line":132,"column":16},"end":{"line":132,"column":null}},"69":{"start":{"line":135,"column":31},"end":{"line":154,"column":9}},"70":{"start":{"line":136,"column":29},"end":{"line":136,"column":50}},"71":{"start":{"line":137,"column":32},"end":{"line":137,"column":49}},"72":{"start":{"line":138,"column":30},"end":{"line":138,"column":47}},"73":{"start":{"line":139,"column":12},"end":{"line":141,"column":null}},"74":{"start":{"line":142,"column":33},"end":{"line":142,"column":65}},"75":{"start":{"line":143,"column":12},"end":{"line":153,"column":null}},"76":{"start":{"line":144,"column":33},"end":{"line":144,"column":75}},"77":{"start":{"line":145,"column":16},"end":{"line":152,"column":null}},"78":{"start":{"line":146,"column":20},"end":{"line":146,"column":null}},"79":{"start":{"line":147,"column":20},"end":{"line":147,"column":null}},"80":{"start":{"line":148,"column":20},"end":{"line":148,"column":null}},"81":{"start":{"line":151,"column":20},"end":{"line":151,"column":null}},"82":{"start":{"line":155,"column":27},"end":{"line":159,"column":null}},"83":{"start":{"line":156,"column":28},"end":{"line":156,"column":56}},"84":{"start":{"line":157,"column":28},"end":{"line":157,"column":75}},"85":{"start":{"line":158,"column":12},"end":{"line":158,"column":null}},"86":{"start":{"line":160,"column":20},"end":{"line":171,"column":null}},"87":{"start":{"line":161,"column":20},"end":{"line":161,"column":null}},"88":{"start":{"line":162,"column":20},"end":{"line":162,"column":null}},"89":{"start":{"line":163,"column":20},"end":{"line":167,"column":null}},"90":{"start":{"line":168,"column":20},"end":{"line":168,"column":null}},"91":{"start":{"line":169,"column":20},"end":{"line":169,"column":null}},"92":{"start":{"line":170,"column":20},"end":{"line":170,"column":null}},"93":{"start":{"line":172,"column":20},"end":{"line":174,"column":null}},"94":{"start":{"line":173,"column":20},"end":{"line":173,"column":null}},"95":{"start":{"line":175,"column":20},"end":{"line":175,"column":null}},"96":{"start":{"line":176,"column":20},"end":{"line":176,"column":null}},"97":{"start":{"line":177,"column":20},"end":{"line":177,"column":null}},"98":{"start":{"line":180,"column":20},"end":{"line":198,"column":null}}},"fnMap":{"0":{"name":"(anonymous_0)","decl":{"start":{"line":46,"column":4},"end":{"line":46,"column":15}},"loc":{"start":{"line":46,"column":25},"end":{"line":48,"column":null}}},"1":{"name":"(anonymous_1)","decl":{"start":{"line":49,"column":4},"end":{"line":49,"column":9}},"loc":{"start":{"line":49,"column":33},"end":{"line":178,"column":null}}},"2":{"name":"(anonymous_2)","decl":{"start":{"line":52,"column":41},"end":{"line":52,"column":42}},"loc":{"start":{"line":52,"column":51},"end":{"line":52,"column":87}}},"3":{"name":"(anonymous_3)","decl":{"start":{"line":78,"column":49},"end":{"line":78,"column":50}},"loc":{"start":{"line":78,"column":60},"end":{"line":87,"column":13}}},"4":{"name":"(anonymous_4)","decl":{"start":{"line":88,"column":47},"end":{"line":88,"column":48}},"loc":{"start":{"line":88,"column":58},"end":{"line":96,"column":13}}},"5":{"name":"(anonymous_5)","decl":{"start":{"line":98,"column":51},"end":{"line":98,"column":52}},"loc":{"start":{"line":98,"column":62},"end":{"line":100,"column":13}}},"6":{"name":"(anonymous_6)","decl":{"start":{"line":102,"column":31},"end":{"line":102,"column":32}},"loc":{"start":{"line":102,"column":37},"end":{"line":117,"column":9}}},"7":{"name":"(anonymous_7)","decl":{"start":{"line":103,"column":57},"end":{"line":103,"column":58}},"loc":{"start":{"line":103,"column":66},"end":{"line":103,"column":94}}},"8":{"name":"(anonymous_8)","decl":{"start":{"line":118,"column":30},"end":{"line":118,"column":31}},"loc":{"start":{"line":118,"column":41},"end":{"line":127,"column":9}}},"9":{"name":"(anonymous_9)","decl":{"start":{"line":128,"column":28},"end":{"line":128,"column":29}},"loc":{"start":{"line":128,"column":39},"end":{"line":134,"column":9}}},"10":{"name":"(anonymous_10)","decl":{"start":{"line":135,"column":31},"end":{"line":135,"column":32}},"loc":{"start":{"line":135,"column":37},"end":{"line":154,"column":9}}},"11":{"name":"(anonymous_11)","decl":{"start":{"line":143,"column":42},"end":{"line":143,"column":43}},"loc":{"start":{"line":143,"column":48},"end":{"line":153,"column":13}}},"12":{"name":"(anonymous_12)","decl":{"start":{"line":155,"column":27},"end":{"line":155,"column":28}},"loc":{"start":{"line":155,"column":37},"end":{"line":159,"column":null}}},"13":{"name":"(anonymous_13)","decl":{"start":{"line":160,"column":20},"end":{"line":160,"column":null}},"loc":{"start":{"line":160,"column":20},"end":{"line":171,"column":null}}},"14":{"name":"(anonymous_14)","decl":{"start":{"line":172,"column":20},"end":{"line":172,"column":null}},"loc":{"start":{"line":172,"column":20},"end":{"line":174,"column":null}}}},"branchMap":{"0":{"loc":{"start":{"line":52,"column":9},"end":{"line":52,"column":31}},"type":"binary-expr","locations":[{"start":{"line":52,"column":9},"end":{"line":52,"column":26}},{"start":{"line":52,"column":29},"end":{"line":52,"column":31}}]},"1":{"loc":{"start":{"line":68,"column":8},"end":{"line":101,"column":null}},"type":"if","locations":[{"start":{"line":68,"column":8},"end":{"line":101,"column":null}}]},"2":{"loc":{"start":{"line":80,"column":16},"end":{"line":86,"column":null}},"type":"if","locations":[{"start":{"line":80,"column":16},"end":{"line":86,"column":null}}]},"3":{"loc":{"start":{"line":80,"column":20},"end":{"line":80,"column":66}},"type":"binary-expr","locations":[{"start":{"line":80,"column":20},"end":{"line":80,"column":51}},{"start":{"line":80,"column":54},"end":{"line":80,"column":66}}]},"4":{"loc":{"start":{"line":83,"column":20},"end":{"line":85,"column":null}},"type":"if","locations":[{"start":{"line":83,"column":20},"end":{"line":85,"column":null}}]},"5":{"loc":{"start":{"line":91,"column":16},"end":{"line":95,"column":null}},"type":"if","locations":[{"start":{"line":91,"column":16},"end":{"line":95,"column":null}}]},"6":{"loc":{"start":{"line":91,"column":20},"end":{"line":91,"column":59}},"type":"binary-expr","locations":[{"start":{"line":91,"column":20},"end":{"line":91,"column":27}},{"start":{"line":91,"column":30},"end":{"line":91,"column":59}}]},"7":{"loc":{"start":{"line":103,"column":27},"end":{"line":103,"column":49}},"type":"binary-expr","locations":[{"start":{"line":103,"column":27},"end":{"line":103,"column":44}},{"start":{"line":103,"column":47},"end":{"line":103,"column":49}}]},"8":{"loc":{"start":{"line":104,"column":12},"end":{"line":116,"column":null}},"type":"if","locations":[{"start":{"line":104,"column":12},"end":{"line":116,"column":null}},{"start":{"line":109,"column":17},"end":{"line":116,"column":null}}]},"9":{"loc":{"start":{"line":104,"column":16},"end":{"line":104,"column":40}},"type":"binary-expr","locations":[{"start":{"line":104,"column":16},"end":{"line":104,"column":28}},{"start":{"line":104,"column":31},"end":{"line":104,"column":40}}]},"10":{"loc":{"start":{"line":109,"column":17},"end":{"line":116,"column":null}},"type":"if","locations":[{"start":{"line":109,"column":17},"end":{"line":116,"column":null}}]},"11":{"loc":{"start":{"line":109,"column":21},"end":{"line":109,"column":45}},"type":"binary-expr","locations":[{"start":{"line":109,"column":21},"end":{"line":109,"column":34}},{"start":{"line":109,"column":37},"end":{"line":109,"column":45}}]},"12":{"loc":{"start":{"line":120,"column":12},"end":{"line":123,"column":null}},"type":"if","locations":[{"start":{"line":120,"column":12},"end":{"line":123,"column":null}}]},"13":{"loc":{"start":{"line":120,"column":17},"end":{"line":120,"column":39}},"type":"binary-expr","locations":[{"start":{"line":120,"column":17},"end":{"line":120,"column":34}},{"start":{"line":120,"column":37},"end":{"line":120,"column":39}}]},"14":{"loc":{"start":{"line":124,"column":12},"end":{"line":126,"column":null}},"type":"if","locations":[{"start":{"line":124,"column":12},"end":{"line":126,"column":null}}]},"15":{"loc":{"start":{"line":130,"column":12},"end":{"line":133,"column":null}},"type":"if","locations":[{"start":{"line":130,"column":12},"end":{"line":133,"column":null}}]},"16":{"loc":{"start":{"line":130,"column":17},"end":{"line":130,"column":39}},"type":"binary-expr","locations":[{"start":{"line":130,"column":17},"end":{"line":130,"column":34}},{"start":{"line":130,"column":37},"end":{"line":130,"column":39}}]},"17":{"loc":{"start":{"line":145,"column":16},"end":{"line":152,"column":null}},"type":"if","locations":[{"start":{"line":145,"column":16},"end":{"line":152,"column":null}},{"start":{"line":150,"column":21},"end":{"line":152,"column":null}}]}},"s":{"0":0,"1":0,"2":0,"3":0,"4":0,"5":0,"6":0,"7":0,"8":0,"9":0,"10":0,"11":0,"12":0,"13":0,"14":0,"15":0,"16":0,"17":0,"18":0,"19":0,"20":0,"21":0,"22":0,"23":0,"24":0,"25":0,"26":0,"27":0,"28":0,"29":0,"30":0,"31":0,"32":0,"33":0,"34":0,"35":0,"36":0,"37":0,"38":0,"39":0,"40":0,"41":0,"42":0,"43":0,"44":0,"45":0,"46":0,"47":0,"48":0,"49":0,"50":0,"51":0,"52":0,"53":0,"54":0,"55":0,"56":0,"57":0,"58":0,"59":0,"60":0,"61":0,"62":0,"63":0,"64":0,"65":0,"66":0,"67":0,"68":0,"69":0,"70":0,"71":0,"72":0,"73":0,"74":0,"75":0,"76":0,"77":0,"78":0,"79":0,"80":0,"81":0,"82":0,"83":0,"84":0,"85":0,"86":0,"87":0,"88":0,"89":0,"90":0,"91":0,"92":0,"93":0,"94":0,"95":0,"96":0,"97":0,"98":0},"f":{"0":0,"1":0,"2":0,"3":0,"4":0,"5":0,"6":0,"7":0,"8":0,"9":0,"10":0,"11":0,"12":0,"13":0,"14":0},"b":{"0":[0,0],"1":[0],"2":[0],"3":[0,0],"4":[0],"5":[0],"6":[0,0],"7":[0,0],"8":[0,0],"9":[0,0],"10":[0],"11":[0,0],"12":[0],"13":[0,0],"14":[0],"15":[0],"16":[0,0],"17":[0,0]}}
,"/Users/levigoldberg/Desktop/JC Lab/cognitive-apathy/src/countdown.ts": {"path":"/Users/levigoldberg/Desktop/JC Lab/cognitive-apathy/src/countdown.ts","statementMap":{"0":{"start":{"line":17,"column":16},"end":{"line":55,"column":3}},"1":{"start":{"line":59,"column":4},"end":{"line":59,"column":null}},"2":{"start":{"line":63,"column":4},"end":{"line":63,"column":null}},"3":{"start":{"line":65,"column":48},"end":{"line":65,"column":50}},"4":{"start":{"line":66,"column":4},"end":{"line":68,"column":null}},"5":{"start":{"line":67,"column":24},"end":{"line":67,"column":60}},"6":{"start":{"line":70,"column":22},"end":{"line":70,"column":27}},"7":{"start":{"line":71,"column":34},"end":{"line":71,"column":38}},"8":{"start":{"line":76,"column":29},"end":{"line":76,"column":58}},"9":{"start":{"line":77,"column":4},"end":{"line":77,"column":null}},"10":{"start":{"line":78,"column":4},"end":{"line":78,"column":null}},"11":{"start":{"line":79,"column":4},"end":{"line":79,"column":null}},"12":{"start":{"line":81,"column":32},"end":{"line":81,"column":61}},"13":{"start":{"line":82,"column":4},"end":{"line":82,"column":null}},"14":{"start":{"line":83,"column":4},"end":{"line":83,"column":null}},"15":{"start":{"line":85,"column":27},"end":{"line":85,"column":56}},"16":{"start":{"line":86,"column":4},"end":{"line":86,"column":null}},"17":{"start":{"line":87,"column":4},"end":{"line":87,"column":null}},"18":{"start":{"line":89,"column":4},"end":{"line":125,"column":null}},"19":{"start":{"line":90,"column":40},"end":{"line":90,"column":70}},"20":{"start":{"line":91,"column":6},"end":{"line":91,"column":null}},"21":{"start":{"line":92,"column":6},"end":{"line":92,"column":null}},"22":{"start":{"line":93,"column":6},"end":{"line":93,"column":null}},"23":{"start":{"line":94,"column":6},"end":{"line":94,"column":null}},"24":{"start":{"line":95,"column":6},"end":{"line":95,"column":null}},"25":{"start":{"line":96,"column":6},"end":{"line":96,"column":null}},"26":{"start":{"line":97,"column":6},"end":{"line":97,"column":null}},"27":{"start":{"line":100,"column":6},"end":{"line":109,"column":null}},"28":{"start":{"line":101,"column":20},"end":{"line":101,"column":43}},"29":{"start":{"line":102,"column":8},"end":{"line":108,"column":null}},"30":{"start":{"line":103,"column":10},"end":{"line":103,"column":null}},"31":{"start":{"line":104,"column":25},"end":{"line":104,"column":75}},"32":{"start":{"line":105,"column":10},"end":{"line":107,"column":null}},"33":{"start":{"line":106,"column":12},"end":{"line":106,"column":null}},"34":{"start":{"line":111,"column":6},"end":{"line":119,"column":null}},"35":{"start":{"line":112,"column":20},"end":{"line":112,"column":43}},"36":{"start":{"line":113,"column":23},"end":{"line":113,"column":73}},"37":{"start":{"line":114,"column":8},"end":{"line":118,"column":null}},"38":{"start":{"line":115,"column":10},"end":{"line":115,"column":null}},"39":{"start":{"line":116,"column":10},"end":{"line":116,"column":null}},"40":{"start":{"line":117,"column":10},"end":{"line":117,"column":null}},"41":{"start":{"line":122,"column":6},"end":{"line":124,"column":null}},"42":{"start":{"line":123,"column":8},"end":{"line":123,"column":null}},"43":{"start":{"line":127,"column":27},"end":{"line":143,"column":5}},"44":{"start":{"line":128,"column":6},"end":{"line":130,"column":null}},"45":{"start":{"line":129,"column":25},"end":{"line":129,"column":53}},"46":{"start":{"line":131,"column":6},"end":{"line":142,"column":null}},"47":{"start":{"line":132,"column":8},"end":{"line":132,"column":null}},"48":{"start":{"line":133,"column":8},"end":{"line":133,"column":null}},"49":{"start":{"line":134,"column":8},"end":{"line":134,"column":null}},"50":{"start":{"line":135,"column":13},"end":{"line":142,"column":null}},"51":{"start":{"line":136,"column":8},"end":{"line":136,"column":null}},"52":{"start":{"line":137,"column":8},"end":{"line":137,"column":null}},"53":{"start":{"line":138,"column":8},"end":{"line":138,"column":null}},"54":{"start":{"line":139,"column":8},"end":{"line":139,"column":null}},"55":{"start":{"line":140,"column":8},"end":{"line":140,"column":null}},"56":{"start":{"line":141,"column":8},"end":{"line":141,"column":null}},"57":{"start":{"line":145,"column":26},"end":{"line":154,"column":5}},"58":{"start":{"line":146,"column":18},"end":{"line":146,"column":41}},"59":{"start":{"line":147,"column":6},"end":{"line":150,"column":null}},"60":{"start":{"line":148,"column":8},"end":{"line":148,"column":null}},"61":{"start":{"line":149,"column":8},"end":{"line":149,"column":null}},"62":{"start":{"line":151,"column":6},"end":{"line":153,"column":null}},"63":{"start":{"line":152,"column":8},"end":{"line":152,"column":null}},"64":{"start":{"line":156,"column":24},"end":{"line":162,"column":5}},"65":{"start":{"line":157,"column":18},"end":{"line":157,"column":41}},"66":{"start":{"line":158,"column":6},"end":{"line":161,"column":null}},"67":{"start":{"line":159,"column":8},"end":{"line":159,"column":null}},"68":{"start":{"line":160,"column":8},"end":{"line":160,"column":null}},"69":{"start":{"line":164,"column":27},"end":{"line":185,"column":5}},"70":{"start":{"line":165,"column":23},"end":{"line":165,"column":44}},"71":{"start":{"line":166,"column":26},"end":{"line":166,"column":43}},"72":{"start":{"line":167,"column":24},"end":{"line":167,"column":41}},"73":{"start":{"line":169,"column":6},"end":{"line":171,"column":null}},"74":{"start":{"line":173,"column":27},"end":{"line":173,"column":59}},"75":{"start":{"line":175,"column":6},"end":{"line":184,"column":null}},"76":{"start":{"line":176,"column":25},"end":{"line":176,"column":67}},"77":{"start":{"line":177,"column":8},"end":{"line":183,"column":null}},"78":{"start":{"line":178,"column":10},"end":{"line":178,"column":null}},"79":{"start":{"line":179,"column":10},"end":{"line":179,"column":null}},"80":{"start":{"line":180,"column":10},"end":{"line":180,"column":null}},"81":{"start":{"line":182,"column":10},"end":{"line":182,"column":null}},"82":{"start":{"line":187,"column":23},"end":{"line":191,"column":null}},"83":{"start":{"line":188,"column":22},"end":{"line":188,"column":50}},"84":{"start":{"line":189,"column":22},"end":{"line":189,"column":69}},"85":{"start":{"line":190,"column":6},"end":{"line":190,"column":null}},"86":{"start":{"line":193,"column":14},"end":{"line":206,"column":null}},"87":{"start":{"line":194,"column":14},"end":{"line":194,"column":null}},"88":{"start":{"line":195,"column":14},"end":{"line":195,"column":null}},"89":{"start":{"line":197,"column":14},"end":{"line":201,"column":null}},"90":{"start":{"line":203,"column":14},"end":{"line":203,"column":null}},"91":{"start":{"line":204,"column":14},"end":{"line":204,"column":null}},"92":{"start":{"line":205,"column":14},"end":{"line":205,"column":null}},"93":{"start":{"line":208,"column":14},"end":{"line":210,"column":null}},"94":{"start":{"line":209,"column":14},"end":{"line":209,"column":null}},"95":{"start":{"line":212,"column":14},"end":{"line":212,"column":null}},"96":{"start":{"line":213,"column":14},"end":{"line":213,"column":null}},"97":{"start":{"line":215,"column":14},"end":{"line":215,"column":null}},"98":{"start":{"line":219,"column":14},"end":{"line":237,"column":null}}},"fnMap":{"0":{"name":"(anonymous_0)","decl":{"start":{"line":58,"column":2},"end":{"line":58,"column":13}},"loc":{"start":{"line":58,"column":32},"end":{"line":60,"column":null}}},"1":{"name":"(anonymous_1)","decl":{"start":{"line":62,"column":2},"end":{"line":62,"column":7}},"loc":{"start":{"line":62,"column":49},"end":{"line":216,"column":null}}},"2":{"name":"(anonymous_2)","decl":{"start":{"line":67,"column":6},"end":{"line":67,"column":7}},"loc":{"start":{"line":67,"column":24},"end":{"line":67,"column":60}}},"3":{"name":"(anonymous_3)","decl":{"start":{"line":100,"column":43},"end":{"line":100,"column":44}},"loc":{"start":{"line":100,"column":54},"end":{"line":109,"column":7}}},"4":{"name":"(anonymous_4)","decl":{"start":{"line":111,"column":41},"end":{"line":111,"column":42}},"loc":{"start":{"line":111,"column":52},"end":{"line":119,"column":7}}},"5":{"name":"(anonymous_5)","decl":{"start":{"line":122,"column":45},"end":{"line":122,"column":46}},"loc":{"start":{"line":122,"column":56},"end":{"line":124,"column":7}}},"6":{"name":"(anonymous_6)","decl":{"start":{"line":127,"column":27},"end":{"line":127,"column":28}},"loc":{"start":{"line":127,"column":33},"end":{"line":143,"column":5}}},"7":{"name":"(anonymous_7)","decl":{"start":{"line":129,"column":8},"end":{"line":129,"column":9}},"loc":{"start":{"line":129,"column":25},"end":{"line":129,"column":53}}},"8":{"name":"(anonymous_8)","decl":{"start":{"line":145,"column":26},"end":{"line":145,"column":27}},"loc":{"start":{"line":145,"column":52},"end":{"line":154,"column":5}}},"9":{"name":"(anonymous_9)","decl":{"start":{"line":156,"column":24},"end":{"line":156,"column":25}},"loc":{"start":{"line":156,"column":50},"end":{"line":162,"column":5}}},"10":{"name":"(anonymous_10)","decl":{"start":{"line":164,"column":27},"end":{"line":164,"column":28}},"loc":{"start":{"line":164,"column":33},"end":{"line":185,"column":5}}},"11":{"name":"(anonymous_11)","decl":{"start":{"line":175,"column":36},"end":{"line":175,"column":37}},"loc":{"start":{"line":175,"column":42},"end":{"line":184,"column":7}}},"12":{"name":"(anonymous_12)","decl":{"start":{"line":187,"column":23},"end":{"line":187,"column":24}},"loc":{"start":{"line":187,"column":41},"end":{"line":191,"column":null}}},"13":{"name":"(anonymous_13)","decl":{"start":{"line":193,"column":14},"end":{"line":193,"column":null}},"loc":{"start":{"line":193,"column":14},"end":{"line":206,"column":null}}},"14":{"name":"(anonymous_14)","decl":{"start":{"line":208,"column":14},"end":{"line":208,"column":null}},"loc":{"start":{"line":208,"column":14},"end":{"line":210,"column":null}}}},"branchMap":{"0":{"loc":{"start":{"line":66,"column":5},"end":{"line":66,"column":27}},"type":"binary-expr","locations":[{"start":{"line":66,"column":5},"end":{"line":66,"column":22}},{"start":{"line":66,"column":25},"end":{"line":66,"column":27}}]},"1":{"loc":{"start":{"line":89,"column":4},"end":{"line":125,"column":null}},"type":"if","locations":[{"start":{"line":89,"column":4},"end":{"line":125,"column":null}}]},"2":{"loc":{"start":{"line":102,"column":8},"end":{"line":108,"column":null}},"type":"if","locations":[{"start":{"line":102,"column":8},"end":{"line":108,"column":null}}]},"3":{"loc":{"start":{"line":102,"column":12},"end":{"line":102,"column":58}},"type":"binary-expr","locations":[{"start":{"line":102,"column":12},"end":{"line":102,"column":43}},{"start":{"line":102,"column":46},"end":{"line":102,"column":58}}]},"4":{"loc":{"start":{"line":105,"column":10},"end":{"line":107,"column":null}},"type":"if","locations":[{"start":{"line":105,"column":10},"end":{"line":107,"column":null}}]},"5":{"loc":{"start":{"line":114,"column":8},"end":{"line":118,"column":null}},"type":"if","locations":[{"start":{"line":114,"column":8},"end":{"line":118,"column":null}}]},"6":{"loc":{"start":{"line":114,"column":12},"end":{"line":114,"column":51}},"type":"binary-expr","locations":[{"start":{"line":114,"column":12},"end":{"line":114,"column":19}},{"start":{"line":114,"column":22},"end":{"line":114,"column":51}}]},"7":{"loc":{"start":{"line":128,"column":21},"end":{"line":128,"column":43}},"type":"binary-expr","locations":[{"start":{"line":128,"column":21},"end":{"line":128,"column":38}},{"start":{"line":128,"column":41},"end":{"line":128,"column":43}}]},"8":{"loc":{"start":{"line":131,"column":6},"end":{"line":142,"column":null}},"type":"if","locations":[{"start":{"line":131,"column":6},"end":{"line":142,"column":null}},{"start":{"line":135,"column":13},"end":{"line":142,"column":null}}]},"9":{"loc":{"start":{"line":131,"column":10},"end":{"line":131,"column":34}},"type":"binary-expr","locations":[{"start":{"line":131,"column":10},"end":{"line":131,"column":22}},{"start":{"line":131,"column":25},"end":{"line":131,"column":34}}]},"10":{"loc":{"start":{"line":135,"column":13},"end":{"line":142,"column":null}},"type":"if","locations":[{"start":{"line":135,"column":13},"end":{"line":142,"column":null}}]},"11":{"loc":{"start":{"line":135,"column":17},"end":{"line":135,"column":41}},"type":"binary-expr","locations":[{"start":{"line":135,"column":17},"end":{"line":135,"column":30}},{"start":{"line":135,"column":33},"end":{"line":135,"column":41}}]},"12":{"loc":{"start":{"line":147,"column":6},"end":{"line":150,"column":null}},"type":"if","locations":[{"start":{"line":147,"column":6},"end":{"line":150,"column":null}}]},"13":{"loc":{"start":{"line":147,"column":11},"end":{"line":147,"column":33}},"type":"binary-expr","locations":[{"start":{"line":147,"column":11},"end":{"line":147,"column":28}},{"start":{"line":147,"column":31},"end":{"line":147,"column":33}}]},"14":{"loc":{"start":{"line":151,"column":6},"end":{"line":153,"column":null}},"type":"if","locations":[{"start":{"line":151,"column":6},"end":{"line":153,"column":null}}]},"15":{"loc":{"start":{"line":158,"column":6},"end":{"line":161,"column":null}},"type":"if","locations":[{"start":{"line":158,"column":6},"end":{"line":161,"column":null}}]},"16":{"loc":{"start":{"line":158,"column":11},"end":{"line":158,"column":33}},"type":"binary-expr","locations":[{"start":{"line":158,"column":11},"end":{"line":158,"column":28}},{"start":{"line":158,"column":31},"end":{"line":158,"column":33}}]},"17":{"loc":{"start":{"line":177,"column":8},"end":{"line":183,"column":null}},"type":"if","locations":[{"start":{"line":177,"column":8},"end":{"line":183,"column":null}},{"start":{"line":181,"column":15},"end":{"line":183,"column":null}}]}},"s":{"0":0,"1":0,"2":0,"3":0,"4":0,"5":0,"6":0,"7":0,"8":0,"9":0,"10":0,"11":0,"12":0,"13":0,"14":0,"15":0,"16":0,"17":0,"18":0,"19":0,"20":0,"21":0,"22":0,"23":0,"24":0,"25":0,"26":0,"27":0,"28":0,"29":0,"30":0,"31":0,"32":0,"33":0,"34":0,"35":0,"36":0,"37":0,"38":0,"39":0,"40":0,"41":0,"42":0,"43":0,"44":0,"45":0,"46":0,"47":0,"48":0,"49":0,"50":0,"51":0,"52":0,"53":0,"54":0,"55":0,"56":0,"57":0,"58":0,"59":0,"60":0,"61":0,"62":0,"63":0,"64":0,"65":0,"66":0,"67":0,"68":0,"69":0,"70":0,"71":0,"72":0,"73":0,"74":0,"75":0,"76":0,"77":0,"78":0,"79":0,"80":0,"81":0,"82":0,"83":0,"84":0,"85":0,"86":0,"87":0,"88":0,"89":0,"90":0,"91":0,"92":0,"93":0,"94":0,"95":0,"96":0,"97":0,"98":0},"f":{"0":0,"1":0,"2":0,"3":0,"4":0,"5":0,"6":0,"7":0,"8":0,"9":0,"10":0,"11":0,"12":0,"13":0,"14":0},"b":{"0":[0,0],"1":[0],"2":[0],"3":[0,0],"4":[0],"5":[0],"6":[0,0],"7":[0,0],"8":[0,0],"9":[0,0],"10":[0],"11":[0,0],"12":[0],"13":[0,0],"14":[0],"15":[0],"16":[0,0],"17":[0,0]}}
,"/Users/levigoldberg/Desktop/JC Lab/cognitive-apathy/src/experiment.js": {"path":"/Users/levigoldberg/Desktop/JC Lab/cognitive-apathy/src/experiment.js","statementMap":{"0":{"start":{"line":10,"column":12},"end":{"line":27,"column":1}},"1":{"start":{"line":35,"column":20},"end":{"line":35,"column":33}},"2":{"start":{"line":36,"column":21},"end":{"line":36,"column":23}},"3":{"start":{"line":37,"column":4},"end":{"line":41,"column":null}},"4":{"start":{"line":42,"column":4},"end":{"line":42,"column":null}},"5":{"start":{"line":43,"column":4},"end":{"line":43,"column":null}},"6":{"start":{"line":44,"column":4},"end":{"line":44,"column":null}},"7":{"start":{"line":45,"column":4},"end":{"line":46,"column":null}},"8":{"start":{"line":47,"column":4},"end":{"line":47,"column":null}},"9":{"start":{"line":48,"column":4},"end":{"line":50,"column":null}},"10":{"start":{"line":51,"column":4},"end":{"line":51,"column":null}},"11":{"start":{"line":52,"column":4},"end":{"line":52,"column":null}},"12":{"start":{"line":53,"column":4},"end":{"line":55,"column":null}},"13":{"start":{"line":56,"column":4},"end":{"line":58,"column":null}},"14":{"start":{"line":59,"column":4},"end":{"line":61,"column":null}},"15":{"start":{"line":62,"column":4},"end":{"line":67,"column":null}},"16":{"start":{"line":65,"column":12},"end":{"line":65,"column":null}},"17":{"start":{"line":68,"column":4},"end":{"line":70,"column":null}},"18":{"start":{"line":71,"column":26},"end":{"line":71,"column":54}},"19":{"start":{"line":72,"column":4},"end":{"line":76,"column":null}},"20":{"start":{"line":73,"column":8},"end":{"line":75,"column":null}},"21":{"start":{"line":74,"column":12},"end":{"line":74,"column":null}},"22":{"start":{"line":77,"column":4},"end":{"line":77,"column":null}},"23":{"start":{"line":78,"column":4},"end":{"line":78,"column":null}},"24":{"start":{"line":79,"column":4},"end":{"line":79,"column":null}}},"fnMap":{"0":{"name":"run","decl":{"start":{"line":34,"column":22},"end":{"line":34,"column":25}},"loc":{"start":{"line":34,"column":84},"end":{"line":80,"column":null}}},"1":{"name":"(anonymous_1)","decl":{"start":{"line":64,"column":30},"end":{"line":64,"column":39}},"loc":{"start":{"line":64,"column":42},"end":{"line":66,"column":9}}},"2":{"name":"(anonymous_2)","decl":{"start":{"line":72,"column":26},"end":{"line":72,"column":27}},"loc":{"start":{"line":72,"column":42},"end":{"line":76,"column":5}}},"3":{"name":"(anonymous_3)","decl":{"start":{"line":73,"column":27},"end":{"line":73,"column":28}},"loc":{"start":{"line":73,"column":38},"end":{"line":75,"column":9}}}},"branchMap":{"0":{"loc":{"start":{"line":34,"column":40},"end":{"line":34,"column":50}},"type":"default-arg","locations":[{"start":{"line":34,"column":48},"end":{"line":34,"column":50}}]}},"s":{"0":0,"1":0,"2":0,"3":0,"4":0,"5":0,"6":0,"7":0,"8":0,"9":0,"10":0,"11":0,"12":0,"13":0,"14":0,"15":0,"16":0,"17":0,"18":0,"19":0,"20":0,"21":0,"22":0,"23":0,"24":0},"f":{"0":0,"1":0,"2":0,"3":0},"b":{"0":[0]}}
,"/Users/levigoldberg/Desktop/JC Lab/cognitive-apathy/src/experiment.ts": {"path":"/Users/levigoldberg/Desktop/JC Lab/cognitive-apathy/src/experiment.ts","statementMap":{"0":{"start":{"line":36,"column":19},"end":{"line":53,"column":1}},"1":{"start":{"line":68,"column":18},"end":{"line":68,"column":31}},"2":{"start":{"line":70,"column":26},"end":{"line":70,"column":28}},"3":{"start":{"line":72,"column":2},"end":{"line":76,"column":null}},"4":{"start":{"line":78,"column":2},"end":{"line":78,"column":null}},"5":{"start":{"line":79,"column":2},"end":{"line":79,"column":null}},"6":{"start":{"line":81,"column":2},"end":{"line":81,"column":null}},"7":{"start":{"line":83,"column":2},"end":{"line":84,"column":null}},"8":{"start":{"line":86,"column":2},"end":{"line":86,"column":null}},"9":{"start":{"line":87,"column":2},"end":{"line":89,"column":null}},"10":{"start":{"line":90,"column":2},"end":{"line":90,"column":null}},"11":{"start":{"line":92,"column":2},"end":{"line":92,"column":null}},"12":{"start":{"line":93,"column":2},"end":{"line":95,"column":null}},"13":{"start":{"line":96,"column":2},"end":{"line":98,"column":null}},"14":{"start":{"line":99,"column":2},"end":{"line":101,"column":null}},"15":{"start":{"line":102,"column":2},"end":{"line":107,"column":null}},"16":{"start":{"line":105,"column":6},"end":{"line":105,"column":null}},"17":{"start":{"line":108,"column":2},"end":{"line":110,"column":null}},"18":{"start":{"line":112,"column":24},"end":{"line":112,"column":52}},"19":{"start":{"line":113,"column":2},"end":{"line":117,"column":null}},"20":{"start":{"line":114,"column":4},"end":{"line":116,"column":null}},"21":{"start":{"line":115,"column":6},"end":{"line":115,"column":null}},"22":{"start":{"line":119,"column":2},"end":{"line":119,"column":null}},"23":{"start":{"line":121,"column":2},"end":{"line":121,"column":null}},"24":{"start":{"line":123,"column":2},"end":{"line":123,"column":null}}},"fnMap":{"0":{"name":"run","decl":{"start":{"line":61,"column":22},"end":{"line":61,"column":25}},"loc":{"start":{"line":67,"column":8},"end":{"line":124,"column":null}}},"1":{"name":"(anonymous_1)","decl":{"start":{"line":104,"column":26},"end":{"line":104,"column":35}},"loc":{"start":{"line":104,"column":38},"end":{"line":106,"column":5}}},"2":{"name":"(anonymous_2)","decl":{"start":{"line":113,"column":24},"end":{"line":113,"column":25}},"loc":{"start":{"line":113,"column":40},"end":{"line":117,"column":3}}},"3":{"name":"(anonymous_3)","decl":{"start":{"line":114,"column":23},"end":{"line":114,"column":24}},"loc":{"start":{"line":114,"column":39},"end":{"line":116,"column":5}}}},"branchMap":{"0":{"loc":{"start":{"line":63,"column":2},"end":{"line":63,"column":12}},"type":"default-arg","locations":[{"start":{"line":63,"column":10},"end":{"line":63,"column":12}}]}},"s":{"0":0,"1":0,"2":0,"3":0,"4":0,"5":0,"6":0,"7":0,"8":0,"9":0,"10":0,"11":0,"12":0,"13":0,"14":0,"15":0,"16":0,"17":0,"18":0,"19":0,"20":0,"21":0,"22":0,"23":0,"24":0},"f":{"0":0,"1":0,"2":0,"3":0},"b":{"0":[0]}}
,"/Users/levigoldberg/Desktop/JC Lab/cognitive-apathy/src/finish.js": {"path":"/Users/levigoldberg/Desktop/JC Lab/cognitive-apathy/src/finish.js","statementMap":{"0":{"start":{"line":5,"column":32},"end":{"line":22,"column":2}},"1":{"start":{"line":5,"column":46},"end":{"line":22,"column":1}},"2":{"start":{"line":9,"column":38},"end":{"line":9,"column":67}},"3":{"start":{"line":10,"column":8},"end":{"line":10,"column":null}},"4":{"start":{"line":16,"column":38},"end":{"line":16,"column":67}},"5":{"start":{"line":17,"column":8},"end":{"line":17,"column":null}},"6":{"start":{"line":18,"column":24},"end":{"line":18,"column":49}},"7":{"start":{"line":19,"column":21},"end":{"line":19,"column":70}},"8":{"start":{"line":20,"column":8},"end":{"line":20,"column":null}},"9":{"start":{"line":23,"column":37},"end":{"line":28,"column":1}},"10":{"start":{"line":24,"column":20},"end":{"line":24,"column":45}},"11":{"start":{"line":25,"column":17},"end":{"line":25,"column":66}},"12":{"start":{"line":26,"column":4},"end":{"line":26,"column":null}},"13":{"start":{"line":27,"column":4},"end":{"line":27,"column":null}},"14":{"start":{"line":29,"column":42},"end":{"line":41,"column":2}},"15":{"start":{"line":29,"column":56},"end":{"line":41,"column":1}},"16":{"start":{"line":37,"column":24},"end":{"line":37,"column":49}},"17":{"start":{"line":38,"column":21},"end":{"line":38,"column":70}},"18":{"start":{"line":39,"column":8},"end":{"line":39,"column":null}}},"fnMap":{"0":{"name":"(anonymous_0)","decl":{"start":{"line":5,"column":32},"end":{"line":5,"column":33}},"loc":{"start":{"line":5,"column":46},"end":{"line":22,"column":1}}},"1":{"name":"(anonymous_1)","decl":{"start":{"line":8,"column":14},"end":{"line":8,"column":23}},"loc":{"start":{"line":8,"column":26},"end":{"line":11,"column":5}}},"2":{"name":"(anonymous_2)","decl":{"start":{"line":15,"column":15},"end":{"line":15,"column":24}},"loc":{"start":{"line":15,"column":31},"end":{"line":21,"column":5}}},"3":{"name":"(anonymous_3)","decl":{"start":{"line":23,"column":37},"end":{"line":23,"column":38}},"loc":{"start":{"line":23,"column":50},"end":{"line":28,"column":1}}},"4":{"name":"(anonymous_4)","decl":{"start":{"line":29,"column":42},"end":{"line":29,"column":43}},"loc":{"start":{"line":29,"column":56},"end":{"line":41,"column":1}}},"5":{"name":"(anonymous_5)","decl":{"start":{"line":36,"column":15},"end":{"line":36,"column":24}},"loc":{"start":{"line":36,"column":31},"end":{"line":40,"column":5}}}},"branchMap":{},"s":{"0":0,"1":0,"2":0,"3":0,"4":0,"5":0,"6":0,"7":0,"8":0,"9":0,"10":0,"11":0,"12":0,"13":0,"14":0,"15":0,"16":0,"17":0,"18":0},"f":{"0":0,"1":0,"2":0,"3":0,"4":0,"5":0},"b":{}}
,"/Users/levigoldberg/Desktop/JC Lab/cognitive-apathy/src/finish.ts": {"path":"/Users/levigoldberg/Desktop/JC Lab/cognitive-apathy/src/finish.ts","statementMap":{"0":{"start":{"line":7,"column":32},"end":{"line":24,"column":2}},"1":{"start":{"line":7,"column":55},"end":{"line":24,"column":1}},"2":{"start":{"line":11,"column":34},"end":{"line":11,"column":63}},"3":{"start":{"line":12,"column":4},"end":{"line":12,"column":null}},"4":{"start":{"line":18,"column":34},"end":{"line":18,"column":63}},"5":{"start":{"line":19,"column":4},"end":{"line":19,"column":null}},"6":{"start":{"line":20,"column":20},"end":{"line":20,"column":45}},"7":{"start":{"line":21,"column":17},"end":{"line":21,"column":66}},"8":{"start":{"line":22,"column":4},"end":{"line":22,"column":null}},"9":{"start":{"line":26,"column":37},"end":{"line":31,"column":null}},"10":{"start":{"line":27,"column":18},"end":{"line":27,"column":43}},"11":{"start":{"line":28,"column":15},"end":{"line":28,"column":64}},"12":{"start":{"line":29,"column":2},"end":{"line":29,"column":null}},"13":{"start":{"line":30,"column":2},"end":{"line":30,"column":null}},"14":{"start":{"line":33,"column":42},"end":{"line":45,"column":2}},"15":{"start":{"line":33,"column":65},"end":{"line":45,"column":1}},"16":{"start":{"line":41,"column":20},"end":{"line":41,"column":45}},"17":{"start":{"line":42,"column":17},"end":{"line":42,"column":66}},"18":{"start":{"line":43,"column":4},"end":{"line":43,"column":null}}},"fnMap":{"0":{"name":"(anonymous_0)","decl":{"start":{"line":7,"column":32},"end":{"line":7,"column":33}},"loc":{"start":{"line":7,"column":55},"end":{"line":24,"column":1}}},"1":{"name":"(anonymous_1)","decl":{"start":{"line":10,"column":12},"end":{"line":10,"column":21}},"loc":{"start":{"line":10,"column":24},"end":{"line":13,"column":3}}},"2":{"name":"(anonymous_2)","decl":{"start":{"line":17,"column":13},"end":{"line":17,"column":22}},"loc":{"start":{"line":17,"column":34},"end":{"line":23,"column":3}}},"3":{"name":"(anonymous_3)","decl":{"start":{"line":26,"column":37},"end":{"line":26,"column":38}},"loc":{"start":{"line":26,"column":59},"end":{"line":31,"column":null}}},"4":{"name":"(anonymous_4)","decl":{"start":{"line":33,"column":42},"end":{"line":33,"column":43}},"loc":{"start":{"line":33,"column":65},"end":{"line":45,"column":1}}},"5":{"name":"(anonymous_5)","decl":{"start":{"line":40,"column":13},"end":{"line":40,"column":22}},"loc":{"start":{"line":40,"column":34},"end":{"line":44,"column":3}}}},"branchMap":{},"s":{"0":0,"1":0,"2":0,"3":0,"4":0,"5":0,"6":0,"7":0,"8":0,"9":0,"10":0,"11":0,"12":0,"13":0,"14":0,"15":0,"16":0,"17":0,"18":0},"f":{"0":0,"1":0,"2":0,"3":0,"4":0,"5":0},"b":{}}
,"/Users/levigoldberg/Desktop/JC Lab/cognitive-apathy/src/i18n.js": {"path":"/Users/levigoldberg/Desktop/JC Lab/cognitive-apathy/src/i18n.js","statementMap":{"0":{"start":{"line":6,"column":17},"end":{"line":6,"column":46}},"1":{"start":{"line":7,"column":0},"end":{"line":7,"column":null}},"2":{"start":{"line":8,"column":0},"end":{"line":23,"column":null}}},"fnMap":{},"branchMap":{"0":{"loc":{"start":{"line":6,"column":17},"end":{"line":6,"column":46}},"type":"binary-expr","locations":[{"start":{"line":6,"column":17},"end":{"line":6,"column":39}},{"start":{"line":6,"column":42},"end":{"line":6,"column":46}}]}},"s":{"0":0,"1":0,"2":0},"f":{},"b":{"0":[0,0]}}
,"/Users/levigoldberg/Desktop/JC Lab/cognitive-apathy/src/i18n.ts": {"path":"/Users/levigoldberg/Desktop/JC Lab/cognitive-apathy/src/i18n.ts","statementMap":{"0":{"start":{"line":8,"column":17},"end":{"line":8,"column":46}},"1":{"start":{"line":9,"column":0},"end":{"line":9,"column":null}},"2":{"start":{"line":11,"column":0},"end":{"line":27,"column":null}}},"fnMap":{},"branchMap":{"0":{"loc":{"start":{"line":8,"column":17},"end":{"line":8,"column":46}},"type":"binary-expr","locations":[{"start":{"line":8,"column":17},"end":{"line":8,"column":39}},{"start":{"line":8,"column":42},"end":{"line":8,"column":46}}]}},"s":{"0":0,"1":0,"2":0},"f":{},"b":{"0":[0,0]}}
,"/Users/levigoldberg/Desktop/JC Lab/cognitive-apathy/src/keyboard.js": {"path":"/Users/levigoldberg/Desktop/JC Lab/cognitive-apathy/src/keyboard.js","statementMap":{"0":{"start":{"line":4,"column":4},"end":{"line":4,"column":null}},"1":{"start":{"line":5,"column":30},"end":{"line":5,"column":59}},"2":{"start":{"line":6,"column":4},"end":{"line":6,"column":null}},"3":{"start":{"line":7,"column":4},"end":{"line":7,"column":null}},"4":{"start":{"line":8,"column":4},"end":{"line":8,"column":null}},"5":{"start":{"line":9,"column":4},"end":{"line":9,"column":null}},"6":{"start":{"line":10,"column":4},"end":{"line":10,"column":null}},"7":{"start":{"line":11,"column":4},"end":{"line":11,"column":null}},"8":{"start":{"line":12,"column":4},"end":{"line":12,"column":null}},"9":{"start":{"line":13,"column":4},"end":{"line":13,"column":null}},"10":{"start":{"line":14,"column":24},"end":{"line":14,"column":53}},"11":{"start":{"line":15,"column":4},"end":{"line":15,"column":null}},"12":{"start":{"line":16,"column":4},"end":{"line":16,"column":null}},"13":{"start":{"line":17,"column":4},"end":{"line":17,"column":null}},"14":{"start":{"line":18,"column":4},"end":{"line":18,"column":null}},"15":{"start":{"line":19,"column":4},"end":{"line":19,"column":null}},"16":{"start":{"line":20,"column":4},"end":{"line":20,"column":null}},"17":{"start":{"line":21,"column":4},"end":{"line":21,"column":null}},"18":{"start":{"line":22,"column":21},"end":{"line":33,"column":6}},"19":{"start":{"line":24,"column":12},"end":{"line":24,"column":null}},"20":{"start":{"line":25,"column":12},"end":{"line":25,"column":null}},"21":{"start":{"line":28,"column":12},"end":{"line":28,"column":null}},"22":{"start":{"line":29,"column":12},"end":{"line":30,"column":null}},"23":{"start":{"line":30,"column":16},"end":{"line":30,"column":null}},"24":{"start":{"line":34,"column":4},"end":{"line":34,"column":null}},"25":{"start":{"line":35,"column":24},"end":{"line":41,"column":5}},"26":{"start":{"line":36,"column":28},"end":{"line":36,"column":55}},"27":{"start":{"line":37,"column":26},"end":{"line":37,"column":75}},"28":{"start":{"line":38,"column":8},"end":{"line":40,"column":null}},"29":{"start":{"line":42,"column":4},"end":{"line":42,"column":null}},"30":{"start":{"line":43,"column":4},"end":{"line":43,"column":null}}},"fnMap":{"0":{"name":"createKeyboard","decl":{"start":{"line":3,"column":16},"end":{"line":3,"column":30}},"loc":{"start":{"line":3,"column":47},"end":{"line":44,"column":null}}},"1":{"name":"(anonymous_1)","decl":{"start":{"line":23,"column":18},"end":{"line":23,"column":19}},"loc":{"start":{"line":23,"column":29},"end":{"line":26,"column":9}}},"2":{"name":"(anonymous_2)","decl":{"start":{"line":27,"column":20},"end":{"line":27,"column":21}},"loc":{"start":{"line":27,"column":32},"end":{"line":31,"column":9}}},"3":{"name":"(anonymous_3)","decl":{"start":{"line":35,"column":24},"end":{"line":35,"column":25}},"loc":{"start":{"line":35,"column":38},"end":{"line":41,"column":5}}}},"branchMap":{"0":{"loc":{"start":{"line":29,"column":12},"end":{"line":30,"column":null}},"type":"if","locations":[{"start":{"line":29,"column":12},"end":{"line":30,"column":null}}]},"1":{"loc":{"start":{"line":29,"column":16},"end":{"line":29,"column":59}},"type":"binary-expr","locations":[{"start":{"line":29,"column":16},"end":{"line":29,"column":37}},{"start":{"line":29,"column":40},"end":{"line":29,"column":59}}]},"2":{"loc":{"start":{"line":37,"column":26},"end":{"line":37,"column":75}},"type":"cond-expr","locations":[{"start":{"line":37,"column":56},"end":{"line":37,"column":64}},{"start":{"line":37,"column":66},"end":{"line":37,"column":75}}]}},"s":{"0":0,"1":0,"2":0,"3":0,"4":0,"5":0,"6":0,"7":0,"8":0,"9":0,"10":0,"11":0,"12":0,"13":0,"14":0,"15":0,"16":0,"17":0,"18":0,"19":0,"20":0,"21":0,"22":0,"23":0,"24":0,"25":0,"26":0,"27":0,"28":0,"29":0,"30":0},"f":{"0":0,"1":0,"2":0,"3":0},"b":{"0":[0],"1":[0,0],"2":[0,0]}}
[...]
)","decl":{"start":{"line":84,"column":29},"end":{"line":84,"column":30}},"loc":{"start":{"line":84,"column":40},"end":{"line":87,"column":1}}}},"branchMap":{"0":{"loc":{"start":{"line":9,"column":41},"end":{"line":9,"column":49}},"type":"default-arg","locations":[{"start":{"line":9,"column":48},"end":{"line":9,"column":49}}]},"1":{"loc":{"start":{"line":19,"column":4},"end":{"line":26,"column":null}},"type":"if","locations":[{"start":{"line":19,"column":4},"end":{"line":26,"column":null}},{"start":{"line":22,"column":9},"end":{"line":26,"column":null}}]},"2":{"loc":{"start":{"line":19,"column":8},"end":{"line":19,"column":26}},"type":"binary-expr","locations":[{"start":{"line":19,"column":8},"end":{"line":19,"column":16}},{"start":{"line":19,"column":19},"end":{"line":19,"column":26}}]},"3":{"loc":{"start":{"line":67,"column":4},"end":{"line":72,"column":null}},"type":"if","locations":[{"start":{"line":67,"column":4},"end":{"line":72,"column":null}},{"start":{"line":70,"column":9},"end":{"line":72,"column":null}}]},"4":{"loc":{"start":{"line":68,"column":15},"end":{"line":68,"column":79}},"type":"cond-expr","locations":[{"start":{"line":68,"column":35},"end":{"line":68,"column":72}},{"start":{"line":68,"column":74},"end":{"line":68,"column":79}}]},"5":{"loc":{"start":{"line":70,"column":9},"end":{"line":72,"column":null}},"type":"if","locations":[{"start":{"line":70,"column":9},"end":{"line":72,"column":null}}]},"6":{"loc":{"start":{"line":71,"column":15},"end":{"line":71,"column":76}},"type":"cond-expr","locations":[{"start":{"line":71,"column":35},"end":{"line":71,"column":70}},{"start":{"line":71,"column":72},"end":{"line":71,"column":76}}]}},"s":{"0":0,"1":0,"2":0,"3":0,"4":0,"5":0,"6":0,"7":0,"8":0,"9":0,"10":0,"11":0,"12":0,"13":0,"14":0,"15":0,"16":0,"17":0,"18":0,"19":0,"20":0,"21":0,"22":0,"23":0,"24":0,"25":0,"26":0,"27":0,"28":0,"29":0,"30":0,"31":0},"f":{"0":0,"1":0,"2":0,"3":0,"4":0,"5":0},"b":{"0":[0],"1":[0,0],"2":[0,0],"3":[0,0],"4":[0,0],"5":[0],"6":[0,0]}}
,"/Users/levigoldberg/Desktop/JC Lab/cognitive-apathy/src/utils.ts": {"path":"/Users/levigoldberg/Desktop/JC Lab/cognitive-apathy/src/utils.ts","statementMap":{"0":{"start":{"line":13,"column":10},"end":{"line":13,"column":11}},"1":{"start":{"line":14,"column":10},"end":{"line":14,"column":11}},"2":{"start":{"line":16,"column":2},"end":{"line":16,"column":null}},"3":{"start":{"line":16,"column":18},"end":{"line":16,"column":null}},"4":{"start":{"line":17,"column":2},"end":{"line":17,"column":null}},"5":{"start":{"line":17,"column":18},"end":{"line":17,"column":null}},"6":{"start":{"line":18,"column":12},"end":{"line":18,"column":71}},"7":{"start":{"line":20,"column":2},"end":{"line":20,"column":null}},"8":{"start":{"line":21,"column":2},"end":{"line":27,"column":null}},"9":{"start":{"line":22,"column":4},"end":{"line":22,"column":null}},"10":{"start":{"line":24,"column":4},"end":{"line":24,"column":null}},"11":{"start":{"line":25,"column":4},"end":{"line":25,"column":null}},"12":{"start":{"line":26,"column":4},"end":{"line":26,"column":null}},"13":{"start":{"line":28,"column":2},"end":{"line":28,"column":null}},"14":{"start":{"line":47,"column":2},"end":{"line":51,"column":null}},"15":{"start":{"line":67,"column":25},"end":{"line":72,"column":23}},"16":{"start":{"line":74,"column":22},"end":{"line":74,"column":45}},"17":{"start":{"line":75,"column":2},"end":{"line":75,"column":null}},"18":{"start":{"line":78,"column":25},"end":{"line":95,"column":1}},"19":{"start":{"line":83,"column":28},"end":{"line":87,"column":16}},"20":{"start":{"line":89,"column":2},"end":{"line":93,"column":null}},"21":{"start":{"line":90,"column":4},"end":{"line":90,"column":null}},"22":{"start":{"line":91,"column":9},"end":{"line":93,"column":null}},"23":{"start":{"line":92,"column":4},"end":{"line":92,"column":null}},"24":{"start":{"line":94,"column":2},"end":{"line":94,"column":null}},"25":{"start":{"line":99,"column":27},"end":{"line":101,"column":45}},"26":{"start":{"line":102,"column":2},"end":{"line":102,"column":null}},"27":{"start":{"line":103,"column":2},"end":{"line":103,"column":null}},"28":{"start":{"line":104,"column":2},"end":{"line":104,"column":null}},"29":{"start":{"line":107,"column":29},"end":{"line":110,"column":1}},"30":{"start":{"line":108,"column":20},"end":{"line":108,"column":63}},"31":{"start":{"line":109,"column":2},"end":{"line":109,"column":null}}},"fnMap":{"0":{"name":"randomNumberBm","decl":{"start":{"line":12,"column":16},"end":{"line":12,"column":30}},"loc":{"start":{"line":12,"column":75},"end":{"line":29,"column":null}}},"1":{"name":"autoIncreaseAmount","decl":{"start":{"line":40,"column":16},"end":{"line":40,"column":34}},"loc":{"start":{"line":46,"column":10},"end":{"line":52,"column":null}}},"2":{"name":"calculateMedianTapCount","decl":{"start":{"line":62,"column":16},"end":{"line":62,"column":39}},"loc":{"start":{"line":66,"column":10},"end":{"line":76,"column":null}}},"3":{"name":"(anonymous_3)","decl":{"start":{"line":78,"column":25},"end":{"line":78,"column":null}},"loc":{"start":{"line":82,"column":14},"end":{"line":95,"column":1}}},"4":{"name":"calculateTotalReward","decl":{"start":{"line":98,"column":16},"end":{"line":98,"column":36}},"loc":{"start":{"line":98,"column":63},"end":{"line":105,"column":null}}},"5":{"name":"(anonymous_5)","decl":{"start":{"line":107,"column":29},"end":{"line":107,"column":30}},"loc":{"start":{"line":107,"column":48},"end":{"line":110,"column":1}}}},"branchMap":{"0":{"loc":{"start":{"line":12,"column":57},"end":{"line":12,"column":65}},"type":"default-arg","locations":[{"start":{"line":12,"column":64},"end":{"line":12,"column":65}}]},"1":{"loc":{"start":{"line":21,"column":2},"end":{"line":27,"column":null}},"type":"if","locations":[{"start":{"line":21,"column":2},"end":{"line":27,"column":null}},{"start":{"line":23,"column":9},"end":{"line":27,"column":null}}]},"2":{"loc":{"start":{"line":21,"column":6},"end":{"line":21,"column":24}},"type":"binary-expr","locations":[{"start":{"line":21,"column":6},"end":{"line":21,"column":14}},{"start":{"line":21,"column":17},"end":{"line":21,"column":24}}]},"3":{"loc":{"start":{"line":89,"column":2},"end":{"line":93,"column":null}},"type":"if","locations":[{"start":{"line":89,"column":2},"end":{"line":93,"column":null}},{"start":{"line":91,"column":9},"end":{"line":93,"column":null}}]},"4":{"loc":{"start":{"line":90,"column":11},"end":{"line":90,"column":75}},"type":"cond-expr","locations":[{"start":{"line":90,"column":31},"end":{"line":90,"column":68}},{"start":{"line":90,"column":70},"end":{"line":90,"column":75}}]},"5":{"loc":{"start":{"line":91,"column":9},"end":{"line":93,"column":null}},"type":"if","locations":[{"start":{"line":91,"column":9},"end":{"line":93,"column":null}}]},"6":{"loc":{"start":{"line":92,"column":11},"end":{"line":92,"column":72}},"type":"cond-expr","locations":[{"start":{"line":92,"column":31},"end":{"line":92,"column":66}},{"start":{"line":92,"column":68},"end":{"line":92,"column":72}}]}},"s":{"0":0,"1":0,"2":0,"3":0,"4":0,"5":0,"6":0,"7":0,"8":0,"9":0,"10":0,"11":0,"12":0,"13":0,"14":0,"15":0,"16":0,"17":0,"18":0,"19":0,"20":0,"21":0,"22":0,"23":0,"24":0,"25":0,"26":0,"27":0,"28":0,"29":0,"30":0,"31":0},"f":{"0":0,"1":0,"2":0,"3":0,"4":0,"5":0},"b":{"0":[0],"1":[0,0],"2":[0,0],"3":[0,0],"4":[0,0],"5":[0],"6":[0,0]}}
,"/Users/levigoldberg/Desktop/JC Lab/cognitive-apathy/src/validation.js": {"path":"/Users/levigoldberg/Desktop/JC Lab/cognitive-apathy/src/validation.js","statementMap":{"0":{"start":{"line":10,"column":38},"end":{"line":29,"column":1}},"1":{"start":{"line":11,"column":4},"end":{"line":28,"column":null}},"2":{"start":{"line":12,"column":8},"end":{"line":17,"column":null}},"3":{"start":{"line":13,"column":12},"end":{"line":13,"column":null}},"4":{"start":{"line":14,"column":12},"end":{"line":16,"column":null}},"5":{"start":{"line":14,"column":73},"end":{"line":14,"column":125}},"6":{"start":{"line":15,"column":16},"end":{"line":15,"column":null}},"7":{"start":{"line":20,"column":8},"end":{"line":22,"column":null}},"8":{"start":{"line":21,"column":12},"end":{"line":21,"column":null}},"9":{"start":{"line":23,"column":8},"end":{"line":27,"column":null}},"10":{"start":{"line":24,"column":12},"end":{"line":24,"column":null}},"11":{"start":{"line":25,"column":12},"end":{"line":25,"column":null}},"12":{"start":{"line":26,"column":12},"end":{"line":26,"column":null}},"13":{"start":{"line":30,"column":37},"end":{"line":64,"column":2}},"14":{"start":{"line":30,"column":95},"end":{"line":64,"column":1}},"15":{"start":{"line":40,"column":16},"end":{"line":40,"column":null}},"16":{"start":{"line":46,"column":16},"end":{"line":46,"column":null}},"17":{"start":{"line":47,"column":16},"end":{"line":47,"column":null}},"18":{"start":{"line":56,"column":16},"end":{"line":56,"column":null}},"19":{"start":{"line":65,"column":38},"end":{"line":78,"column":2}},"20":{"start":{"line":65,"column":59},"end":{"line":78,"column":1}},"21":{"start":{"line":69,"column":8},"end":{"line":71,"column":null}},"22":{"start":{"line":74,"column":8},"end":{"line":76,"column":null}},"23":{"start":{"line":75,"column":12},"end":{"line":75,"column":null}},"24":{"start":{"line":79,"column":35},"end":{"line":79,"column":143}},"25":{"start":{"line":79,"column":55},"end":{"line":79,"column":143}},"26":{"start":{"line":80,"column":37},"end":{"line":80,"column":147}},"27":{"start":{"line":80,"column":57},"end":{"line":80,"column":147}},"28":{"start":{"line":81,"column":35},"end":{"line":81,"column":143}},"29":{"start":{"line":81,"column":55},"end":{"line":81,"column":143}},"30":{"start":{"line":82,"column":36},"end":{"line":82,"column":151}},"31":{"start":{"line":82,"column":56},"end":{"line":82,"column":151}}},"fnMap":{"0":{"name":"(anonymous_0)","decl":{"start":{"line":10,"column":38},"end":{"line":10,"column":39}},"loc":{"start":{"line":10,"column":71},"end":{"line":29,"column":1}}},"1":{"name":"(anonymous_1)","decl":{"start":{"line":14,"column":61},"end":{"line":14,"column":70}},"loc":{"start":{"line":14,"column":73},"end":{"line":14,"column":125}}},"2":{"name":"(anonymous_2)","decl":{"start":{"line":30,"column":37},"end":{"line":30,"column":38}},"loc":{"start":{"line":30,"column":95},"end":{"line":64,"column":1}}},"3":{"name":"(anonymous_3)","decl":{"start":{"line":39,"column":32},"end":{"line":39,"column":41}},"loc":{"start":{"line":39,"column":44},"end":{"line":41,"column":13}}},"4":{"name":"(anonymous_4)","decl":{"start":{"line":45,"column":23},"end":{"line":45,"column":32}},"loc":{"start":{"line":45,"column":39},"end":{"line":48,"column":13}}},"5":{"name":"(anonymous_5)","decl":{"start":{"line":55,"column":34},"end":{"line":55,"column":43}},"loc":{"start":{"line":55,"column":46},"end":{"line":57,"column":13}}},"6":{"name":"(anonymous_6)","decl":{"start":{"line":65,"column":38},"end":{"line":65,"column":39}},"loc":{"start":{"line":65,"column":59},"end":{"line":78,"column":1}}},"7":{"name":"(anonymous_7)","decl":{"start":{"line":68,"column":14},"end":{"line":68,"column":23}},"loc":{"start":{"line":68,"column":26},"end":{"line":72,"column":5}}},"8":{"name":"(anonymous_8)","decl":{"start":{"line":73,"column":15},"end":{"line":73,"column":24}},"loc":{"start":{"line":73,"column":27},"end":{"line":77,"column":5}}},"9":{"name":"(anonymous_9)","decl":{"start":{"line":79,"column":35},"end":{"line":79,"column":36}},"loc":{"start":{"line":79,"column":55},"end":{"line":79,"column":143}}},"10":{"name":"(anonymous_10)","decl":{"start":{"line":80,"column":37},"end":{"line":80,"column":38}},"loc":{"start":{"line":80,"column":57},"end":{"line":80,"column":147}}},"11":{"name":"(anonymous_11)","decl":{"start":{"line":81,"column":35},"end":{"line":81,"column":36}},"loc":{"start":{"line":81,"column":55},"end":{"line":81,"column":143}}},"12":{"name":"(anonymous_12)","decl":{"start":{"line":82,"column":36},"end":{"line":82,"column":37}},"loc":{"start":{"line":82,"column":56},"end":{"line":82,"column":151}}}},"branchMap":{"0":{"loc":{"start":{"line":11,"column":4},"end":{"line":28,"column":null}},"type":"if","locations":[{"start":{"line":11,"column":4},"end":{"line":28,"column":null}},{"start":{"line":19,"column":9},"end":{"line":28,"column":null}}]},"1":{"loc":{"start":{"line":12,"column":8},"end":{"line":17,"column":null}},"type":"if","locations":[{"start":{"line":12,"column":8},"end":{"line":17,"column":null}}]},"2":{"loc":{"start":{"line":14,"column":12},"end":{"line":16,"column":null}},"type":"if","locations":[{"start":{"line":14,"column":12},"end":{"line":16,"column":null}}]},"3":{"loc":{"start":{"line":20,"column":8},"end":{"line":22,"column":null}},"type":"if","locations":[{"start":{"line":20,"column":8},"end":{"line":22,"column":null}}]},"4":{"loc":{"start":{"line":23,"column":8},"end":{"line":27,"column":null}},"type":"if","locations":[{"start":{"line":23,"column":8},"end":{"line":27,"column":null}}]},"5":{"loc":{"start":{"line":69,"column":15},"end":{"line":71,"column":39}},"type":"cond-expr","locations":[{"start":{"line":70,"column":14},"end":{"line":70,"column":null}},{"start":{"line":71,"column":14},"end":{"line":71,"column":39}}]},"6":{"loc":{"start":{"line":74,"column":8},"end":{"line":76,"column":null}},"type":"if","locations":[{"start":{"line":74,"column":8},"end":{"line":76,"column":null}}]}},"s":{"0":0,"1":0,"2":0,"3":0,"4":0,"5":0,"6":0,"7":0,"8":0,"9":0,"10":0,"11":0,"12":0,"13":0,"14":0,"15":0,"16":0,"17":0,"18":0,"19":0,"20":0,"21":0,"22":0,"23":0,"24":0,"25":0,"26":0,"27":0,"28":0,"29":0,"30":0,"31":0},"f":{"0":0,"1":0,"2":0,"3":0,"4":0,"5":0,"6":0,"7":0,"8":0,"9":0,"10":0,"11":0,"12":0},"b":{"0":[0,0],"1":[0],"2":[0],"3":[0],"4":[0],"5":[0,0],"6":[0]}}
,"/Users/levigoldberg/Desktop/JC Lab/cognitive-apathy/src/validation.ts": {"path":"/Users/levigoldberg/Desktop/JC Lab/cognitive-apathy/src/validation.ts","statementMap":{"0":{"start":{"line":22,"column":38},"end":{"line":42,"column":1}},"1":{"start":{"line":23,"column":2},"end":{"line":41,"column":null}},"2":{"start":{"line":24,"column":4},"end":{"line":30,"column":null}},"3":{"start":{"line":25,"column":6},"end":{"line":25,"column":null}},"4":{"start":{"line":27,"column":6},"end":{"line":29,"column":null}},"5":{"start":{"line":27,"column":67},"end":{"line":27,"column":119}},"6":{"start":{"line":28,"column":8},"end":{"line":28,"column":null}},"7":{"start":{"line":32,"column":4},"end":{"line":34,"column":null}},"8":{"start":{"line":33,"column":6},"end":{"line":33,"column":null}},"9":{"start":{"line":36,"column":4},"end":{"line":40,"column":null}},"10":{"start":{"line":37,"column":6},"end":{"line":37,"column":null}},"11":{"start":{"line":38,"column":6},"end":{"line":38,"column":null}},"12":{"start":{"line":39,"column":6},"end":{"line":39,"column":null}},"13":{"start":{"line":44,"column":37},"end":{"line":90,"column":2}},"14":{"start":{"line":50,"column":6},"end":{"line":90,"column":1}},"15":{"start":{"line":60,"column":8},"end":{"line":66,"column":null}},"16":{"start":{"line":72,"column":8},"end":{"line":72,"column":null}},"17":{"start":{"line":73,"column":8},"end":{"line":73,"column":null}},"18":{"start":{"line":82,"column":8},"end":{"line":82,"column":null}},"19":{"start":{"line":92,"column":38},"end":{"line":105,"column":2}},"20":{"start":{"line":92,"column":75},"end":{"line":105,"column":1}},"21":{"start":{"line":96,"column":4},"end":{"line":98,"column":null}},"22":{"start":{"line":101,"column":4},"end":{"line":103,"column":null}},"23":{"start":{"line":102,"column":6},"end":{"line":102,"column":null}},"24":{"start":{"line":107,"column":35},"end":{"line":114,"column":3}},"25":{"start":{"line":108,"column":2},"end":{"line":114,"column":3}},"26":{"start":{"line":116,"column":37},"end":{"line":123,"column":3}},"27":{"start":{"line":117,"column":2},"end":{"line":123,"column":3}},"28":{"start":{"line":125,"column":35},"end":{"line":132,"column":3}},"29":{"start":{"line":126,"column":2},"end":{"line":132,"column":3}},"30":{"start":{"line":134,"column":36},"end":{"line":141,"column":3}},"31":{"start":{"line":135,"column":2},"end":{"line":141,"column":3}}},"fnMap":{"0":{"name":"(anonymous_0)","decl":{"start":{"line":22,"column":38},"end":{"line":22,"column":39}},"loc":{"start":{"line":22,"column":102},"end":{"line":42,"column":1}}},"1":{"name":"(anonymous_1)","decl":{"start":{"line":27,"column":55},"end":{"line":27,"column":64}},"loc":{"start":{"line":27,"column":67},"end":{"line":27,"column":119}}},"2":{"name":"(anonymous_2)","decl":{"start":{"line":44,"column":37},"end":{"line":44,"column":null}},"loc":{"start":{"line":50,"column":6},"end":{"line":90,"column":1}}},"3":{"name":"(anonymous_3)","decl":{"start":{"line":59,"column":26},"end":{"line":59,"column":35}},"loc":{"start":{"line":59,"column":38},"end":{"line":67,"column":7}}},"4":{"name":"(anonymous_4)","decl":{"start":{"line":71,"column":17},"end":{"line":71,"column":26}},"loc":{"start":{"line":71,"column":49},"end":{"line":74,"column":7}}},"5":{"name":"(anonymous_5)","decl":{"start":{"line":81,"column":28},"end":{"line":81,"column":37}},"loc":{"start":{"line":81,"column":40},"end":{"line":83,"column":7}}},"6":{"name":"(anonymous_6)","decl":{"start":{"line":92,"column":38},"end":{"line":92,"column":39}},"loc":{"start":{"line":92,"column":75},"end":{"line":105,"column":1}}},"7":{"name":"(anonymous_7)","decl":{"start":{"line":95,"column":12},"end":{"line":95,"column":21}},"loc":{"start":{"line":95,"column":24},"end":{"line":99,"column":3}}},"8":{"name":"(anonymous_8)","decl":{"start":{"line":100,"column":13},"end":{"line":100,"column":22}},"loc":{"start":{"line":100,"column":25},"end":{"line":104,"column":3}}},"9":{"name":"(anonymous_9)","decl":{"start":{"line":107,"column":35},"end":{"line":107,"column":36}},"loc":{"start":{"line":108,"column":2},"end":{"line":114,"column":3}}},"10":{"name":"(anonymous_10)","decl":{"start":{"line":116,"column":37},"end":{"line":116,"column":38}},"loc":{"start":{"line":117,"column":2},"end":{"line":123,"column":3}}},"11":{"name":"(anonymous_11)","decl":{"start":{"line":125,"column":35},"end":{"line":125,"column":36}},"loc":{"start":{"line":126,"column":2},"end":{"line":132,"column":3}}},"12":{"name":"(anonymous_12)","decl":{"start":{"line":134,"column":36},"end":{"line":134,"column":37}},"loc":{"start":{"line":135,"column":2},"end":{"line":141,"column":3}}}},"branchMap":{"0":{"loc":{"start":{"line":23,"column":2},"end":{"line":41,"column":null}},"type":"if","locations":[{"start":{"line":23,"column":2},"end":{"line":41,"column":null}},{"start":{"line":31,"column":9},"end":{"line":41,"column":null}}]},"1":{"loc":{"start":{"line":24,"column":4},"end":{"line":30,"column":null}},"type":"if","locations":[{"start":{"line":24,"column":4},"end":{"line":30,"column":null}}]},"2":{"loc":{"start":{"line":27,"column":6},"end":{"line":29,"column":null}},"type":"if","locations":[{"start":{"line":27,"column":6},"end":{"line":29,"column":null}}]},"3":{"loc":{"start":{"line":32,"column":4},"end":{"line":34,"column":null}},"type":"if","locations":[{"start":{"line":32,"column":4},"end":{"line":34,"column":null}}]},"4":{"loc":{"start":{"line":36,"column":4},"end":{"line":40,"column":null}},"type":"if","locations":[{"start":{"line":36,"column":4},"end":{"line":40,"column":null}}]},"5":{"loc":{"start":{"line":96,"column":11},"end":{"line":98,"column":33}},"type":"cond-expr","locations":[{"start":{"line":97,"column":8},"end":{"line":97,"column":null}},{"start":{"line":98,"column":8},"end":{"line":98,"column":33}}]},"6":{"loc":{"start":{"line":101,"column":4},"end":{"line":103,"column":null}},"type":"if","locations":[{"start":{"line":101,"column":4},"end":{"line":103,"column":null}}]}},"s":{"0":0,"1":0,"2":0,"3":0,"4":0,"5":0,"6":0,"7":0,"8":0,"9":0,"10":0,"11":0,"12":0,"13":0,"14":0,"15":0,"16":0,"17":0,"18":0,"19":0,"20":0,"21":0,"22":0,"23":0,"24":0,"25":0,"26":0,"27":0,"28":0,"29":0,"30":0,"31":0},"f":{"0":0,"1":0,"2":0,"3":0,"4":0,"5":0,"6":0,"7":0,"8":0,"9":0,"10":0,"11":0,"12":0},"b":{"0":[0,0],"1":[0],"2":[0],"3":[0],"4":[0],"5":[0,0],"6":[0]}}
}
