TN:
SF:src/calibration.js
FN:9,(anonymous_0)
FN:19,(anonymous_1)
FN:28,(anonymous_2)
FN:33,(anonymous_3)
FN:61,(anonymous_4)
FN:70,(anonymous_5)
FN:90,(anonymous_6)
FN:96,(anonymous_7)
FN:122,(anonymous_8)
FN:142,(anonymous_9)
FN:153,(anonymous_10)
FN:164,(anonymous_11)
FN:170,(anonymous_12)
FN:181,(anonymous_13)
FNF:14
FNH:0
FNDA:0,(anonymous_0)
FNDA:0,(anonymous_1)
FNDA:0,(anonymous_2)
FNDA:0,(anonymous_3)
FNDA:0,(anonymous_4)
FNDA:0,(anonymous_5)
FNDA:0,(anonymous_6)
FNDA:0,(anonymous_7)
FNDA:0,(anonymous_8)
FNDA:0,(anonymous_9)
FNDA:0,(anonymous_10)
FNDA:0,(anonymous_11)
FNDA:0,(anonymous_12)
FNDA:0,(anonymous_13)
DA:9,0
DA:10,0
DA:20,0
DA:21,0
DA:29,0
DA:31,0
DA:34,0
DA:36,0
DA:38,0
DA:40,0
DA:42,0
DA:43,0
DA:46,0
DA:48,0
DA:50,0
DA:52,0
DA:53,0
DA:62,0
DA:72,0
DA:75,0
DA:78,0
DA:79,0
DA:80,0
DA:90,0
DA:91,0
DA:98,0
DA:99,0
DA:102,0
DA:104,0
DA:105,0
DA:123,0
DA:124,0
DA:125,0
DA:128,0
DA:130,0
DA:131,0
DA:132,0
DA:133,0
DA:136,0
DA:143,0
DA:144,0
DA:146,0
DA:147,0
DA:153,0
DA:164,0
DA:170,0
DA:181,0
LF:47
LH:0
BRDA:34,0,0,0
BRDA:34,1,0,0
BRDA:34,1,1,0
BRDA:36,2,0,0
BRDA:36,2,1,0
BRDA:42,3,0,0
BRDA:46,4,0,0
BRDA:52,5,0,0
BRDA:72,6,0,0
BRDA:72,6,1,0
BRDA:75,7,0,0
BRDA:75,7,1,0
BRDA:98,8,0,0
BRDA:98,8,1,0
BRDA:123,9,0,0
BRDA:123,9,1,0
BRDA:124,10,0,0
BRDA:124,10,1,0
BRDA:130,11,0,0
BRDA:132,12,0,0
BRDA:132,12,1,0
BRDA:143,13,0,0
BRDA:143,13,1,0
BRDA:146,14,0,0
BRF:24
BRH:0
end_of_record
TN:
SF:src/calibration.ts
FN:31,(anonymous_0)
FN:48,(anonymous_1)
FN:62,(anonymous_2)
FN:71,(anonymous_3)
FN:107,(anonymous_4)
FN:116,(anonymous_5)
FN:145,(anonymous_6)
FN:156,(anonymous_7)
FN:181,(anonymous_8)
FN:196,(anonymous_9)
FN:208,(anonymous_10)
FN:221,(anonymous_11)
FN:232,(anonymous_12)
FN:245,(anonymous_13)
FNF:14
FNH:0
FNDA:0,(anonymous_0)
FNDA:0,(anonymous_1)
FNDA:0,(anonymous_2)
FNDA:0,(anonymous_3)
FNDA:0,(anonymous_4)
FNDA:0,(anonymous_5)
FNDA:0,(anonymous_6)
FNDA:0,(anonymous_7)
FNDA:0,(anonymous_8)
FNDA:0,(anonymous_9)
FNDA:0,(anonymous_10)
FNDA:0,(anonymous_11)
FNDA:0,(anonymous_12)
FNDA:0,(anonymous_13)
DA:31,0
DA:39,0
DA:49,0
DA:50,0
DA:63,0
DA:69,0
DA:72,0
DA:74,0
DA:76,0
DA:78,0
DA:84,0
DA:85,0
DA:87,0
DA:89,0
DA:91,0
DA:97,0
DA:98,0
DA:108,0
DA:119,0
DA:124,0
DA:128,0
DA:129,0
DA:132,0
DA:145,0
DA:151,0
DA:158,0
DA:159,0
DA:161,0
DA:163,0
DA:164,0
DA:182,0
DA:183,0
DA:184,0
DA:185,0
DA:186,0
DA:187,0
DA:188,0
DA:189,0
DA:190,0
DA:197,0
DA:198,0
DA:199,0
DA:200,0
DA:208,0
DA:209,0
DA:221,0
DA:225,0
DA:232,0
DA:233,0
DA:245,0
DA:249,0
LF:51
LH:0
BRDA:72,0,0,0
BRDA:72,1,0,0
BRDA:72,1,1,0
BRDA:74,2,0,0
BRDA:74,2,1,0
BRDA:84,3,0,0
BRDA:87,4,0,0
BRDA:97,5,0,0
BRDA:119,6,0,0
BRDA:119,6,1,0
BRDA:124,7,0,0
BRDA:124,7,1,0
BRDA:158,8,0,0
BRDA:158,8,1,0
BRDA:182,9,0,0
BRDA:182,9,1,0
BRDA:183,10,0,0
BRDA:183,10,1,0
BRDA:186,11,0,0
BRDA:188,12,0,0
BRDA:188,12,1,0
BRDA:197,13,0,0
BRDA:197,13,1,0
BRDA:199,14,0,0
BRF:24
BRH:0
end_of_record
TN:
SF:src/constants.js
FN:36,(anonymous_0)
FN:78,(anonymous_1)
FNF:2
FNH:0
FNDA:0,(anonymous_0)
FNDA:0,(anonymous_1)
DA:3,0
DA:4,0
DA:5,0
DA:6,0
DA:7,0
DA:8,0
DA:9,0
DA:10,0
DA:11,0
DA:12,0
DA:13,0
DA:14,0
DA:15,0
DA:16,0
DA:17,0
DA:18,0
DA:19,0
DA:20,0
DA:21,0
DA:22,0
DA:24,0
DA:25,0
DA:26,0
DA:27,0
DA:28,0
DA:29,0
DA:30,0
DA:31,0
DA:32,0
DA:33,0
DA:36,0
DA:40,0
DA:41,0
DA:42,0
DA:43,0
DA:44,0
DA:45,0
DA:46,0
DA:48,0
DA:49,0
DA:50,0
DA:56,0
DA:62,0
DA:63,0
DA:64,0
DA:65,0
DA:66,0
DA:67,0
DA:68,0
DA:69,0
DA:70,0
DA:71,0
DA:76,0
DA:77,0
DA:78,0
DA:79,0
DA:80,0
DA:86,0
DA:89,0
DA:92,0
DA:98,0
DA:101,0
DA:102,0
DA:103,0
DA:104,0
DA:105,0
DA:106,0
DA:107,0
DA:108,0
DA:109,0
DA:110,0
DA:111,0
DA:118,0
DA:123,0
LF:74
LH:0
BRF:0
BRH:0
end_of_record
TN:
SF:src/constants.ts
FN:45,(anonymous_0)
FN:91,(anonymous_1)
FNF:2
FNH:0
FNDA:0,(anonymous_0)
FNDA:0,(anonymous_1)
DA:4,0
DA:5,0
DA:7,0
DA:8,0
DA:9,0
DA:10,0
DA:11,0
DA:12,0
DA:13,0
DA:15,0
DA:16,0
DA:17,0
DA:18,0
DA:20,0
DA:21,0
DA:22,0
DA:23,0
DA:25,0
DA:26,0
DA:28,0
DA:30,0
DA:31,0
DA:33,0
DA:34,0
DA:36,0
DA:37,0
DA:38,0
DA:40,0
DA:41,0
DA:42,0
DA:45,0
DA:49,0
DA:53,0
DA:54,0
DA:55,0
DA:56,0
DA:57,0
DA:58,0
DA:61,0
DA:62,0
DA:63,0
DA:69,0
DA:75,0
DA:76,0
DA:77,0
DA:78,0
DA:79,0
DA:80,0
DA:81,0
DA:82,0
DA:83,0
DA:84,0
DA:89,0
DA:90,0
DA:91,0
DA:92,0
DA:94,0
DA:95,0
DA:101,0
DA:104,0
DA:107,0
DA:113,0
DA:116,0
DA:117,0
DA:118,0
DA:119,0
DA:120,0
DA:121,0
DA:122,0
DA:123,0
DA:124,0
DA:125,0
DA:126,0
DA:133,0
DA:138,0
LF:75
LH:0
BRF:0
BRH:0
end_of_record
TN:
SF:src/countdown.js
FN:46,(anonymous_0)
FN:49,(anonymous_1)
FN:52,(anonymous_2)
FN:78,(anonymous_3)
FN:88,(anonymous_4)
FN:98,(anonymous_5)
FN:102,(anonymous_6)
FN:103,(anonymous_7)
FN:118,(anonymous_8)
FN:128,(anonymous_9)
FN:135,(anonymous_10)
FN:143,(anonymous_11)
FN:155,(anonymous_12)
FN:160,(anonymous_13)
FN:172,(anonymous_14)
FNF:15
FNH:0
FNDA:0,(anonymous_0)
FNDA:0,(anonymous_1)
FNDA:0,(anonymous_2)
FNDA:0,(anonymous_3)
FNDA:0,(anonymous_4)
FNDA:0,(anonymous_5)
FNDA:0,(anonymous_6)
FNDA:0,(anonymous_7)
FNDA:0,(anonymous_8)
FNDA:0,(anonymous_9)
FNDA:0,(anonymous_10)
FNDA:0,(anonymous_11)
FNDA:0,(anonymous_12)
FNDA:0,(anonymous_13)
FNDA:0,(anonymous_14)
DA:6,0
DA:47,0
DA:50,0
DA:51,0
DA:52,0
DA:53,0
DA:54,0
DA:58,0
DA:59,0
DA:60,0
DA:61,0
DA:62,0
DA:63,0
DA:64,0
DA:65,0
DA:66,0
DA:67,0
DA:68,0
DA:69,0
DA:70,0
DA:71,0
DA:72,0
DA:73,0
DA:74,0
DA:75,0
DA:76,0
DA:78,0
DA:79,0
DA:80,0
DA:81,0
DA:82,0
DA:83,0
DA:84,0
DA:88,0
DA:89,0
DA:90,0
DA:91,0
DA:92,0
DA:93,0
DA:94,0
DA:98,0
DA:99,0
DA:102,0
DA:103,0
DA:104,0
DA:105,0
DA:106,0
DA:107,0
DA:109,0
DA:110,0
DA:111,0
DA:112,0
DA:113,0
DA:114,0
DA:115,0
DA:118,0
DA:119,0
DA:120,0
DA:121,0
DA:122,0
DA:124,0
DA:125,0
DA:128,0
DA:129,0
DA:130,0
DA:131,0
DA:132,0
DA:135,0
DA:136,0
DA:137,0
DA:138,0
DA:139,0
DA:142,0
DA:143,0
DA:144,0
DA:145,0
DA:146,0
DA:147,0
DA:148,0
DA:151,0
DA:155,0
DA:156,0
DA:157,0
DA:158,0
DA:160,0
DA:161,0
DA:162,0
DA:163,0
DA:168,0
DA:169,0
DA:170,0
DA:172,0
DA:173,0
DA:175,0
DA:176,0
DA:177,0
DA:180,0
LF:97
LH:0
BRDA:52,0,0,0
BRDA:52,0,1,0
BRDA:68,1,0,0
BRDA:80,2,0,0
BRDA:80,3,0,0
BRDA:80,3,1,0
BRDA:83,4,0,0
BRDA:91,5,0,0
BRDA:91,6,0,0
BRDA:91,6,1,0
BRDA:103,7,0,0
BRDA:103,7,1,0
BRDA:104,8,0,0
BRDA:104,8,1,0
BRDA:104,9,0,0
BRDA:104,9,1,0
BRDA:109,10,0,0
BRDA:109,11,0,0
BRDA:109,11,1,0
BRDA:120,12,0,0
BRDA:120,13,0,0
BRDA:120,13,1,0
BRDA:124,14,0,0
BRDA:130,15,0,0
BRDA:130,16,0,0
BRDA:130,16,1,0
BRDA:145,17,0,0
BRDA:145,17,1,0
BRF:28
BRH:0
end_of_record
TN:
SF:src/countdown.ts
FN:58,(anonymous_0)
FN:62,(anonymous_1)
FN:67,(anonymous_2)
FN:100,(anonymous_3)
FN:111,(anonymous_4)
FN:122,(anonymous_5)
FN:127,(anonymous_6)
FN:129,(anonymous_7)
FN:145,(anonymous_8)
FN:156,(anonymous_9)
FN:164,(anonymous_10)
FN:175,(anonymous_11)
FN:187,(anonymous_12)
FN:193,(anonymous_13)
FN:208,(anonymous_14)
FNF:15
FNH:0
FNDA:0,(anonymous_0)
FNDA:0,(anonymous_1)
FNDA:0,(anonymous_2)
FNDA:0,(anonymous_3)
FNDA:0,(anonymous_4)
FNDA:0,(anonymous_5)
FNDA:0,(anonymous_6)
FNDA:0,(anonymous_7)
FNDA:0,(anonymous_8)
FNDA:0,(anonymous_9)
FNDA:0,(anonymous_10)
FNDA:0,(anonymous_11)
FNDA:0,(anonymous_12)
FNDA:0,(anonymous_13)
FNDA:0,(anonymous_14)
DA:17,0
DA:59,0
DA:63,0
DA:65,0
DA:66,0
DA:67,0
DA:70,0
DA:71,0
DA:76,0
DA:77,0
DA:78,0
DA:79,0
DA:81,0
DA:82,0
DA:83,0
DA:85,0
DA:86,0
DA:87,0
DA:89,0
DA:90,0
DA:91,0
DA:92,0
DA:93,0
DA:94,0
DA:95,0
DA:96,0
DA:97,0
DA:100,0
DA:101,0
DA:102,0
DA:103,0
DA:104,0
DA:105,0
DA:106,0
DA:111,0
DA:112,0
DA:113,0
DA:114,0
DA:115,0
DA:116,0
DA:117,0
DA:122,0
DA:123,0
DA:127,0
DA:128,0
DA:129,0
DA:131,0
DA:132,0
DA:133,0
DA:134,0
DA:135,0
DA:136,0
DA:137,0
DA:138,0
DA:139,0
DA:140,0
DA:141,0
DA:145,0
DA:146,0
DA:147,0
DA:148,0
DA:149,0
DA:151,0
DA:152,0
DA:156,0
DA:157,0
DA:158,0
DA:159,0
DA:160,0
DA:164,0
DA:165,0
DA:166,0
DA:167,0
DA:169,0
DA:173,0
DA:175,0
DA:176,0
DA:177,0
DA:178,0
DA:179,0
DA:180,0
DA:182,0
DA:187,0
DA:188,0
DA:189,0
DA:190,0
DA:193,0
DA:194,0
DA:195,0
DA:197,0
DA:203,0
DA:204,0
DA:205,0
DA:208,0
DA:209,0
DA:212,0
DA:213,0
DA:215,0
DA:219,0
LF:99
LH:0
BRDA:66,0,0,0
BRDA:66,0,1,0
BRDA:89,1,0,0
BRDA:102,2,0,0
BRDA:102,3,0,0
BRDA:102,3,1,0
BRDA:105,4,0,0
BRDA:114,5,0,0
BRDA:114,6,0,0
BRDA:114,6,1,0
BRDA:128,7,0,0
BRDA:128,7,1,0
BRDA:131,8,0,0
BRDA:131,8,1,0
BRDA:131,9,0,0
BRDA:131,9,1,0
BRDA:135,10,0,0
BRDA:135,11,0,0
BRDA:135,11,1,0
BRDA:147,12,0,0
BRDA:147,13,0,0
BRDA:147,13,1,0
BRDA:151,14,0,0
BRDA:158,15,0,0
BRDA:158,16,0,0
BRDA:158,16,1,0
BRDA:177,17,0,0
BRDA:177,17,1,0
BRF:28
BRH:0
end_of_record
TN:
SF:src/experiment.js
FN:34,run
FN:64,(anonymous_1)
FN:72,(anonymous_2)
FN:73,(anonymous_3)
FNF:4
FNH:0
FNDA:0,run
FNDA:0,(anonymous_1)
FNDA:0,(anonymous_2)
FNDA:0,(anonymous_3)
DA:10,0
DA:35,0
DA:36,0
DA:37,0
DA:42,0
DA:43,0
DA:44,0
DA:45,0
DA:47,0
DA:48,0
DA:51,0
DA:52,0
DA:53,0
DA:56,0
DA:59,0
DA:62,0
DA:65,0
DA:68,0
DA:71,0
DA:72,0
DA:73,0
DA:74,0
DA:77,0
DA:78,0
DA:79,0
LF:25
LH:0
BRDA:34,0,0,0
BRF:1
BRH:0
end_of_record
TN:
SF:src/experiment.ts
FN:61,run
FN:104,(anonymous_1)
FN:113,(anonymous_2)
FN:114,(anonymous_3)
FNF:4
FNH:0
FNDA:0,run
FNDA:0,(anonymous_1)
FNDA:0,(anonymous_2)
FNDA:0,(anonymous_3)
DA:36,0
DA:68,0
DA:70,0
DA:72,0
DA:78,0
DA:79,0
DA:81,0
DA:83,0
DA:86,0
DA:87,0
DA:90,0
DA:92,0
DA:93,0
DA:96,0
DA:99,0
DA:102,0
DA:105,0
DA:108,0
DA:112,0
DA:113,0
DA:114,0
DA:115,0
DA:119,0
DA:121,0
DA:123,0
LF:25
LH:0
BRDA:63,0,0,0
BRF:1
BRH:0
end_of_record
TN:
SF:src/finish.js
FN:5,(anonymous_0)
FN:8,(anonymous_1)
FN:15,(anonymous_2)
FN:23,(anonymous_3)
FN:29,(anonymous_4)
FN:36,(anonymous_5)
FNF:6
FNH:0
FNDA:0,(anonymous_0)
FNDA:0,(anonymous_1)
FNDA:0,(anonymous_2)
FNDA:0,(anonymous_3)
FNDA:0,(anonymous_4)
FNDA:0,(anonymous_5)
DA:5,0
DA:9,0
DA:10,0
DA:16,0
DA:17,0
DA:18,0
DA:19,0
DA:20,0
DA:23,0
DA:24,0
DA:25,0
DA:26,0
DA:27,0
DA:29,0
DA:37,0
DA:38,0
DA:39,0
LF:17
LH:0
BRF:0
BRH:0
end_of_record
TN:
SF:src/finish.ts
FN:7,(anonymous_0)
FN:10,(anonymous_1)
FN:17,(anonymous_2)
FN:26,(anonymous_3)
FN:33,(anonymous_4)
FN:40,(anonymous_5)
FNF:6
FNH:0
FNDA:0,(anonymous_0)
FNDA:0,(anonymous_1)
FNDA:0,(anonymous_2)
FNDA:0,(anonymous_3)
FNDA:0,(anonymous_4)
FNDA:0,(anonymous_5)
DA:7,0
DA:11,0
DA:12,0
DA:18,0
DA:19,0
DA:20,0
DA:21,0
DA:22,0
DA:26,0
DA:27,0
DA:28,0
DA:29,0
DA:30,0
DA:33,0
DA:41,0
DA:42,0
DA:43,0
LF:17
LH:0
BRF:0
BRH:0
end_of_record
TN:
SF:src/i18n.js
FNF:0
FNH:0
DA:6,0
DA:7,0
DA:8,0
LF:3
LH:0
BRDA:6,0,0,0
BRDA:6,0,1,0
BRF:2
BRH:0
end_of_record
TN:
SF:src/i18n.ts
FNF:0
FNH:0
DA:8,0
DA:9,0
DA:11,0
LF:3
LH:0
BRDA:8,0,0,0
BRDA:8,0,1,0
BRF:2
BRH:0
end_of_record
TN:
SF:src/keyboard.js
FN:3,createKeyboard
FN:23,(anonymous_1)
FN:27,(anonymous_2)
FN:35,(anonymous_3)
FNF:4
FNH:0
FNDA:0,createKeyboard
FNDA:0,(anonymous_1)
FNDA:0,(anonymous_2)
FNDA:0,(anonymous_3)
DA:4,0
DA:5,0
DA:6,0
DA:7,0
DA:8,0
DA:9,0
DA:10,0
DA:11,0
DA:12,0
DA:13,0
DA:14,0
DA:15,0
DA:16,0
DA:17,0
DA:18,0
DA:19,0
DA:20,0
DA:21,0
DA:22,0
DA:24,0
DA:25,0
DA:28,0
DA:29,0
DA:30,0
DA:34,0
DA:35,0
DA:36,0
DA:37,0
DA:38,0
DA:42,0
DA:43,0
LF:31
LH:0
BRDA:29,0,0,0
BRDA:29,1,0,0
BRDA:29,1,1,0
BRDA:37,2,0,0
BRDA:37,2,1,0
BRF:5
BRH:0
end_of_record
TN:
SF:src/keyboard.ts
FN:4,createKeyboard
FN:29,(anonymous_1)
FN:33,(anonymous_2)
FN:42,(anonymous_3)
FNF:4
FNH:0
FNDA:0,createKeyboard
FNDA:0,(anonymous_1)
FNDA:0,(anonymous_2)
FNDA:0,(anonymous_3)
DA:5,0
DA:7,0
DA:8,0
DA:9,0
DA:10,0
DA:11,0
DA:12,0
DA:13,0
DA:14,0
DA:16,0
DA:18,0
DA:19,0
DA:20,0
DA:21,0
DA:22,0
DA:23,0
DA:24,0
DA:26,0
DA:28,0
DA:30,0
DA:31,0
DA:34,0
DA:35,0
DA:40,0
DA:42,0
DA:43,0
DA:44,0
DA:46,0
DA:51,0
DA:53,0
LF:30
LH:0
BRDA:35,0,0,0
BRDA:35,1,0,0
BRDA:35,1,1,0
BRDA:44,2,0,0
BRDA:44,2,1,0
BRF:5
BRH:0
end_of_record
TN:
SF:src/likert.js
FNF:0
FNH:0
DA:4,0
DA:63,0
LF:2
LH:0
BRF:0
BRH:0
end_of_record
TN:
SF:src/likert.ts
FNF:0
FNH:0
DA:9,0
DA:69,0
LF:2
LH:0
BRF:0
BRH:0
end_of_record
TN:
SF:src/loading-bar.js
FN:4,(anonymous_0)
FN:8,(anonymous_1)
FN:9,(anonymous_2)
FN:12,(anonymous_3)
FN:23,(anonymous_4)
FN:40,(anonymous_5)
FNF:6
FNH:0
FNDA:0,(anonymous_0)
FNDA:0,(anonymous_1)
FNDA:0,(anonymous_2)
FNDA:0,(anonymous_3)
FNDA:0,(anonymous_4)
FNDA:0,(anonymous_5)
DA:4,0
DA:9,0
DA:10,0
DA:11,0
DA:12,0
DA:13,0
DA:14,0
DA:17,0
DA:18,0
DA:19,0
DA:23,0
DA:24,0
DA:25,0
DA:26,0
DA:28,0
DA:31,0
DA:32,0
DA:33,0
DA:34,0
DA:35,0
DA:36,0
DA:38,0
DA:41,0
DA:42,0
DA:43,0
LF:25
LH:0
BRDA:11,0,0,0
BRDA:11,0,1,0
BRDA:13,1,0,0
BRDA:13,1,1,0
BRDA:17,2,0,0
BRDA:25,3,0,0
BRDA:25,3,1,0
BRDA:28,4,0,0
BRDA:28,4,1,0
BRDA:32,5,0,0
BRDA:34,6,0,0
BRDA:42,7,0,0
BRF:12
BRH:0
end_of_record
TN:
SF:src/loading-bar.ts
FN:7,(anonymous_0)
FN:11,(anonymous_1)
FN:12,(anonymous_2)
FN:16,(anonymous_3)
FN:26,(anonymous_4)
FN:43,(anonymous_5)
FNF:6
FNH:0
FNDA:0,(anonymous_0)
FNDA:0,(anonymous_1)
FNDA:0,(anonymous_2)
FNDA:0,(anonymous_3)
FNDA:0,(anonymous_4)
FNDA:0,(anonymous_5)
DA:7,0
DA:12,0
DA:13,0
DA:14,0
DA:16,0
DA:17,0
DA:18,0
DA:20,0
DA:21,0
DA:26,0
DA:27,0
DA:28,0
DA:29,0
DA:31,0
DA:34,0
DA:35,0
DA:36,0
DA:38,0
DA:41,0
DA:44,0
DA:45,0
DA:46,0
LF:22
LH:0
BRDA:14,0,0,0
BRDA:14,0,1,0
BRDA:17,1,0,0
BRDA:17,1,1,0
BRDA:20,2,0,0
BRDA:28,3,0,0
BRDA:28,3,1,0
BRDA:31,4,0,0
BRDA:31,4,1,0
BRDA:35,5,0,0
BRDA:36,6,0,0
BRDA:45,7,0,0
BRF:12
BRH:0
end_of_record
TN:
SF:src/message-trials.js
FN:3,(anonymous_0)
FN:7,(anonymous_1)
FN:12,(anonymous_2)
FN:14,(anonymous_3)
FNF:4
FNH:0
FNDA:0,(anonymous_0)
FNDA:0,(anonymous_1)
FNDA:0,(anonymous_2)
FNDA:0,(anonymous_3)
DA:3,0
DA:8,0
DA:9,0
DA:12,0
DA:15,0
DA:16,0
DA:17,0
DA:20,0
LF:8
LH:0
BRDA:16,0,0,0
BRDA:16,0,1,0
BRF:2
BRH:0
end_of_record
TN:
SF:src/message-trials.ts
FN:16,(anonymous_0)
FN:20,(anonymous_1)
FN:26,(anonymous_2)
FN:28,(anonymous_3)
FNF:4
FNH:0
FNDA:0,(anonymous_0)
FNDA:0,(anonymous_1)
FNDA:0,(anonymous_2)
FNDA:0,(anonymous_3)
DA:16,0
DA:21,0
DA:22,0
DA:26,0
DA:29,0
DA:30,0
DA:31,0
DA:33,0
LF:8
LH:0
BRDA:30,0,0,0
BRDA:30,0,1,0
BRF:2
BRH:0
end_of_record
TN:
SF:src/release-keys.js
FN:31,(anonymous_0)
FN:34,(anonymous_1)
FN:36,(anonymous_2)
FN:41,(anonymous_3)
FN:47,(anonymous_4)
FN:52,(anonymous_5)
FN:58,(anonymous_6)
FNF:7
FNH:0
FNDA:0,(anonymous_0)
FNDA:0,(anonymous_1)
FNDA:0,(anonymous_2)
FNDA:0,(anonymous_3)
FNDA:0,(anonymous_4)
FNDA:0,(anonymous_5)
FNDA:0,(anonymous_6)
DA:4,0
DA:32,0
DA:35,0
DA:36,0
DA:37,0
DA:39,0
DA:40,0
DA:41,0
DA:42,0
DA:43,0
DA:44,0
DA:47,0
DA:48,0
DA:49,0
DA:52,0
DA:53,0
DA:54,0
DA:55,0
DA:58,0
DA:59,0
DA:60,0
DA:61,0
DA:62,0
DA:64,0
DA:65,0
DA:66,0
DA:69,0
LF:27
LH:0
BRDA:42,0,0,0
BRDA:48,1,0,0
BRDA:54,2,0,0
BRF:3
BRH:0
end_of_record
TN:
SF:src/release-keys.ts
FN:33,(anonymous_0)
FN:37,(anonymous_1)
FN:39,(anonymous_2)
FN:46,(anonymous_3)
FN:53,(anonymous_4)
FN:59,(anonymous_5)
FN:66,(anonymous_6)
FNF:7
FNH:0
FNDA:0,(anonymous_0)
FNDA:0,(anonymous_1)
FNDA:0,(anonymous_2)
FNDA:0,(anonymous_3)
FNDA:0,(anonymous_4)
FNDA:0,(anonymous_5)
FNDA:0,(anonymous_6)
DA:5,0
DA:34,0
DA:38,0
DA:39,0
DA:40,0
DA:42,0
DA:44,0
DA:46,0
DA:47,0
DA:48,0
DA:49,0
DA:53,0
DA:54,0
DA:55,0
DA:59,0
DA:60,0
DA:61,0
DA:62,0
DA:66,0
DA:67,0
DA:68,0
DA:69,0
DA:70,0
DA:73,0
DA:74,0
DA:75,0
DA:79,0
LF:27
LH:0
BRDA:47,0,0,0
BRDA:54,1,0,0
BRDA:61,2,0,0
BRF:3
BRH:0
end_of_record
TN:
SF:src/stimulus.js
FN:2,stimulus
FN:38,(anonymous_1)
FN:65,(anonymous_2)
FN:71,(anonymous_3)
FNF:4
FNH:0
FNDA:0,stimulus
FNDA:0,(anonymous_1)
FNDA:0,(anonymous_2)
FNDA:0,(anonymous_3)
DA:3,0
DA:13,0
DA:30,0
DA:38,0
DA:65,0
DA:66,0
DA:68,0
DA:69,0
DA:71,0
DA:82,0
DA:98,0
DA:113,0
LF:12
LH:0
BRDA:13,0,0,0
BRDA:13,0,1,0
BRF:2
BRH:0
end_of_record
TN:
SF:src/stimulus.ts
FN:10,stimulus
FN:55,(anonymous_1)
FN:83,(anonymous_2)
FN:90,(anonymous_3)
FNF:4
FNH:0
FNDA:0,stimulus
FNDA:0,(anonymous_1)
FNDA:0,(anonymous_2)
FNDA:0,(anonymous_3)
DA:17,0
DA:28,0
DA:46,0
DA:55,0
DA:83,0
DA:84,0
DA:86,0
DA:87,0
DA:90,0
DA:102,0
DA:119,0
DA:135,0
LF:12
LH:0
BRDA:28,0,0,0
BRDA:28,0,1,0
BRF:2
BRH:0
end_of_record
TN:
SF:src/task.js
FN:64,(anonymous_0)
FN:69,(anonymous_1)
FN:83,(anonymous_2)
FN:87,(anonymous_3)
FN:104,(anonymous_4)
FN:120,(anonymous_5)
FN:123,(anonymous_6)
FN:127,(anonymous_7)
FN:137,(anonymous_8)
FN:147,(anonymous_9)
FN:154,(anonymous_10)
FN:165,(anonymous_11)
FN:169,(anonymous_12)
FN:184,(anonymous_13)
FN:188,(anonymous_14)
FN:192,(anonymous_15)
FN:204,(anonymous_16)
FN:223,(anonymous_17)
FN:233,(anonymous_18)
FN:242,(anonymous_19)
FN:248,(anonymous_20)
FN:269,(anonymous_21)
FNF:22
FNH:0
FNDA:0,(anonymous_0)
FNDA:0,(anonymous_1)
FNDA:0,(anonymous_2)
FNDA:0,(anonymous_3)
FNDA:0,(anonymous_4)
FNDA:0,(anonymous_5)
FNDA:0,(anonymous_6)
FNDA:0,(anonymous_7)
FNDA:0,(anonymous_8)
FNDA:0,(anonymous_9)
FNDA:0,(anonymous_10)
FNDA:0,(anonymous_11)
FNDA:0,(anonymous_12)
FNDA:0,(anonymous_13)
FNDA:0,(anonymous_14)
FNDA:0,(anonymous_15)
FNDA:0,(anonymous_16)
FNDA:0,(anonymous_17)
FNDA:0,(anonymous_18)
FNDA:0,(anonymous_19)
FNDA:0,(anonymous_20)
FNDA:0,(anonymous_21)
DA:6,0
DA:65,0
DA:66,0
DA:67,0
DA:70,0
DA:71,0
DA:72,0
DA:73,0
DA:74,0
DA:75,0
DA:76,0
DA:77,0
DA:78,0
DA:79,0
DA:82,0
DA:83,0
DA:84,0
DA:85,0
DA:87,0
DA:88,0
DA:89,0
DA:90,0
DA:91,0
DA:92,0
DA:93,0
DA:94,0
DA:95,0
DA:96,0
DA:97,0
DA:99,0
DA:100,0
DA:101,0
DA:104,0
DA:105,0
DA:106,0
DA:107,0
DA:108,0
DA:109,0
DA:110,0
DA:112,0
DA:113,0
DA:114,0
DA:119,0
DA:120,0
DA:123,0
DA:124,0
DA:125,0
DA:127,0
DA:128,0
DA:129,0
DA:130,0
DA:131,0
DA:133,0
DA:134,0
DA:137,0
DA:138,0
DA:139,0
DA:140,0
DA:141,0
DA:143,0
DA:144,0
DA:145,0
DA:146,0
DA:147,0
DA:150,0
DA:154,0
DA:155,0
DA:156,0
DA:157,0
DA:158,0
DA:159,0
DA:160,0
DA:161,0
DA:162,0
DA:163,0
DA:164,0
DA:165,0
DA:166,0
DA:169,0
DA:170,0
DA:171,0
DA:172,0
DA:173,0
DA:174,0
DA:175,0
DA:176,0
DA:177,0
DA:178,0
DA:179,0
DA:180,0
DA:181,0
DA:182,0
DA:184,0
DA:185,0
DA:186,0
DA:188,0
DA:189,0
DA:190,0
DA:192,0
DA:193,0
DA:198,0
DA:199,0
DA:204,0
DA:205,0
DA:211,0
DA:213,0
DA:214,0
DA:215,0
DA:216,0
DA:217,0
DA:218,0
DA:219,0
DA:220,0
DA:221,0
DA:222,0
DA:223,0
DA:224,0
DA:225,0
DA:226,0
DA:227,0
DA:228,0
DA:229,0
DA:233,0
DA:234,0
DA:235,0
DA:236,0
DA:237,0
DA:238,0
DA:239,0
DA:242,0
DA:243,0
DA:246,0
DA:247,0
DA:248,0
DA:249,0
DA:250,0
DA:251,0
DA:252,0
DA:266,0
DA:267,0
DA:269,0
DA:270,0
DA:271,0
DA:272,0
LF:144
LH:0
BRDA:88,0,0,0
BRDA:90,1,0,0
BRDA:94,2,0,0
BRDA:96,3,0,0
BRDA:100,4,0,0
BRDA:105,5,0,0
BRDA:107,6,0,0
BRDA:107,6,1,0
BRDA:107,6,2,0
BRDA:109,7,0,0
BRDA:110,8,0,0
BRDA:110,8,1,0
BRDA:112,9,0,0
BRDA:123,10,0,0
BRDA:129,11,0,0
BRDA:129,11,1,0
BRDA:133,12,0,0
BRDA:133,13,0,0
BRDA:133,13,1,0
BRDA:133,13,2,0
BRDA:139,14,0,0
BRDA:139,14,1,0
BRDA:143,15,0,0
BRDA:143,16,0,0
BRDA:143,16,1,0
BRDA:146,17,0,0
BRDA:146,17,1,0
BRDA:146,18,0,0
BRDA:146,18,1,0
BRDA:158,19,0,0
BRDA:169,20,0,0
BRDA:170,21,0,0
BRDA:193,22,0,0
BRDA:193,22,1,0
BRDA:193,22,2,0
BRDA:193,22,3,0
BRDA:198,23,0,0
BRDA:214,24,0,0
BRDA:225,25,0,0
BRDA:225,26,0,0
BRDA:225,26,1,0
BRDA:228,27,0,0
BRDA:236,28,0,0
BRDA:236,29,0,0
BRDA:236,29,1,0
BRF:45
BRH:0
end_of_record
TN:
SF:src/task.ts
FN:77,(anonymous_0)
FN:83,(anonymous_1)
FN:98,(anonymous_2)
FN:103,(anonymous_3)
FN:122,(anonymous_4)
FN:139,(anonymous_5)
FN:143,(anonymous_6)
FN:148,(anonymous_7)
FN:158,(anonymous_8)
FN:167,(anonymous_9)
FN:174,(anonymous_10)
FN:185,(anonymous_11)
FN:190,(anonymous_12)
FN:213,(anonymous_13)
FN:221,(anonymous_14)
FN:226,(anonymous_15)
FN:242,(anonymous_16)
FN:271,(anonymous_17)
FN:282,(anonymous_18)
FN:292,(anonymous_19)
FN:300,(anonymous_20)
FN:324,(anonymous_21)
FNF:22
FNH:0
FNDA:0,(anonymous_0)
FNDA:0,(anonymous_1)
FNDA:0,(anonymous_2)
FNDA:0,(anonymous_3)
FNDA:0,(anonymous_4)
FNDA:0,(anonymous_5)
FNDA:0,(anonymous_6)
FNDA:0,(anonymous_7)
FNDA:0,(anonymous_8)
FNDA:0,(anonymous_9)
FNDA:0,(anonymous_10)
FNDA:0,(anonymous_11)
FNDA:0,(anonymous_12)
FNDA:0,(anonymous_13)
FNDA:0,(anonymous_14)
FNDA:0,(anonymous_15)
FNDA:0,(anonymous_16)
FNDA:0,(anonymous_17)
FNDA:0,(anonymous_18)
FNDA:0,(anonymous_19)
FNDA:0,(anonymous_20)
FNDA:0,(anonymous_21)
DA:17,0
DA:78,0
DA:79,0
DA:80,0
DA:84,0
DA:85,0
DA:86,0
DA:87,0
DA:88,0
DA:89,0
DA:90,0
DA:91,0
DA:92,0
DA:93,0
DA:96,0
DA:98,0
DA:99,0
DA:100,0
DA:103,0
DA:104,0
DA:105,0
DA:106,0
DA:107,0
DA:109,0
DA:110,0
DA:111,0
DA:112,0
DA:113,0
DA:114,0
DA:116,0
DA:117,0
DA:118,0
DA:122,0
DA:123,0
DA:125,0
DA:126,0
DA:128,0
DA:129,0
DA:131,0
DA:132,0
DA:133,0
DA:138,0
DA:139,0
DA:143,0
DA:144,0
DA:145,0
DA:148,0
DA:149,0
DA:150,0
DA:151,0
DA:152,0
DA:153,0
DA:154,0
DA:158,0
DA:159,0
DA:160,0
DA:161,0
DA:162,0
DA:163,0
DA:164,0
DA:165,0
DA:166,0
DA:167,0
DA:169,0
DA:174,0
DA:175,0
DA:176,0
DA:177,0
DA:178,0
DA:179,0
DA:180,0
DA:181,0
DA:182,0
DA:184,0
DA:185,0
DA:186,0
DA:190,0
DA:191,0
DA:192,0
DA:193,0
DA:194,0
DA:195,0
DA:196,0
DA:197,0
DA:198,0
DA:199,0
DA:201,0
DA:209,0
DA:210,0
DA:213,0
DA:214,0
DA:218,0
DA:221,0
DA:222,0
DA:223,0
DA:226,0
DA:227,0
DA:235,0
DA:236,0
DA:242,0
DA:243,0
DA:250,0
DA:253,0
DA:261,0
DA:262,0
DA:263,0
DA:264,0
DA:265,0
DA:266,0
DA:267,0
DA:268,0
DA:269,0
DA:271,0
DA:272,0
DA:273,0
DA:274,0
DA:275,0
DA:276,0
DA:277,0
DA:282,0
DA:283,0
DA:284,0
DA:285,0
DA:286,0
DA:287,0
DA:288,0
DA:292,0
DA:293,0
DA:297,0
DA:298,0
DA:300,0
DA:301,0
DA:302,0
DA:303,0
DA:305,0
DA:320,0
DA:321,0
DA:324,0
DA:325,0
DA:326,0
DA:327,0
LF:141
LH:0
BRDA:104,0,0,0
BRDA:106,1,0,0
BRDA:111,2,0,0
BRDA:113,3,0,0
BRDA:117,4,0,0
BRDA:123,5,0,0
BRDA:125,6,0,0
BRDA:125,6,1,0
BRDA:125,6,2,0
BRDA:128,7,0,0
BRDA:129,8,0,0
BRDA:129,8,1,0
BRDA:131,9,0,0
BRDA:143,10,0,0
BRDA:150,11,0,0
BRDA:150,11,1,0
BRDA:153,12,0,0
BRDA:153,13,0,0
BRDA:153,13,1,0
BRDA:153,13,2,0
BRDA:160,14,0,0
BRDA:160,14,1,0
BRDA:163,15,0,0
BRDA:163,16,0,0
BRDA:163,16,1,0
BRDA:166,17,0,0
BRDA:166,17,1,0
BRDA:166,18,0,0
BRDA:166,18,1,0
BRDA:178,19,0,0
BRDA:190,20,0,0
BRDA:191,21,0,0
BRDA:228,22,0,0
BRDA:228,22,1,0
BRDA:228,22,2,0
BRDA:228,22,3,0
BRDA:235,23,0,0
BRDA:261,24,0,0
BRDA:273,25,0,0
BRDA:273,26,0,0
BRDA:273,26,1,0
BRDA:276,27,0,0
BRDA:285,28,0,0
BRDA:285,29,0,0
BRDA:285,29,1,0
BRF:45
BRH:0
end_of_record
TN:
SF:src/trials.js
FN:17,(anonymous_0)
FN:25,(anonymous_1)
FN:39,(anonymous_2)
FN:49,(anonymous_3)
FN:54,(anonymous_4)
FN:66,(anonymous_5)
FN:73,(anonymous_6)
FN:86,(anonymous_7)
FN:99,(anonymous_8)
FN:101,(anonymous_9)
FN:109,(anonymous_10)
FN:114,(anonymous_11)
FN:122,(anonymous_12)
FN:139,(anonymous_13)
FN:145,(anonymous_14)
FN:155,(anonymous_15)
FN:161,(anonymous_16)
FN:170,(anonymous_17)
FN:175,(anonymous_18)
FN:179,(anonymous_19)
FN:183,(anonymous_20)
FN:199,createRewardDisplayTrial
FN:203,(anonymous_22)
FN:210,(anonymous_23)
FN:217,(anonymous_24)
FN:336,(anonymous_25)
FNF:26
FNH:0
FNDA:0,(anonymous_0)
FNDA:0,(anonymous_1)
FNDA:0,(anonymous_2)
FNDA:0,(anonymous_3)
FNDA:0,(anonymous_4)
FNDA:0,(anonymous_5)
FNDA:0,(anonymous_6)
FNDA:0,(anonymous_7)
FNDA:0,(anonymous_8)
FNDA:0,(anonymous_9)
FNDA:0,(anonymous_10)
FNDA:0,(anonymous_11)
FNDA:0,(anonymous_12)
FNDA:0,(anonymous_13)
FNDA:0,(anonymous_14)
FNDA:0,(anonymous_15)
FNDA:0,(anonymous_16)
FNDA:0,(anonymous_17)
FNDA:0,(anonymous_18)
FNDA:0,(anonymous_19)
FNDA:0,(anonymous_20)
FNDA:0,createRewardDisplayTrial
FNDA:0,(anonymous_22)
FNDA:0,(anonymous_23)
FNDA:0,(anonymous_24)
FNDA:0,(anonymous_25)
DA:11,0
DA:17,0
DA:18,0
DA:19,0
DA:20,0
DA:21,0
DA:25,0
DA:40,0
DA:41,0
DA:50,0
DA:52,0
DA:56,0
DA:57,0
DA:59,0
DA:60,0
DA:67,0
DA:74,0
DA:79,0
DA:87,0
DA:88,0
DA:95,0
DA:97,0
DA:99,0
DA:101,0
DA:107,0
DA:108,0
DA:109,0
DA:115,0
DA:124,0
DA:125,0
DA:140,0
DA:146,0
DA:151,0
DA:156,0
DA:158,0
DA:159,0
DA:162,0
DA:171,0
DA:175,0
DA:179,0
DA:183,0
DA:196,0
DA:200,0
DA:204,0
DA:205,0
DA:211,0
DA:212,0
DA:217,0
DA:336,0
LF:49
LH:0
BRDA:17,0,0,0
BRDA:19,1,0,0
BRDA:56,2,0,0
BRDA:59,3,0,0
BRDA:59,4,0,0
BRDA:59,4,1,0
BRDA:59,4,2,0
BRDA:79,5,0,0
BRDA:79,5,1,0
BRDA:95,6,0,0
BRDA:151,7,0,0
BRDA:151,7,1,0
BRF:12
BRH:0
end_of_record
TN:
SF:src/trials.ts
FN:43,(anonymous_0)
FN:60,(anonymous_1)
FN:74,(anonymous_2)
FN:90,(anonymous_3)
FN:99,(anonymous_4)
FN:111,(anonymous_5)
FN:118,(anonymous_6)
FN:131,(anonymous_7)
FN:148,(anonymous_8)
FN:151,(anonymous_9)
FN:164,(anonymous_10)
FN:169,(anonymous_11)
FN:177,(anonymous_12)
FN:197,(anonymous_13)
FN:209,(anonymous_14)
FN:219,(anonymous_15)
FN:229,(anonymous_16)
FN:238,(anonymous_17)
FN:243,(anonymous_18)
FN:247,(anonymous_19)
FN:251,(anonymous_20)
FN:270,createRewardDisplayTrial
FN:274,(anonymous_22)
FN:281,(anonymous_23)
FN:289,(anonymous_24)
FN:409,(anonymous_25)
FNF:26
FNH:0
FNDA:0,(anonymous_0)
FNDA:0,(anonymous_1)
FNDA:0,(anonymous_2)
FNDA:0,(anonymous_3)
FNDA:0,(anonymous_4)
FNDA:0,(anonymous_5)
FNDA:0,(anonymous_6)
FNDA:0,(anonymous_7)
FNDA:0,(anonymous_8)
FNDA:0,(anonymous_9)
FNDA:0,(anonymous_10)
FNDA:0,(anonymous_11)
FNDA:0,(anonymous_12)
FNDA:0,(anonymous_13)
FNDA:0,(anonymous_14)
FNDA:0,(anonymous_15)
FNDA:0,(anonymous_16)
FNDA:0,(anonymous_17)
FNDA:0,(anonymous_18)
FNDA:0,(anonymous_19)
FNDA:0,(anonymous_20)
FNDA:0,createRewardDisplayTrial
FNDA:0,(anonymous_22)
FNDA:0,(anonymous_23)
FNDA:0,(anonymous_24)
FNDA:0,(anonymous_25)
DA:27,0
DA:43,0
DA:51,0
DA:53,0
DA:54,0
DA:56,0
DA:60,0
DA:75,0
DA:76,0
DA:91,0
DA:97,0
DA:101,0
DA:102,0
DA:104,0
DA:105,0
DA:112,0
DA:119,0
DA:124,0
DA:132,0
DA:133,0
DA:142,0
DA:144,0
DA:148,0
DA:149,0
DA:151,0
DA:161,0
DA:162,0
DA:164,0
DA:170,0
DA:179,0
DA:183,0
DA:198,0
DA:210,0
DA:215,0
DA:220,0
DA:226,0
DA:227,0
DA:230,0
DA:239,0
DA:243,0
DA:247,0
DA:251,0
DA:266,0
DA:271,0
DA:275,0
DA:276,0
DA:282,0
DA:283,0
DA:289,0
DA:409,0
DA:410,0
LF:51
LH:0
BRDA:47,0,0,0
BRDA:53,1,0,0
BRDA:101,2,0,0
BRDA:104,3,0,0
BRDA:104,4,0,0
BRDA:104,4,1,0
BRDA:104,4,2,0
BRDA:124,5,0,0
BRDA:124,5,1,0
BRDA:142,6,0,0
BRDA:215,7,0,0
BRDA:215,7,1,0
BRF:12
BRH:0
end_of_record
TN:
SF:src/tutorial.js
FN:18,(anonymous_0)
FN:21,(anonymous_1)
FN:33,(anonymous_2)
FN:48,(anonymous_3)
FN:50,(anonymous_4)
FN:61,(anonymous_5)
FN:63,(anonymous_6)
FN:74,(anonymous_7)
FN:76,(anonymous_8)
FN:81,(anonymous_9)
FN:89,(anonymous_10)
FN:98,(anonymous_11)
FN:104,(anonymous_12)
FN:120,(anonymous_13)
FNF:14
FNH:0
FNDA:0,(anonymous_0)
FNDA:0,(anonymous_1)
FNDA:0,(anonymous_2)
FNDA:0,(anonymous_3)
FNDA:0,(anonymous_4)
FNDA:0,(anonymous_5)
FNDA:0,(anonymous_6)
FNDA:0,(anonymous_7)
FNDA:0,(anonymous_8)
FNDA:0,(anonymous_9)
FNDA:0,(anonymous_10)
FNDA:0,(anonymous_11)
FNDA:0,(anonymous_12)
FNDA:0,(anonymous_13)
DA:10,0
DA:18,0
DA:22,0
DA:25,0
DA:26,0
DA:34,0
DA:35,0
DA:38,0
DA:42,0
DA:48,0
DA:52,0
DA:55,0
DA:61,0
DA:65,0
DA:68,0
DA:74,0
DA:78,0
DA:81,0
DA:91,0
DA:93,0
DA:99,0
DA:104,0
DA:121,0
DA:122,0
DA:123,0
DA:129,0
LF:26
LH:0
BRDA:34,0,0,0
BRDA:34,0,1,0
BRDA:129,1,0,0
BRDA:129,1,1,0
BRDA:129,1,2,0
BRF:5
BRH:0
end_of_record
TN:
SF:src/tutorial.ts
FN:35,(anonymous_0)
FN:38,(anonymous_1)
FN:51,(anonymous_2)
FN:69,(anonymous_3)
FN:71,(anonymous_4)
FN:84,(anonymous_5)
FN:86,(anonymous_6)
FN:99,(anonymous_7)
FN:101,(anonymous_8)
FN:107,(anonymous_9)
FN:115,(anonymous_10)
FN:128,(anonymous_11)
FN:135,(anonymous_12)
FN:151,(anonymous_13)
FNF:14
FNH:0
FNDA:0,(anonymous_0)
FNDA:0,(anonymous_1)
FNDA:0,(anonymous_2)
FNDA:0,(anonymous_3)
FNDA:0,(anonymous_4)
FNDA:0,(anonymous_5)
FNDA:0,(anonymous_6)
FNDA:0,(anonymous_7)
FNDA:0,(anonymous_8)
FNDA:0,(anonymous_9)
FNDA:0,(anonymous_10)
FNDA:0,(anonymous_11)
FNDA:0,(anonymous_12)
FNDA:0,(anonymous_13)
DA:26,0
DA:35,0
DA:39,0
DA:43,0
DA:44,0
DA:54,0
DA:55,0
DA:57,0
DA:62,0
DA:69,0
DA:73,0
DA:77,0
DA:84,0
DA:88,0
DA:92,0
DA:99,0
DA:103,0
DA:107,0
DA:117,0
DA:123,0
DA:129,0
DA:135,0
DA:152,0
DA:157,0
DA:158,0
DA:164,0
LF:26
LH:0
BRDA:54,0,0,0
BRDA:54,0,1,0
BRDA:164,1,0,0
BRDA:164,1,1,0
BRDA:164,1,2,0
BRF:5
BRH:0
end_of_record
TN:
SF:src/utils.js
FN:9,randomNumberBm
FN:38,autoIncreaseAmount
FN:51,calculateMedianTapCount
FN:61,(anonymous_3)
FN:76,calculateTotalReward
FN:84,(anonymous_5)
FNF:6
FNH:0
FNDA:0,randomNumberBm
FNDA:0,autoIncreaseAmount
FNDA:0,calculateMedianTapCount
FNDA:0,(anonymous_3)
FNDA:0,calculateTotalReward
FNDA:0,(anonymous_5)
DA:10,0
DA:11,0
DA:13,0
DA:14,0
DA:15,0
DA:16,0
DA:17,0
DA:18,0
DA:19,0
DA:20,0
DA:23,0
DA:24,0
DA:25,0
DA:27,0
DA:39,0
DA:52,0
DA:58,0
DA:59,0
DA:61,0
DA:62,0
DA:67,0
DA:68,0
DA:70,0
DA:71,0
DA:73,0
DA:77,0
DA:80,0
DA:81,0
DA:82,0
DA:84,0
DA:85,0
DA:86,0
LF:32
LH:0
BRDA:9,0,0,0
BRDA:19,1,0,0
BRDA:19,1,1,0
BRDA:19,2,0,0
BRDA:19,2,1,0
BRDA:67,3,0,0
BRDA:67,3,1,0
BRDA:68,4,0,0
BRDA:68,4,1,0
BRDA:70,5,0,0
BRDA:71,6,0,0
BRDA:71,6,1,0
BRF:12
BRH:0
end_of_record
TN:
SF:src/utils.ts
FN:12,randomNumberBm
FN:40,autoIncreaseAmount
FN:62,calculateMedianTapCount
FN:78,(anonymous_3)
FN:98,calculateTotalReward
FN:107,(anonymous_5)
FNF:6
FNH:0
FNDA:0,randomNumberBm
FNDA:0,autoIncreaseAmount
FNDA:0,calculateMedianTapCount
FNDA:0,(anonymous_3)
FNDA:0,calculateTotalReward
FNDA:0,(anonymous_5)
DA:13,0
DA:14,0
DA:16,0
DA:17,0
DA:18,0
DA:20,0
DA:21,0
DA:22,0
DA:24,0
DA:25,0
DA:26,0
DA:28,0
DA:47,0
DA:67,0
DA:74,0
DA:75,0
DA:78,0
DA:83,0
DA:89,0
DA:90,0
DA:91,0
DA:92,0
DA:94,0
DA:99,0
DA:102,0
DA:103,0
DA:104,0
DA:107,0
DA:108,0
DA:109,0
LF:30
LH:0
BRDA:12,0,0,0
BRDA:21,1,0,0
BRDA:21,1,1,0
BRDA:21,2,0,0
BRDA:21,2,1,0
BRDA:89,3,0,0
BRDA:89,3,1,0
BRDA:90,4,0,0
BRDA:90,4,1,0
BRDA:91,5,0,0
BRDA:92,6,0,0
BRDA:92,6,1,0
BRF:12
BRH:0
end_of_record
TN:
SF:src/validation.js
FN:10,(anonymous_0)
FN:14,(anonymous_1)
FN:30,(anonymous_2)
FN:39,(anonymous_3)
FN:45,(anonymous_4)
FN:55,(anonymous_5)
FN:65,(anonymous_6)
FN:68,(anonymous_7)
FN:73,(anonymous_8)
FN:79,(anonymous_9)
FN:80,(anonymous_10)
FN:81,(anonymous_11)
FN:82,(anonymous_12)
FNF:13
FNH:0
FNDA:0,(anonymous_0)
FNDA:0,(anonymous_1)
FNDA:0,(anonymous_2)
FNDA:0,(anonymous_3)
FNDA:0,(anonymous_4)
FNDA:0,(anonymous_5)
FNDA:0,(anonymous_6)
FNDA:0,(anonymous_7)
FNDA:0,(anonymous_8)
FNDA:0,(anonymous_9)
FNDA:0,(anonymous_10)
FNDA:0,(anonymous_11)
FNDA:0,(anonymous_12)
DA:10,0
DA:11,0
DA:12,0
DA:13,0
DA:14,0
DA:15,0
DA:20,0
DA:21,0
DA:23,0
DA:24,0
DA:25,0
DA:26,0
DA:30,0
DA:40,0
DA:46,0
DA:47,0
DA:56,0
DA:65,0
DA:69,0
DA:74,0
DA:75,0
DA:79,0
DA:80,0
DA:81,0
DA:82,0
LF:25
LH:0
BRDA:11,0,0,0
BRDA:11,0,1,0
BRDA:12,1,0,0
BRDA:14,2,0,0
BRDA:20,3,0,0
BRDA:23,4,0,0
BRDA:69,5,0,0
BRDA:69,5,1,0
BRDA:74,6,0,0
BRF:9
BRH:0
end_of_record
TN:
SF:src/validation.ts
FN:22,(anonymous_0)
FN:27,(anonymous_1)
FN:44,(anonymous_2)
FN:59,(anonymous_3)
FN:71,(anonymous_4)
FN:81,(anonymous_5)
FN:92,(anonymous_6)
FN:95,(anonymous_7)
FN:100,(anonymous_8)
FN:107,(anonymous_9)
FN:116,(anonymous_10)
FN:125,(anonymous_11)
FN:134,(anonymous_12)
FNF:13
FNH:0
FNDA:0,(anonymous_0)
FNDA:0,(anonymous_1)
FNDA:0,(anonymous_2)
FNDA:0,(anonymous_3)
FNDA:0,(anonymous_4)
FNDA:0,(anonymous_5)
FNDA:0,(anonymous_6)
FNDA:0,(anonymous_7)
FNDA:0,(anonymous_8)
FNDA:0,(anonymous_9)
FNDA:0,(anonymous_10)
FNDA:0,(anonymous_11)
FNDA:0,(anonymous_12)
DA:22,0
DA:23,0
DA:24,0
DA:25,0
DA:27,0
DA:28,0
DA:32,0
DA:33,0
DA:36,0
DA:37,0
DA:38,0
DA:39,0
DA:44,0
DA:50,0
DA:60,0
DA:72,0
DA:73,0
DA:82,0
DA:92,0
DA:96,0
DA:101,0
DA:102,0
DA:107,0
DA:108,0
DA:116,0
DA:117,0
DA:125,0
DA:126,0
DA:134,0
DA:135,0
LF:30
LH:0
BRDA:23,0,0,0
BRDA:23,0,1,0
BRDA:24,1,0,0
BRDA:27,2,0,0
BRDA:32,3,0,0
BRDA:36,4,0,0
BRDA:96,5,0,0
BRDA:96,5,1,0
BRDA:101,6,0,0
BRF:9
BRH:0
end_of_record
